#
# A fatal error has been detected by the Java Runtime Environment:
#
#  EXCEPTION_ACCESS_VIOLATION (0xc0000005) at pc=0x00007ffa4c5de26a, pid=12480, tid=23140
#
# JRE version: Java(TM) SE Runtime Environment (13.0.1+9) (build 13.0.1+9)
# Java VM: Java HotSpot(TM) 64-Bit Server VM (13.0.1+9, mixed mode, sharing, tiered, compressed oops, g1 gc, windows-amd64)
# Problematic frame:
# C  [lwjgl_opengl.dll+0xe26a]
#
# No core dump will be written. Minidumps are not enabled by default on client versions of Windows
#
# If you would like to submit a bug report, please visit:
#   http://bugreport.java.com/bugreport/crash.jsp
# The crash happened outside the Java Virtual Machine in native code.
# See problematic frame for where to report the bug.
#

---------------  S U M M A R Y ------------

Command Line: -agentlib:jdwp=transport=dt_socket,suspend=y,address=localhost:52379 -javaagent:C:\Users\ndrew\eclipse\java-2019-09\eclipse\configuration\org.eclipse.osgi\229\0\.cp\lib\javaagent-shaded.jar -Dfile.encoding=Cp1252 main.Main

Host: AMD Ryzen 5 1600X Six-Core Processor           , 12 cores, 15G,  Windows 10 , 64 bit Build 17134 (10.0.17134.753)
Time: Mon Apr 13 00:27:47 2020 Eastern Daylight Time elapsed time: 0 seconds (0d 0h 0m 0s)

---------------  T H R E A D  ---------------

Current thread (0x00000187b7a4e000):  JavaThread "main" [_thread_in_native, id=23140, stack(0x0000002db6a00000,0x0000002db6b00000)]

Stack: [0x0000002db6a00000,0x0000002db6b00000],  sp=0x0000002db6afefd8,  free space=1019k
Native frames: (J=compiled Java code, j=interpreted, Vv=VM code, C=native code)
C  [lwjgl_opengl.dll+0xe26a]

Java frames: (J=compiled Java code, j=interpreted, Vv=VM code)
j  org.lwjgl.opengl.GL11.glClear(I)V+0
j  texture.Renderer.<init>()V+7
j  main.Main.<init>()V+30
j  main.Main.main([Ljava/lang/String;)V+4
v  ~StubRoutines::call_stub

siginfo: EXCEPTION_ACCESS_VIOLATION (0xc0000005), reading address 0x0000000000000350


Register to memory mapping:

RIP=0x00007ffa4c5de26a lwjgl_opengl.dll
RAX=0x00007ffa4ad5e850 jvm.dll
RBX={method} {0x00000187dbe31b30} 'glClear' '(I)V' in 'org/lwjgl/opengl/GL11'
RCX=0x0000000000004000 is an unknown value
RDX=0x0 is NULL
RSP=0x0000002db6afefd8 is pointing into the stack for thread: 0x00000187b7a4e000
RBP=0x0000002db6aff058 is pointing into the stack for thread: 0x00000187b7a4e000
RSI=0x0 is NULL
RDI=0x0000000000000001 is an unknown value
R8 =0x0000000000004000 is an unknown value
R9 =0x0000000000000002 is an unknown value
R10=0x00000187bff660e7 is at code_begin+1959 in an Interpreter codelet
method entry point (kind = native)  [0x00000187bff65940, 0x00000187bff66ce0]  5024 bytes
R11=0x0000000710b4b2f8 is an oop: java.lang.Class 
{0x0000000710b4b2f8} - klass: 'java/lang/Class'
R12=0x0 is NULL
R13={method} {0x00000187dbe31b30} 'glClear' '(I)V' in 'org/lwjgl/opengl/GL11'
R14=0x0000002db6aff078 is pointing into the stack for thread: 0x00000187b7a4e000
R15=0x00000187b7a4e000 is a thread


Registers:
RAX=0x00007ffa4ad5e850, RBX=0x00000187dbe31b28, RCX=0x0000000000004000, RDX=0x0000000000000000
RSP=0x0000002db6afefd8, RBP=0x0000002db6aff058, RSI=0x0000000000000000, RDI=0x0000000000000001
R8 =0x0000000000004000, R9 =0x0000000000000002, R10=0x00000187bff660e7, R11=0x0000000710b4b2f8
R12=0x0000000000000000, R13=0x00000187dbe31b28, R14=0x0000002db6aff078, R15=0x00000187b7a4e000
RIP=0x00007ffa4c5de26a, EFLAGS=0x0000000000010206

Top of Stack: (sp=0x0000002db6afefd8)
0x0000002db6afefd8:   00000187bff66116 00000187dbe31b28
0x0000002db6afefe8:   0000000000000000 0000000000000000
0x0000002db6afeff8:   00007ffa4a5a76b8 00000187dbe17498
0x0000002db6aff008:   00000187bff659f6 0000002db6aff010
0x0000002db6aff018:   00000187dbe31b28 0000002db6aff078
0x0000002db6aff028:   00000187dbe60040 0000000000000000
0x0000002db6aff038:   0000000710b4b2f8 00000187dbe31b28
0x0000002db6aff048:   0000000000000000 0000002db6aff078
0x0000002db6aff058:   0000002db6aff0c8 00000187bff5cdb8
0x0000002db6aff068:   0000000710b4b2f8 00000187bff61018
0x0000002db6aff078:   0000000000004000 0000002db6aff080
0x0000002db6aff088:   00000187dbe17357 0000002db6aff0d8
0x0000002db6aff098:   00000187dbe25378 0000000000000000
0x0000002db6aff0a8:   0000000710cfc838 00000187dbe17498
0x0000002db6aff0b8:   0000002db6aff078 0000002db6aff0d8
0x0000002db6aff0c8:   0000002db6aff138 00000187bff5cdb8 

Instructions: (pc=0x00007ffa4c5de26a)
0x00007ffa4c5de16a:   ff e0 cc cc cc cc 48 8b 01 41 8b c8 48 8b 50 18
0x00007ffa4c5de17a:   48 ff 62 50 cc cc 48 8b 01 41 8b c8 48 8b 50 18
0x00007ffa4c5de18a:   48 ff 62 68 cc cc 48 8b 01 41 8b d1 41 8b c8 4c
0x00007ffa4c5de19a:   8b 50 18 49 ff a2 b0 01 00 00 cc cc cc cc cc cc
0x00007ffa4c5de1aa:   cc cc cc cc cc cc 48 8b 01 41 8b d1 f3 0f 10 44
0x00007ffa4c5de1ba:   24 40 41 8b c8 f3 0f 10 4c 24 38 f3 0f 10 5c 24
0x00007ffa4c5de1ca:   30 4c 8b 50 18 48 8b 44 24 48 f3 0f 10 54 24 28
0x00007ffa4c5de1da:   48 89 44 24 38 f3 0f 11 44 24 30 f3 0f 11 4c 24
0x00007ffa4c5de1ea:   28 49 ff a2 f0 01 00 00 cc cc cc cc cc cc cc cc
0x00007ffa4c5de1fa:   cc cc cc cc cc cc 48 8b 01 41 8b d1 41 8b c8 4c
0x00007ffa4c5de20a:   8b 50 18 49 ff a2 68 02 00 00 cc cc cc cc cc cc
0x00007ffa4c5de21a:   cc cc cc cc cc cc 48 8b 01 41 8b c8 48 8b 50 18
0x00007ffa4c5de22a:   48 ff a2 10 03 00 00 cc cc cc cc cc cc cc cc cc
0x00007ffa4c5de23a:   cc cc cc cc cc cc 48 8b 01 45 8b d8 4c 8b 44 24
0x00007ffa4c5de24a:   28 41 8b d1 41 8b cb 4c 8b 50 18 49 ff a2 18 03
0x00007ffa4c5de25a:   00 00 cc cc cc cc 48 8b 01 41 8b c8 48 8b 50 18
0x00007ffa4c5de26a:   48 ff a2 50 03 00 00 cc cc cc cc cc cc cc cc cc
0x00007ffa4c5de27a:   cc cc cc cc cc cc 48 8b 01 0f 28 cb f3 0f 10 5c
0x00007ffa4c5de28a:   24 30 0f 28 c2 f3 0f 10 54 24 28 48 8b 48 18 48
0x00007ffa4c5de29a:   ff a1 58 03 00 00 48 8b 01 0f 28 cb f3 0f 10 5c
0x00007ffa4c5de2aa:   24 30 0f 28 c2 f3 0f 10 54 24 28 48 8b 48 18 48
0x00007ffa4c5de2ba:   ff a1 90 03 00 00 48 8b 01 0f 28 c2 48 8b 48 18
0x00007ffa4c5de2ca:   48 ff a1 a8 03 00 00 cc cc cc cc cc cc cc cc cc
0x00007ffa4c5de2da:   cc cc cc cc cc cc 48 8b 01 0f 28 c2 48 8b 48 18
0x00007ffa4c5de2ea:   48 ff a1 c0 03 00 00 cc cc cc cc cc cc cc cc cc
0x00007ffa4c5de2fa:   cc cc cc cc cc cc 48 8b 01 41 8b c8 48 8b 50 18
0x00007ffa4c5de30a:   48 ff a2 08 04 00 00 cc cc cc cc cc cc cc cc cc
0x00007ffa4c5de31a:   cc cc cc cc cc cc 48 8b 01 49 8b d1 41 8b c8 4c
0x00007ffa4c5de32a:   8b 50 18 49 ff a2 48 04 00 00 cc cc cc cc cc cc
0x00007ffa4c5de33a:   cc cc cc cc cc cc 48 8b 01 45 0f b6 d8 44 0f b6
0x00007ffa4c5de34a:   44 24 28 41 0f b6 d1 41 0f b6 cb 4c 8b 50 18 49
0x00007ffa4c5de35a:   ff a2 50 04 00 00 48 8b 01 45 0f b7 d8 44 0f b7 


Stack slot to memory mapping:
stack at sp + 0 slots: 0x00000187bff66116 is at code_begin+2006 in an Interpreter codelet
method entry point (kind = native)  [0x00000187bff65940, 0x00000187bff66ce0]  5024 bytes
stack at sp + 1 slots: {method} {0x00000187dbe31b30} 'glClear' '(I)V' in 'org/lwjgl/opengl/GL11'
stack at sp + 2 slots: 0x0 is NULL
stack at sp + 3 slots: 0x0 is NULL
stack at sp + 4 slots: 0x00007ffa4a5a76b8 jvm.dll
stack at sp + 5 slots: {method} {0x00000187dbe174a0} '<init>' '()V' in 'texture/Renderer'
stack at sp + 6 slots: 0x00000187bff659f6 is at code_begin+182 in an Interpreter codelet
method entry point (kind = native)  [0x00000187bff65940, 0x00000187bff66ce0]  5024 bytes
stack at sp + 7 slots: 0x0000002db6aff010 is pointing into the stack for thread: 0x00000187b7a4e000


---------------  P R O C E S S  ---------------

Threads class SMR info:
_java_thread_list=0x00000187dca50970, length=14, elements={
0x00000187b7a4e000, 0x00000187db9f4000, 0x00000187db9f9800, 0x00000187dc295800,
0x00000187dc297800, 0x00000187dc298800, 0x00000187dc29f800, 0x00000187dc2b9000,
0x00000187dc280800, 0x00000187dc432800, 0x00000187dc43d000, 0x00000187dc43e000,
0x00000187dc5fb800, 0x00000187dca51000
}

Java Threads: ( => current thread )
=>0x00000187b7a4e000 JavaThread "main" [_thread_in_native, id=23140, stack(0x0000002db6a00000,0x0000002db6b00000)]
  0x00000187db9f4000 JavaThread "Reference Handler" daemon [_thread_blocked, id=19080, stack(0x0000002db7100000,0x0000002db7200000)]
  0x00000187db9f9800 JavaThread "Finalizer" daemon [_thread_blocked, id=19320, stack(0x0000002db7200000,0x0000002db7300000)]
  0x00000187dc295800 JavaThread "Signal Dispatcher" daemon [_thread_blocked, id=920, stack(0x0000002db7300000,0x0000002db7400000)]
  0x00000187dc297800 JavaThread "Attach Listener" daemon [_thread_blocked, id=17132, stack(0x0000002db7400000,0x0000002db7500000)]
  0x00000187dc298800 JavaThread "C2 CompilerThread0" daemon [_thread_blocked, id=16432, stack(0x0000002db7500000,0x0000002db7600000)]
  0x00000187dc29f800 JavaThread "C1 CompilerThread0" daemon [_thread_blocked, id=256, stack(0x0000002db7600000,0x0000002db7700000)]
  0x00000187dc2b9000 JavaThread "Sweeper thread" daemon [_thread_blocked, id=18624, stack(0x0000002db7700000,0x0000002db7800000)]
  0x00000187dc280800 JavaThread "Common-Cleaner" daemon [_thread_blocked, id=16396, stack(0x0000002db7800000,0x0000002db7900000)]
  0x00000187dc432800 JavaThread "JDWP Transport Listener: dt_socket" daemon [_thread_blocked, id=14028, stack(0x0000002db7a00000,0x0000002db7b00000)]
  0x00000187dc43d000 JavaThread "JDWP Event Helper Thread" daemon [_thread_blocked, id=2560, stack(0x0000002db7b00000,0x0000002db7c00000)]
  0x00000187dc43e000 JavaThread "JDWP Command Reader" daemon [_thread_in_native, id=21140, stack(0x0000002db7c00000,0x0000002db7d00000)]
  0x00000187dc5fb800 JavaThread "C2 CompilerThread1" daemon [_thread_blocked, id=9276, stack(0x0000002db7900000,0x0000002db7a00000)]
  0x00000187dca51000 JavaThread "Service Thread" daemon [_thread_blocked, id=14264, stack(0x0000002db7d00000,0x0000002db7e00000)]

Other Threads:
  0x00000187db9f2800 VMThread "VM Thread" [stack: 0x0000002db7000000,0x0000002db7100000] [id=9760]
  0x00000187dca52800 WatcherThread [stack: 0x0000002db7e00000,0x0000002db7f00000] [id=8884]
  0x00000187b7ab9000 GCTaskThread "GC Thread#0" [stack: 0x0000002db6b00000,0x0000002db6c00000] [id=22236]
  0x00000187b7adc800 ConcurrentGCThread "G1 Main Marker" [stack: 0x0000002db6c00000,0x0000002db6d00000] [id=11700]
  0x00000187b7add800 ConcurrentGCThread "G1 Conc#0" [stack: 0x0000002db6d00000,0x0000002db6e00000] [id=19060]
  0x00000187db8ed000 ConcurrentGCThread "G1 Refine#0" [stack: 0x0000002db6e00000,0x0000002db6f00000] [id=1956]
  0x00000187db8ee000 ConcurrentGCThread "G1 Young RemSet Sampling" [stack: 0x0000002db6f00000,0x0000002db7000000] [id=22560]

Threads with active compile tasks:

VM state:not at safepoint (normal execution)

VM Mutex/Monitor currently owned by a thread: None

Heap address: 0x0000000701000000, size: 4080 MB, Compressed Oops mode: Zero based, Oop shift amount: 3
Narrow klass base: 0x0000000800000000, Narrow klass shift: 3
Compressed class space size: 1073741824 Address: 0x0000000800b40000

Heap:
 garbage-first heap   total 262144K, used 5120K [0x0000000701000000, 0x0000000800000000)
  region size 1024K, 6 young (6144K), 0 survivors (0K)
 Metaspace       used 3686K, capacity 5361K, committed 5632K, reserved 1056768K
  class space    used 326K, capacity 470K, committed 512K, reserved 1048576K
Heap Regions: E=young(eden), S=young(survivor), O=old, HS=humongous(starts), HC=humongous(continues), CS=collection set, F=free, A=archive, TAMS=top-at-mark-start (previous, next)
|   0|0x0000000701000000, 0x0000000701000000, 0x0000000701100000|  0%| F|  |TAMS 0x0000000701000000, 0x0000000701000000| Untracked 
|   1|0x0000000701100000, 0x0000000701100000, 0x0000000701200000|  0%| F|  |TAMS 0x0000000701100000, 0x0000000701100000| Untracked 
|   2|0x0000000701200000, 0x0000000701200000, 0x0000000701300000|  0%| F|  |TAMS 0x0000000701200000, 0x0000000701200000| Untracked 
|   3|0x0000000701300000, 0x0000000701300000, 0x0000000701400000|  0%| F|  |TAMS 0x0000000701300000, 0x0000000701300000| Untracked 
|   4|0x0000000701400000, 0x0000000701400000, 0x0000000701500000|  0%| F|  |TAMS 0x0000000701400000, 0x0000000701400000| Untracked 
|   5|0x0000000701500000, 0x0000000701500000, 0x0000000701600000|  0%| F|  |TAMS 0x0000000701500000, 0x0000000701500000| Untracked 
|   6|0x0000000701600000, 0x0000000701600000, 0x0000000701700000|  0%| F|  |TAMS 0x0000000701600000, 0x0000000701600000| Untracked 
|   7|0x0000000701700000, 0x0000000701700000, 0x0000000701800000|  0%| F|  |TAMS 0x0000000701700000, 0x0000000701700000| Untracked 
|   8|0x0000000701800000, 0x0000000701800000, 0x0000000701900000|  0%| F|  |TAMS 0x0000000701800000, 0x0000000701800000| Untracked 
|   9|0x0000000701900000, 0x0000000701900000, 0x0000000701a00000|  0%| F|  |TAMS 0x0000000701900000, 0x0000000701900000| Untracked 
|  10|0x0000000701a00000, 0x0000000701a00000, 0x0000000701b00000|  0%| F|  |TAMS 0x0000000701a00000, 0x0000000701a00000| Untracked 
|  11|0x0000000701b00000, 0x0000000701b00000, 0x0000000701c00000|  0%| F|  |TAMS 0x0000000701b00000, 0x0000000701b00000| Untracked 
|  12|0x0000000701c00000, 0x0000000701c00000, 0x0000000701d00000|  0%| F|  |TAMS 0x0000000701c00000, 0x0000000701c00000| Untracked 
|  13|0x0000000701d00000, 0x0000000701d00000, 0x0000000701e00000|  0%| F|  |TAMS 0x0000000701d00000, 0x0000000701d00000| Untracked 
|  14|0x0000000701e00000, 0x0000000701e00000, 0x0000000701f00000|  0%| F|  |TAMS 0x0000000701e00000, 0x0000000701e00000| Untracked 
|  15|0x0000000701f00000, 0x0000000701f00000, 0x0000000702000000|  0%| F|  |TAMS 0x0000000701f00000, 0x0000000701f00000| Untracked 
|  16|0x0000000702000000, 0x0000000702000000, 0x0000000702100000|  0%| F|  |TAMS 0x0000000702000000, 0x0000000702000000| Untracked 
|  17|0x0000000702100000, 0x0000000702100000, 0x0000000702200000|  0%| F|  |TAMS 0x0000000702100000, 0x0000000702100000| Untracked 
|  18|0x0000000702200000, 0x0000000702200000, 0x0000000702300000|  0%| F|  |TAMS 0x0000000702200000, 0x0000000702200000| Untracked 
|  19|0x0000000702300000, 0x0000000702300000, 0x0000000702400000|  0%| F|  |TAMS 0x0000000702300000, 0x0000000702300000| Untracked 
|  20|0x0000000702400000, 0x0000000702400000, 0x0000000702500000|  0%| F|  |TAMS 0x0000000702400000, 0x0000000702400000| Untracked 
|  21|0x0000000702500000, 0x0000000702500000, 0x0000000702600000|  0%| F|  |TAMS 0x0000000702500000, 0x0000000702500000| Untracked 
|  22|0x0000000702600000, 0x0000000702600000, 0x0000000702700000|  0%| F|  |TAMS 0x0000000702600000, 0x0000000702600000| Untracked 
|  23|0x0000000702700000, 0x0000000702700000, 0x0000000702800000|  0%| F|  |TAMS 0x0000000702700000, 0x0000000702700000| Untracked 
|  24|0x0000000702800000, 0x0000000702800000, 0x0000000702900000|  0%| F|  |TAMS 0x0000000702800000, 0x0000000702800000| Untracked 
|  25|0x0000000702900000, 0x0000000702900000, 0x0000000702a00000|  0%| F|  |TAMS 0x0000000702900000, 0x0000000702900000| Untracked 
|  26|0x0000000702a00000, 0x0000000702a00000, 0x0000000702b00000|  0%| F|  |TAMS 0x0000000702a00000, 0x0000000702a00000| Untracked 
|  27|0x0000000702b00000, 0x0000000702b00000, 0x0000000702c00000|  0%| F|  |TAMS 0x0000000702b00000, 0x0000000702b00000| Untracked 
|  28|0x0000000702c00000, 0x0000000702c00000, 0x0000000702d00000|  0%| F|  |TAMS 0x0000000702c00000, 0x0000000702c00000| Untracked 
|  29|0x0000000702d00000, 0x0000000702d00000, 0x0000000702e00000|  0%| F|  |TAMS 0x0000000702d00000, 0x0000000702d00000| Untracked 
|  30|0x0000000702e00000, 0x0000000702e00000, 0x0000000702f00000|  0%| F|  |TAMS 0x0000000702e00000, 0x0000000702e00000| Untracked 
|  31|0x0000000702f00000, 0x0000000702f00000, 0x0000000703000000|  0%| F|  |TAMS 0x0000000702f00000, 0x0000000702f00000| Untracked 
|  32|0x0000000703000000, 0x0000000703000000, 0x0000000703100000|  0%| F|  |TAMS 0x0000000703000000, 0x0000000703000000| Untracked 
|  33|0x0000000703100000, 0x0000000703100000, 0x0000000703200000|  0%| F|  |TAMS 0x0000000703100000, 0x0000000703100000| Untracked 
|  34|0x0000000703200000, 0x0000000703200000, 0x0000000703300000|  0%| F|  |TAMS 0x0000000703200000, 0x0000000703200000| Untracked 
|  35|0x0000000703300000, 0x0000000703300000, 0x0000000703400000|  0%| F|  |TAMS 0x0000000703300000, 0x0000000703300000| Untracked 
|  36|0x0000000703400000, 0x0000000703400000, 0x0000000703500000|  0%| F|  |TAMS 0x0000000703400000, 0x0000000703400000| Untracked 
|  37|0x0000000703500000, 0x0000000703500000, 0x0000000703600000|  0%| F|  |TAMS 0x0000000703500000, 0x0000000703500000| Untracked 
|  38|0x0000000703600000, 0x0000000703600000, 0x0000000703700000|  0%| F|  |TAMS 0x0000000703600000, 0x0000000703600000| Untracked 
|  39|0x0000000703700000, 0x0000000703700000, 0x0000000703800000|  0%| F|  |TAMS 0x0000000703700000, 0x0000000703700000| Untracked 
|  40|0x0000000703800000, 0x0000000703800000, 0x0000000703900000|  0%| F|  |TAMS 0x0000000703800000, 0x0000000703800000| Untracked 
|  41|0x0000000703900000, 0x0000000703900000, 0x0000000703a00000|  0%| F|  |TAMS 0x0000000703900000, 0x0000000703900000| Untracked 
|  42|0x0000000703a00000, 0x0000000703a00000, 0x0000000703b00000|  0%| F|  |TAMS 0x0000000703a00000, 0x0000000703a00000| Untracked 
|  43|0x0000000703b00000, 0x0000000703b00000, 0x0000000703c00000|  0%| F|  |TAMS 0x0000000703b00000, 0x0000000703b00000| Untracked 
|  44|0x0000000703c00000, 0x0000000703c00000, 0x0000000703d00000|  0%| F|  |TAMS 0x0000000703c00000, 0x0000000703c00000| Untracked 
|  45|0x0000000703d00000, 0x0000000703d00000, 0x0000000703e00000|  0%| F|  |TAMS 0x0000000703d00000, 0x0000000703d00000| Untracked 
|  46|0x0000000703e00000, 0x0000000703e00000, 0x0000000703f00000|  0%| F|  |TAMS 0x0000000703e00000, 0x0000000703e00000| Untracked 
|  47|0x0000000703f00000, 0x0000000703f00000, 0x0000000704000000|  0%| F|  |TAMS 0x0000000703f00000, 0x0000000703f00000| Untracked 
|  48|0x0000000704000000, 0x0000000704000000, 0x0000000704100000|  0%| F|  |TAMS 0x0000000704000000, 0x0000000704000000| Untracked 
|  49|0x0000000704100000, 0x0000000704100000, 0x0000000704200000|  0%| F|  |TAMS 0x0000000704100000, 0x0000000704100000| Untracked 
|  50|0x0000000704200000, 0x0000000704200000, 0x0000000704300000|  0%| F|  |TAMS 0x0000000704200000, 0x0000000704200000| Untracked 
|  51|0x0000000704300000, 0x0000000704300000, 0x0000000704400000|  0%| F|  |TAMS 0x0000000704300000, 0x0000000704300000| Untracked 
|  52|0x0000000704400000, 0x0000000704400000, 0x0000000704500000|  0%| F|  |TAMS 0x0000000704400000, 0x0000000704400000| Untracked 
|  53|0x0000000704500000, 0x0000000704500000, 0x0000000704600000|  0%| F|  |TAMS 0x0000000704500000, 0x0000000704500000| Untracked 
|  54|0x0000000704600000, 0x0000000704600000, 0x0000000704700000|  0%| F|  |TAMS 0x0000000704600000, 0x0000000704600000| Untracked 
|  55|0x0000000704700000, 0x0000000704700000, 0x0000000704800000|  0%| F|  |TAMS 0x0000000704700000, 0x0000000704700000| Untracked 
|  56|0x0000000704800000, 0x0000000704800000, 0x0000000704900000|  0%| F|  |TAMS 0x0000000704800000, 0x0000000704800000| Untracked 
|  57|0x0000000704900000, 0x0000000704900000, 0x0000000704a00000|  0%| F|  |TAMS 0x0000000704900000, 0x0000000704900000| Untracked 
|  58|0x0000000704a00000, 0x0000000704a00000, 0x0000000704b00000|  0%| F|  |TAMS 0x0000000704a00000, 0x0000000704a00000| Untracked 
|  59|0x0000000704b00000, 0x0000000704b00000, 0x0000000704c00000|  0%| F|  |TAMS 0x0000000704b00000, 0x0000000704b00000| Untracked 
|  60|0x0000000704c00000, 0x0000000704c00000, 0x0000000704d00000|  0%| F|  |TAMS 0x0000000704c00000, 0x0000000704c00000| Untracked 
|  61|0x0000000704d00000, 0x0000000704d00000, 0x0000000704e00000|  0%| F|  |TAMS 0x0000000704d00000, 0x0000000704d00000| Untracked 
|  62|0x0000000704e00000, 0x0000000704e00000, 0x0000000704f00000|  0%| F|  |TAMS 0x0000000704e00000, 0x0000000704e00000| Untracked 
|  63|0x0000000704f00000, 0x0000000704f00000, 0x0000000705000000|  0%| F|  |TAMS 0x0000000704f00000, 0x0000000704f00000| Untracked 
|  64|0x0000000705000000, 0x0000000705000000, 0x0000000705100000|  0%| F|  |TAMS 0x0000000705000000, 0x0000000705000000| Untracked 
|  65|0x0000000705100000, 0x0000000705100000, 0x0000000705200000|  0%| F|  |TAMS 0x0000000705100000, 0x0000000705100000| Untracked 
|  66|0x0000000705200000, 0x0000000705200000, 0x0000000705300000|  0%| F|  |TAMS 0x0000000705200000, 0x0000000705200000| Untracked 
|  67|0x0000000705300000, 0x0000000705300000, 0x0000000705400000|  0%| F|  |TAMS 0x0000000705300000, 0x0000000705300000| Untracked 
|  68|0x0000000705400000, 0x0000000705400000, 0x0000000705500000|  0%| F|  |TAMS 0x0000000705400000, 0x0000000705400000| Untracked 
|  69|0x0000000705500000, 0x0000000705500000, 0x0000000705600000|  0%| F|  |TAMS 0x0000000705500000, 0x0000000705500000| Untracked 
|  70|0x0000000705600000, 0x0000000705600000, 0x0000000705700000|  0%| F|  |TAMS 0x0000000705600000, 0x0000000705600000| Untracked 
|  71|0x0000000705700000, 0x0000000705700000, 0x0000000705800000|  0%| F|  |TAMS 0x0000000705700000, 0x0000000705700000| Untracked 
|  72|0x0000000705800000, 0x0000000705800000, 0x0000000705900000|  0%| F|  |TAMS 0x0000000705800000, 0x0000000705800000| Untracked 
|  73|0x0000000705900000, 0x0000000705900000, 0x0000000705a00000|  0%| F|  |TAMS 0x0000000705900000, 0x0000000705900000| Untracked 
|  74|0x0000000705a00000, 0x0000000705a00000, 0x0000000705b00000|  0%| F|  |TAMS 0x0000000705a00000, 0x0000000705a00000| Untracked 
|  75|0x0000000705b00000, 0x0000000705b00000, 0x0000000705c00000|  0%| F|  |TAMS 0x0000000705b00000, 0x0000000705b00000| Untracked 
|  76|0x0000000705c00000, 0x0000000705c00000, 0x0000000705d00000|  0%| F|  |TAMS 0x0000000705c00000, 0x0000000705c00000| Untracked 
|  77|0x0000000705d00000, 0x0000000705d00000, 0x0000000705e00000|  0%| F|  |TAMS 0x0000000705d00000, 0x0000000705d00000| Untracked 
|  78|0x0000000705e00000, 0x0000000705e00000, 0x0000000705f00000|  0%| F|  |TAMS 0x0000000705e00000, 0x0000000705e00000| Untracked 
|  79|0x0000000705f00000, 0x0000000705f00000, 0x0000000706000000|  0%| F|  |TAMS 0x0000000705f00000, 0x0000000705f00000| Untracked 
|  80|0x0000000706000000, 0x0000000706000000, 0x0000000706100000|  0%| F|  |TAMS 0x0000000706000000, 0x0000000706000000| Untracked 
|  81|0x0000000706100000, 0x0000000706100000, 0x0000000706200000|  0%| F|  |TAMS 0x0000000706100000, 0x0000000706100000| Untracked 
|  82|0x0000000706200000, 0x0000000706200000, 0x0000000706300000|  0%| F|  |TAMS 0x0000000706200000, 0x0000000706200000| Untracked 
|  83|0x0000000706300000, 0x0000000706300000, 0x0000000706400000|  0%| F|  |TAMS 0x0000000706300000, 0x0000000706300000| Untracked 
|  84|0x0000000706400000, 0x0000000706400000, 0x0000000706500000|  0%| F|  |TAMS 0x0000000706400000, 0x0000000706400000| Untracked 
|  85|0x0000000706500000, 0x0000000706500000, 0x0000000706600000|  0%| F|  |TAMS 0x0000000706500000, 0x0000000706500000| Untracked 
|  86|0x0000000706600000, 0x0000000706600000, 0x0000000706700000|  0%| F|  |TAMS 0x0000000706600000, 0x0000000706600000| Untracked 
|  87|0x0000000706700000, 0x0000000706700000, 0x0000000706800000|  0%| F|  |TAMS 0x0000000706700000, 0x0000000706700000| Untracked 
|  88|0x0000000706800000, 0x0000000706800000, 0x0000000706900000|  0%| F|  |TAMS 0x0000000706800000, 0x0000000706800000| Untracked 
|  89|0x0000000706900000, 0x0000000706900000, 0x0000000706a00000|  0%| F|  |TAMS 0x0000000706900000, 0x0000000706900000| Untracked 
|  90|0x0000000706a00000, 0x0000000706a00000, 0x0000000706b00000|  0%| F|  |TAMS 0x0000000706a00000, 0x0000000706a00000| Untracked 
|  91|0x0000000706b00000, 0x0000000706b00000, 0x0000000706c00000|  0%| F|  |TAMS 0x0000000706b00000, 0x0000000706b00000| Untracked 
|  92|0x0000000706c00000, 0x0000000706c00000, 0x0000000706d00000|  0%| F|  |TAMS 0x0000000706c00000, 0x0000000706c00000| Untracked 
|  93|0x0000000706d00000, 0x0000000706d00000, 0x0000000706e00000|  0%| F|  |TAMS 0x0000000706d00000, 0x0000000706d00000| Untracked 
|  94|0x0000000706e00000, 0x0000000706e00000, 0x0000000706f00000|  0%| F|  |TAMS 0x0000000706e00000, 0x0000000706e00000| Untracked 
|  95|0x0000000706f00000, 0x0000000706f00000, 0x0000000707000000|  0%| F|  |TAMS 0x0000000706f00000, 0x0000000706f00000| Untracked 
|  96|0x0000000707000000, 0x0000000707000000, 0x0000000707100000|  0%| F|  |TAMS 0x0000000707000000, 0x0000000707000000| Untracked 
|  97|0x0000000707100000, 0x0000000707100000, 0x0000000707200000|  0%| F|  |TAMS 0x0000000707100000, 0x0000000707100000| Untracked 
|  98|0x0000000707200000, 0x0000000707200000, 0x0000000707300000|  0%| F|  |TAMS 0x0000000707200000, 0x0000000707200000| Untracked 
|  99|0x0000000707300000, 0x0000000707300000, 0x0000000707400000|  0%| F|  |TAMS 0x0000000707300000, 0x0000000707300000| Untracked 
| 100|0x0000000707400000, 0x0000000707400000, 0x0000000707500000|  0%| F|  |TAMS 0x0000000707400000, 0x0000000707400000| Untracked 
| 101|0x0000000707500000, 0x0000000707500000, 0x0000000707600000|  0%| F|  |TAMS 0x0000000707500000, 0x0000000707500000| Untracked 
| 102|0x0000000707600000, 0x0000000707600000, 0x0000000707700000|  0%| F|  |TAMS 0x0000000707600000, 0x0000000707600000| Untracked 
| 103|0x0000000707700000, 0x0000000707700000, 0x0000000707800000|  0%| F|  |TAMS 0x0000000707700000, 0x0000000707700000| Untracked 
| 104|0x0000000707800000, 0x0000000707800000, 0x0000000707900000|  0%| F|  |TAMS 0x0000000707800000, 0x0000000707800000| Untracked 
| 105|0x0000000707900000, 0x0000000707900000, 0x0000000707a00000|  0%| F|  |TAMS 0x0000000707900000, 0x0000000707900000| Untracked 
| 106|0x0000000707a00000, 0x0000000707a00000, 0x0000000707b00000|  0%| F|  |TAMS 0x0000000707a00000, 0x0000000707a00000| Untracked 
| 107|0x0000000707b00000, 0x0000000707b00000, 0x0000000707c00000|  0%| F|  |TAMS 0x0000000707b00000, 0x0000000707b00000| Untracked 
| 108|0x0000000707c00000, 0x0000000707c00000, 0x0000000707d00000|  0%| F|  |TAMS 0x0000000707c00000, 0x0000000707c00000| Untracked 
| 109|0x0000000707d00000, 0x0000000707d00000, 0x0000000707e00000|  0%| F|  |TAMS 0x0000000707d00000, 0x0000000707d00000| Untracked 
| 110|0x0000000707e00000, 0x0000000707e00000, 0x0000000707f00000|  0%| F|  |TAMS 0x0000000707e00000, 0x0000000707e00000| Untracked 
| 111|0x0000000707f00000, 0x0000000707f00000, 0x0000000708000000|  0%| F|  |TAMS 0x0000000707f00000, 0x0000000707f00000| Untracked 
| 112|0x0000000708000000, 0x0000000708000000, 0x0000000708100000|  0%| F|  |TAMS 0x0000000708000000, 0x0000000708000000| Untracked 
| 113|0x0000000708100000, 0x0000000708100000, 0x0000000708200000|  0%| F|  |TAMS 0x0000000708100000, 0x0000000708100000| Untracked 
| 114|0x0000000708200000, 0x0000000708200000, 0x0000000708300000|  0%| F|  |TAMS 0x0000000708200000, 0x0000000708200000| Untracked 
| 115|0x0000000708300000, 0x0000000708300000, 0x0000000708400000|  0%| F|  |TAMS 0x0000000708300000, 0x0000000708300000| Untracked 
| 116|0x0000000708400000, 0x0000000708400000, 0x0000000708500000|  0%| F|  |TAMS 0x0000000708400000, 0x0000000708400000| Untracked 
| 117|0x0000000708500000, 0x0000000708500000, 0x0000000708600000|  0%| F|  |TAMS 0x0000000708500000, 0x0000000708500000| Untracked 
| 118|0x0000000708600000, 0x0000000708600000, 0x0000000708700000|  0%| F|  |TAMS 0x0000000708600000, 0x0000000708600000| Untracked 
| 119|0x0000000708700000, 0x0000000708700000, 0x0000000708800000|  0%| F|  |TAMS 0x0000000708700000, 0x0000000708700000| Untracked 
| 120|0x0000000708800000, 0x0000000708800000, 0x0000000708900000|  0%| F|  |TAMS 0x0000000708800000, 0x0000000708800000| Untracked 
| 121|0x0000000708900000, 0x0000000708900000, 0x0000000708a00000|  0%| F|  |TAMS 0x0000000708900000, 0x0000000708900000| Untracked 
| 122|0x0000000708a00000, 0x0000000708a00000, 0x0000000708b00000|  0%| F|  |TAMS 0x0000000708a00000, 0x0000000708a00000| Untracked 
| 123|0x0000000708b00000, 0x0000000708b00000, 0x0000000708c00000|  0%| F|  |TAMS 0x0000000708b00000, 0x0000000708b00000| Untracked 
| 124|0x0000000708c00000, 0x0000000708c00000, 0x0000000708d00000|  0%| F|  |TAMS 0x0000000708c00000, 0x0000000708c00000| Untracked 
| 125|0x0000000708d00000, 0x0000000708d00000, 0x0000000708e00000|  0%| F|  |TAMS 0x0000000708d00000, 0x0000000708d00000| Untracked 
| 126|0x0000000708e00000, 0x0000000708e00000, 0x0000000708f00000|  0%| F|  |TAMS 0x0000000708e00000, 0x0000000708e00000| Untracked 
| 127|0x0000000708f00000, 0x0000000708f00000, 0x0000000709000000|  0%| F|  |TAMS 0x0000000708f00000, 0x0000000708f00000| Untracked 
| 128|0x0000000709000000, 0x0000000709000000, 0x0000000709100000|  0%| F|  |TAMS 0x0000000709000000, 0x0000000709000000| Untracked 
| 129|0x0000000709100000, 0x0000000709100000, 0x0000000709200000|  0%| F|  |TAMS 0x0000000709100000, 0x0000000709100000| Untracked 
| 130|0x0000000709200000, 0x0000000709200000, 0x0000000709300000|  0%| F|  |TAMS 0x0000000709200000, 0x0000000709200000| Untracked 
| 131|0x0000000709300000, 0x0000000709300000, 0x0000000709400000|  0%| F|  |TAMS 0x0000000709300000, 0x0000000709300000| Untracked 
| 132|0x0000000709400000, 0x0000000709400000, 0x0000000709500000|  0%| F|  |TAMS 0x0000000709400000, 0x0000000709400000| Untracked 
| 133|0x0000000709500000, 0x0000000709500000, 0x0000000709600000|  0%| F|  |TAMS 0x0000000709500000, 0x0000000709500000| Untracked 
| 134|0x0000000709600000, 0x0000000709600000, 0x0000000709700000|  0%| F|  |TAMS 0x0000000709600000, 0x0000000709600000| Untracked 
| 135|0x0000000709700000, 0x0000000709700000, 0x0000000709800000|  0%| F|  |TAMS 0x0000000709700000, 0x0000000709700000| Untracked 
| 136|0x0000000709800000, 0x0000000709800000, 0x0000000709900000|  0%| F|  |TAMS 0x0000000709800000, 0x0000000709800000| Untracked 
| 137|0x0000000709900000, 0x0000000709900000, 0x0000000709a00000|  0%| F|  |TAMS 0x0000000709900000, 0x0000000709900000| Untracked 
| 138|0x0000000709a00000, 0x0000000709a00000, 0x0000000709b00000|  0%| F|  |TAMS 0x0000000709a00000, 0x0000000709a00000| Untracked 
| 139|0x0000000709b00000, 0x0000000709b00000, 0x0000000709c00000|  0%| F|  |TAMS 0x0000000709b00000, 0x0000000709b00000| Untracked 
| 140|0x0000000709c00000, 0x0000000709c00000, 0x0000000709d00000|  0%| F|  |TAMS 0x0000000709c00000, 0x0000000709c00000| Untracked 
| 141|0x0000000709d00000, 0x0000000709d00000, 0x0000000709e00000|  0%| F|  |TAMS 0x0000000709d00000, 0x0000000709d00000| Untracked 
| 142|0x0000000709e00000, 0x0000000709e00000, 0x0000000709f00000|  0%| F|  |TAMS 0x0000000709e00000, 0x0000000709e00000| Untracked 
| 143|0x0000000709f00000, 0x0000000709f00000, 0x000000070a000000|  0%| F|  |TAMS 0x0000000709f00000, 0x0000000709f00000| Untracked 
| 144|0x000000070a000000, 0x000000070a000000, 0x000000070a100000|  0%| F|  |TAMS 0x000000070a000000, 0x000000070a000000| Untracked 
| 145|0x000000070a100000, 0x000000070a100000, 0x000000070a200000|  0%| F|  |TAMS 0x000000070a100000, 0x000000070a100000| Untracked 
| 146|0x000000070a200000, 0x000000070a200000, 0x000000070a300000|  0%| F|  |TAMS 0x000000070a200000, 0x000000070a200000| Untracked 
| 147|0x000000070a300000, 0x000000070a300000, 0x000000070a400000|  0%| F|  |TAMS 0x000000070a300000, 0x000000070a300000| Untracked 
| 148|0x000000070a400000, 0x000000070a400000, 0x000000070a500000|  0%| F|  |TAMS 0x000000070a400000, 0x000000070a400000| Untracked 
| 149|0x000000070a500000, 0x000000070a500000, 0x000000070a600000|  0%| F|  |TAMS 0x000000070a500000, 0x000000070a500000| Untracked 
| 150|0x000000070a600000, 0x000000070a600000, 0x000000070a700000|  0%| F|  |TAMS 0x000000070a600000, 0x000000070a600000| Untracked 
| 151|0x000000070a700000, 0x000000070a700000, 0x000000070a800000|  0%| F|  |TAMS 0x000000070a700000, 0x000000070a700000| Untracked 
| 152|0x000000070a800000, 0x000000070a800000, 0x000000070a900000|  0%| F|  |TAMS 0x000000070a800000, 0x000000070a800000| Untracked 
| 153|0x000000070a900000, 0x000000070a900000, 0x000000070aa00000|  0%| F|  |TAMS 0x000000070a900000, 0x000000070a900000| Untracked 
| 154|0x000000070aa00000, 0x000000070aa00000, 0x000000070ab00000|  0%| F|  |TAMS 0x000000070aa00000, 0x000000070aa00000| Untracked 
| 155|0x000000070ab00000, 0x000000070ab00000, 0x000000070ac00000|  0%| F|  |TAMS 0x000000070ab00000, 0x000000070ab00000| Untracked 
| 156|0x000000070ac00000, 0x000000070ac00000, 0x000000070ad00000|  0%| F|  |TAMS 0x000000070ac00000, 0x000000070ac00000| Untracked 
| 157|0x000000070ad00000, 0x000000070ad00000, 0x000000070ae00000|  0%| F|  |TAMS 0x000000070ad00000, 0x000000070ad00000| Untracked 
| 158|0x000000070ae00000, 0x000000070ae00000, 0x000000070af00000|  0%| F|  |TAMS 0x000000070ae00000, 0x000000070ae00000| Untracked 
| 159|0x000000070af00000, 0x000000070af00000, 0x000000070b000000|  0%| F|  |TAMS 0x000000070af00000, 0x000000070af00000| Untracked 
| 160|0x000000070b000000, 0x000000070b000000, 0x000000070b100000|  0%| F|  |TAMS 0x000000070b000000, 0x000000070b000000| Untracked 
| 161|0x000000070b100000, 0x000000070b100000, 0x000000070b200000|  0%| F|  |TAMS 0x000000070b100000, 0x000000070b100000| Untracked 
| 162|0x000000070b200000, 0x000000070b200000, 0x000000070b300000|  0%| F|  |TAMS 0x000000070b200000, 0x000000070b200000| Untracked 
| 163|0x000000070b300000, 0x000000070b300000, 0x000000070b400000|  0%| F|  |TAMS 0x000000070b300000, 0x000000070b300000| Untracked 
| 164|0x000000070b400000, 0x000000070b400000, 0x000000070b500000|  0%| F|  |TAMS 0x000000070b400000, 0x000000070b400000| Untracked 
| 165|0x000000070b500000, 0x000000070b500000, 0x000000070b600000|  0%| F|  |TAMS 0x000000070b500000, 0x000000070b500000| Untracked 
| 166|0x000000070b600000, 0x000000070b600000, 0x000000070b700000|  0%| F|  |TAMS 0x000000070b600000, 0x000000070b600000| Untracked 
| 167|0x000000070b700000, 0x000000070b700000, 0x000000070b800000|  0%| F|  |TAMS 0x000000070b700000, 0x000000070b700000| Untracked 
| 168|0x000000070b800000, 0x000000070b800000, 0x000000070b900000|  0%| F|  |TAMS 0x000000070b800000, 0x000000070b800000| Untracked 
| 169|0x000000070b900000, 0x000000070b900000, 0x000000070ba00000|  0%| F|  |TAMS 0x000000070b900000, 0x000000070b900000| Untracked 
| 170|0x000000070ba00000, 0x000000070ba00000, 0x000000070bb00000|  0%| F|  |TAMS 0x000000070ba00000, 0x000000070ba00000| Untracked 
| 171|0x000000070bb00000, 0x000000070bb00000, 0x000000070bc00000|  0%| F|  |TAMS 0x000000070bb00000, 0x000000070bb00000| Untracked 
| 172|0x000000070bc00000, 0x000000070bc00000, 0x000000070bd00000|  0%| F|  |TAMS 0x000000070bc00000, 0x000000070bc00000| Untracked 
| 173|0x000000070bd00000, 0x000000070bd00000, 0x000000070be00000|  0%| F|  |TAMS 0x000000070bd00000, 0x000000070bd00000| Untracked 
| 174|0x000000070be00000, 0x000000070be00000, 0x000000070bf00000|  0%| F|  |TAMS 0x000000070be00000, 0x000000070be00000| Untracked 
| 175|0x000000070bf00000, 0x000000070bf00000, 0x000000070c000000|  0%| F|  |TAMS 0x000000070bf00000, 0x000000070bf00000| Untracked 
| 176|0x000000070c000000, 0x000000070c000000, 0x000000070c100000|  0%| F|  |TAMS 0x000000070c000000, 0x000000070c000000| Untracked 
| 177|0x000000070c100000, 0x000000070c100000, 0x000000070c200000|  0%| F|  |TAMS 0x000000070c100000, 0x000000070c100000| Untracked 
| 178|0x000000070c200000, 0x000000070c200000, 0x000000070c300000|  0%| F|  |TAMS 0x000000070c200000, 0x000000070c200000| Untracked 
| 179|0x000000070c300000, 0x000000070c300000, 0x000000070c400000|  0%| F|  |TAMS 0x000000070c300000, 0x000000070c300000| Untracked 
| 180|0x000000070c400000, 0x000000070c400000, 0x000000070c500000|  0%| F|  |TAMS 0x000000070c400000, 0x000000070c400000| Untracked 
| 181|0x000000070c500000, 0x000000070c500000, 0x000000070c600000|  0%| F|  |TAMS 0x000000070c500000, 0x000000070c500000| Untracked 
| 182|0x000000070c600000, 0x000000070c600000, 0x000000070c700000|  0%| F|  |TAMS 0x000000070c600000, 0x000000070c600000| Untracked 
| 183|0x000000070c700000, 0x000000070c700000, 0x000000070c800000|  0%| F|  |TAMS 0x000000070c700000, 0x000000070c700000| Untracked 
| 184|0x000000070c800000, 0x000000070c800000, 0x000000070c900000|  0%| F|  |TAMS 0x000000070c800000, 0x000000070c800000| Untracked 
| 185|0x000000070c900000, 0x000000070c900000, 0x000000070ca00000|  0%| F|  |TAMS 0x000000070c900000, 0x000000070c900000| Untracked 
| 186|0x000000070ca00000, 0x000000070ca00000, 0x000000070cb00000|  0%| F|  |TAMS 0x000000070ca00000, 0x000000070ca00000| Untracked 
| 187|0x000000070cb00000, 0x000000070cb00000, 0x000000070cc00000|  0%| F|  |TAMS 0x000000070cb00000, 0x000000070cb00000| Untracked 
| 188|0x000000070cc00000, 0x000000070cc00000, 0x000000070cd00000|  0%| F|  |TAMS 0x000000070cc00000, 0x000000070cc00000| Untracked 
| 189|0x000000070cd00000, 0x000000070cd00000, 0x000000070ce00000|  0%| F|  |TAMS 0x000000070cd00000, 0x000000070cd00000| Untracked 
| 190|0x000000070ce00000, 0x000000070ce00000, 0x000000070cf00000|  0%| F|  |TAMS 0x000000070ce00000, 0x000000070ce00000| Untracked 
| 191|0x000000070cf00000, 0x000000070cf00000, 0x000000070d000000|  0%| F|  |TAMS 0x000000070cf00000, 0x000000070cf00000| Untracked 
| 192|0x000000070d000000, 0x000000070d000000, 0x000000070d100000|  0%| F|  |TAMS 0x000000070d000000, 0x000000070d000000| Untracked 
| 193|0x000000070d100000, 0x000000070d100000, 0x000000070d200000|  0%| F|  |TAMS 0x000000070d100000, 0x000000070d100000| Untracked 
| 194|0x000000070d200000, 0x000000070d200000, 0x000000070d300000|  0%| F|  |TAMS 0x000000070d200000, 0x000000070d200000| Untracked 
| 195|0x000000070d300000, 0x000000070d300000, 0x000000070d400000|  0%| F|  |TAMS 0x000000070d300000, 0x000000070d300000| Untracked 
| 196|0x000000070d400000, 0x000000070d400000, 0x000000070d500000|  0%| F|  |TAMS 0x000000070d400000, 0x000000070d400000| Untracked 
| 197|0x000000070d500000, 0x000000070d500000, 0x000000070d600000|  0%| F|  |TAMS 0x000000070d500000, 0x000000070d500000| Untracked 
| 198|0x000000070d600000, 0x000000070d600000, 0x000000070d700000|  0%| F|  |TAMS 0x000000070d600000, 0x000000070d600000| Untracked 
| 199|0x000000070d700000, 0x000000070d700000, 0x000000070d800000|  0%| F|  |TAMS 0x000000070d700000, 0x000000070d700000| Untracked 
| 200|0x000000070d800000, 0x000000070d800000, 0x000000070d900000|  0%| F|  |TAMS 0x000000070d800000, 0x000000070d800000| Untracked 
| 201|0x000000070d900000, 0x000000070d900000, 0x000000070da00000|  0%| F|  |TAMS 0x000000070d900000, 0x000000070d900000| Untracked 
| 202|0x000000070da00000, 0x000000070da00000, 0x000000070db00000|  0%| F|  |TAMS 0x000000070da00000, 0x000000070da00000| Untracked 
| 203|0x000000070db00000, 0x000000070db00000, 0x000000070dc00000|  0%| F|  |TAMS 0x000000070db00000, 0x000000070db00000| Untracked 
| 204|0x000000070dc00000, 0x000000070dc00000, 0x000000070dd00000|  0%| F|  |TAMS 0x000000070dc00000, 0x000000070dc00000| Untracked 
| 205|0x000000070dd00000, 0x000000070dd00000, 0x000000070de00000|  0%| F|  |TAMS 0x000000070dd00000, 0x000000070dd00000| Untracked 
| 206|0x000000070de00000, 0x000000070de00000, 0x000000070df00000|  0%| F|  |TAMS 0x000000070de00000, 0x000000070de00000| Untracked 
| 207|0x000000070df00000, 0x000000070df00000, 0x000000070e000000|  0%| F|  |TAMS 0x000000070df00000, 0x000000070df00000| Untracked 
| 208|0x000000070e000000, 0x000000070e000000, 0x000000070e100000|  0%| F|  |TAMS 0x000000070e000000, 0x000000070e000000| Untracked 
| 209|0x000000070e100000, 0x000000070e100000, 0x000000070e200000|  0%| F|  |TAMS 0x000000070e100000, 0x000000070e100000| Untracked 
| 210|0x000000070e200000, 0x000000070e200000, 0x000000070e300000|  0%| F|  |TAMS 0x000000070e200000, 0x000000070e200000| Untracked 
| 211|0x000000070e300000, 0x000000070e300000, 0x000000070e400000|  0%| F|  |TAMS 0x000000070e300000, 0x000000070e300000| Untracked 
| 212|0x000000070e400000, 0x000000070e400000, 0x000000070e500000|  0%| F|  |TAMS 0x000000070e400000, 0x000000070e400000| Untracked 
| 213|0x000000070e500000, 0x000000070e500000, 0x000000070e600000|  0%| F|  |TAMS 0x000000070e500000, 0x000000070e500000| Untracked 
| 214|0x000000070e600000, 0x000000070e600000, 0x000000070e700000|  0%| F|  |TAMS 0x000000070e600000, 0x000000070e600000| Untracked 
| 215|0x000000070e700000, 0x000000070e700000, 0x000000070e800000|  0%| F|  |TAMS 0x000000070e700000, 0x000000070e700000| Untracked 
| 216|0x000000070e800000, 0x000000070e800000, 0x000000070e900000|  0%| F|  |TAMS 0x000000070e800000, 0x000000070e800000| Untracked 
| 217|0x000000070e900000, 0x000000070e900000, 0x000000070ea00000|  0%| F|  |TAMS 0x000000070e900000, 0x000000070e900000| Untracked 
| 218|0x000000070ea00000, 0x000000070ea00000, 0x000000070eb00000|  0%| F|  |TAMS 0x000000070ea00000, 0x000000070ea00000| Untracked 
| 219|0x000000070eb00000, 0x000000070eb00000, 0x000000070ec00000|  0%| F|  |TAMS 0x000000070eb00000, 0x000000070eb00000| Untracked 
| 220|0x000000070ec00000, 0x000000070ec00000, 0x000000070ed00000|  0%| F|  |TAMS 0x000000070ec00000, 0x000000070ec00000| Untracked 
| 221|0x000000070ed00000, 0x000000070ed00000, 0x000000070ee00000|  0%| F|  |TAMS 0x000000070ed00000, 0x000000070ed00000| Untracked 
| 222|0x000000070ee00000, 0x000000070ee00000, 0x000000070ef00000|  0%| F|  |TAMS 0x000000070ee00000, 0x000000070ee00000| Untracked 
| 223|0x000000070ef00000, 0x000000070ef00000, 0x000000070f000000|  0%| F|  |TAMS 0x000000070ef00000, 0x000000070ef00000| Untracked 
| 224|0x000000070f000000, 0x000000070f000000, 0x000000070f100000|  0%| F|  |TAMS 0x000000070f000000, 0x000000070f000000| Untracked 
| 225|0x000000070f100000, 0x000000070f100000, 0x000000070f200000|  0%| F|  |TAMS 0x000000070f100000, 0x000000070f100000| Untracked 
| 226|0x000000070f200000, 0x000000070f200000, 0x000000070f300000|  0%| F|  |TAMS 0x000000070f200000, 0x000000070f200000| Untracked 
| 227|0x000000070f300000, 0x000000070f300000, 0x000000070f400000|  0%| F|  |TAMS 0x000000070f300000, 0x000000070f300000| Untracked 
| 228|0x000000070f400000, 0x000000070f400000, 0x000000070f500000|  0%| F|  |TAMS 0x000000070f400000, 0x000000070f400000| Untracked 
| 229|0x000000070f500000, 0x000000070f500000, 0x000000070f600000|  0%| F|  |TAMS 0x000000070f500000, 0x000000070f500000| Untracked 
| 230|0x000000070f600000, 0x000000070f600000, 0x000000070f700000|  0%| F|  |TAMS 0x000000070f600000, 0x000000070f600000| Untracked 
| 231|0x000000070f700000, 0x000000070f700000, 0x000000070f800000|  0%| F|  |TAMS 0x000000070f700000, 0x000000070f700000| Untracked 
| 232|0x000000070f800000, 0x000000070f800000, 0x000000070f900000|  0%| F|  |TAMS 0x000000070f800000, 0x000000070f800000| Untracked 
| 233|0x000000070f900000, 0x000000070f900000, 0x000000070fa00000|  0%| F|  |TAMS 0x000000070f900000, 0x000000070f900000| Untracked 
| 234|0x000000070fa00000, 0x000000070fa00000, 0x000000070fb00000|  0%| F|  |TAMS 0x000000070fa00000, 0x000000070fa00000| Untracked 
| 235|0x000000070fb00000, 0x000000070fb00000, 0x000000070fc00000|  0%| F|  |TAMS 0x000000070fb00000, 0x000000070fb00000| Untracked 
| 236|0x000000070fc00000, 0x000000070fc00000, 0x000000070fd00000|  0%| F|  |TAMS 0x000000070fc00000, 0x000000070fc00000| Untracked 
| 237|0x000000070fd00000, 0x000000070fd00000, 0x000000070fe00000|  0%| F|  |TAMS 0x000000070fd00000, 0x000000070fd00000| Untracked 
| 238|0x000000070fe00000, 0x000000070fe00000, 0x000000070ff00000|  0%| F|  |TAMS 0x000000070fe00000, 0x000000070fe00000| Untracked 
| 239|0x000000070ff00000, 0x000000070ff00000, 0x0000000710000000|  0%| F|  |TAMS 0x000000070ff00000, 0x000000070ff00000| Untracked 
| 240|0x0000000710000000, 0x0000000710000000, 0x0000000710100000|  0%| F|  |TAMS 0x0000000710000000, 0x0000000710000000| Untracked 
| 241|0x0000000710100000, 0x0000000710100000, 0x0000000710200000|  0%| F|  |TAMS 0x0000000710100000, 0x0000000710100000| Untracked 
| 242|0x0000000710200000, 0x0000000710200000, 0x0000000710300000|  0%| F|  |TAMS 0x0000000710200000, 0x0000000710200000| Untracked 
| 243|0x0000000710300000, 0x0000000710300000, 0x0000000710400000|  0%| F|  |TAMS 0x0000000710300000, 0x0000000710300000| Untracked 
| 244|0x0000000710400000, 0x0000000710400000, 0x0000000710500000|  0%| F|  |TAMS 0x0000000710400000, 0x0000000710400000| Untracked 
| 245|0x0000000710500000, 0x0000000710500000, 0x0000000710600000|  0%| F|  |TAMS 0x0000000710500000, 0x0000000710500000| Untracked 
| 246|0x0000000710600000, 0x0000000710600000, 0x0000000710700000|  0%| F|  |TAMS 0x0000000710600000, 0x0000000710600000| Untracked 
| 247|0x0000000710700000, 0x0000000710700000, 0x0000000710800000|  0%| F|  |TAMS 0x0000000710700000, 0x0000000710700000| Untracked 
| 248|0x0000000710800000, 0x0000000710800000, 0x0000000710900000|  0%| F|  |TAMS 0x0000000710800000, 0x0000000710800000| Untracked 
| 249|0x0000000710900000, 0x0000000710900000, 0x0000000710a00000|  0%| F|  |TAMS 0x0000000710900000, 0x0000000710900000| Untracked 
| 250|0x0000000710a00000, 0x0000000710af7c60, 0x0000000710b00000| 96%| E|  |TAMS 0x0000000710a00000, 0x0000000710a00000| Complete 
| 251|0x0000000710b00000, 0x0000000710c00000, 0x0000000710c00000|100%| E|CS|TAMS 0x0000000710b00000, 0x0000000710b00000| Complete 
| 252|0x0000000710c00000, 0x0000000710d00000, 0x0000000710d00000|100%| E|CS|TAMS 0x0000000710c00000, 0x0000000710c00000| Complete 
| 253|0x0000000710d00000, 0x0000000710e00000, 0x0000000710e00000|100%| E|CS|TAMS 0x0000000710d00000, 0x0000000710d00000| Complete 
| 254|0x0000000710e00000, 0x0000000710f00000, 0x0000000710f00000|100%| E|CS|TAMS 0x0000000710e00000, 0x0000000710e00000| Complete 
| 255|0x0000000710f00000, 0x0000000711000000, 0x0000000711000000|100%| E|CS|TAMS 0x0000000710f00000, 0x0000000710f00000| Complete 

Card table byte_map: [0x00000187cfcb0000,0x00000187d04b0000] _byte_map_base: 0x00000187cc4a8000

Marking Bits (Prev, Next): (CMBitMap*) 0x00000187b7ab9f28, (CMBitMap*) 0x00000187b7ab9f68
 Prev Bits: [0x00000187d0cb0000, 0x00000187d4c70000)
 Next Bits: [0x00000187d4c70000, 0x00000187d8c30000)

Polling page: 0x00000187b57f0000

Metaspace:

Usage:
  Non-class:      4.78 MB capacity,     3.28 MB ( 69%) used,     1.49 MB ( 31%) free+waste,     5.88 KB ( <1%) overhead. 
      Class:    470.00 KB capacity,   326.48 KB ( 69%) used,   140.27 KB ( 30%) free+waste,     3.25 KB ( <1%) overhead. 
       Both:      5.24 MB capacity,     3.60 MB ( 69%) used,     1.63 MB ( 31%) free+waste,     9.13 KB ( <1%) overhead. 

Virtual space:
  Non-class space:        8.00 MB reserved,       5.00 MB ( 63%) committed 
      Class space:        1.00 GB reserved,     512.00 KB ( <1%) committed 
             Both:        1.01 GB reserved,       5.50 MB ( <1%) committed 

Chunk freelists:
   Non-Class:  37.00 KB
       Class:  0 bytes
        Both:  37.00 KB

MaxMetaspaceSize: 17179869184.00 GB
CompressedClassSpaceSize: 1.00 GB

CodeHeap 'non-profiled nmethods': size=120000Kb used=184Kb max_used=184Kb free=119815Kb
 bounds [0x00000187c7a20000, 0x00000187c7c90000, 0x00000187cef50000]
CodeHeap 'profiled nmethods': size=120000Kb used=822Kb max_used=822Kb free=119177Kb
 bounds [0x00000187c04f0000, 0x00000187c0760000, 0x00000187c7a20000]
CodeHeap 'non-nmethods': size=5760Kb used=1251Kb max_used=1267Kb free=4508Kb
 bounds [0x00000187bff50000, 0x00000187c01c0000, 0x00000187c04f0000]
 total_blobs=1373 nmethods=567 adapters=333
 compilation: enabled
              stopped_count=0, restarted_count=0
 full_count=0

Compilation events (20 events):
Event: 0.421 Thread 0x00000187dc29f800  556  s    3       java.util.Vector::addElement (24 bytes)
Event: 0.421 Thread 0x00000187dc29f800 nmethod 556 0x00000187c05b9a10 code [0x00000187c05b9be0, 0x00000187c05ba250]
Event: 0.422 Thread 0x00000187dc29f800  557       3       jdk.internal.org.objectweb.asm.Handler::getExceptionTableLength (21 bytes)
Event: 0.423 Thread 0x00000187dc29f800 nmethod 557 0x00000187c05ba490 code [0x00000187c05ba640, 0x00000187c05ba838]
Event: 0.423 Thread 0x00000187dc29f800  558       3       java.lang.invoke.LambdaForm::forceInterpretation (14 bytes)
Event: 0.423 Thread 0x00000187dc29f800 nmethod 558 0x00000187c05ba910 code [0x00000187c05baac0, 0x00000187c05bac98]
Event: 0.423 Thread 0x00000187dc29f800  559       3       jdk.internal.misc.VM::initLevel (4 bytes)
Event: 0.423 Thread 0x00000187dc29f800 nmethod 559 0x00000187c05bad10 code [0x00000187c05baea0, 0x00000187c05baff8]
Event: 0.423 Thread 0x00000187dc29f800  560       3       sun.net.www.ParseUtil::firstEncodeIndex (86 bytes)
Event: 0.424 Thread 0x00000187dc29f800 nmethod 560 0x00000187c05bb090 code [0x00000187c05bb2e0, 0x00000187c05bbd30]
Event: 0.424 Thread 0x00000187dc29f800  561       3       java.io.RandomAccessFile::read (8 bytes)
Event: 0.424 Thread 0x00000187dc29f800 nmethod 561 0x00000187c05bc110 code [0x00000187c05bc2c0, 0x00000187c05bc490]
Event: 0.426 Thread 0x00000187dc29f800  563       3       java.util.WeakHashMap::maskNull (12 bytes)
Event: 0.426 Thread 0x00000187dc29f800 nmethod 563 0x00000187c05bc590 code [0x00000187c05bc740, 0x00000187c05bc8d8]
Event: 0.426 Thread 0x00000187dc29f800  564       3       java.util.WeakHashMap::hash (28 bytes)
Event: 0.427 Thread 0x00000187dc29f800 nmethod 564 0x00000187c05bc990 code [0x00000187c05bcb40, 0x00000187c05bcdb0]
Event: 0.427 Thread 0x00000187dc29f800  565       3       java.util.WeakHashMap::getTable (9 bytes)
Event: 0.427 Thread 0x00000187dc29f800 nmethod 565 0x00000187c05bce90 code [0x00000187c05bd040, 0x00000187c05bd210]
Event: 0.427 Thread 0x00000187dc29f800  566       3       java.io.RandomAccessFile::seek (22 bytes)
Event: 0.427 Thread 0x00000187dc29f800 nmethod 566 0x00000187c05bd290 code [0x00000187c05bd460, 0x00000187c05bd760]

GC Heap History (0 events):
No events

Deoptimization events (20 events):
Event: 0.278 Thread 0x00000187b7a4e000 DEOPT PACKING pc=0x00000187c7a2e6a8 sp=0x0000002db6afe0c0
Event: 0.278 Thread 0x00000187b7a4e000 DEOPT UNPACKING pc=0x00000187bff9912f sp=0x0000002db6afe050 mode 2
Event: 0.288 Thread 0x00000187b7a4e000 Uncommon trap: trap_request=0xffffffde fr.pc=0x00000187c7a2e6a8 relative=0x00000000000009a8
Event: 0.288 Thread 0x00000187b7a4e000 Uncommon trap: reason=class_check action=maybe_recompile pc=0x00000187c7a2e6a8 method=java.util.HashMap.putVal(ILjava/lang/Object;Ljava/lang/Object;ZZ)Ljava/lang/Object; @ 152 c2
Event: 0.288 Thread 0x00000187b7a4e000 DEOPT PACKING pc=0x00000187c7a2e6a8 sp=0x0000002db6afde10
Event: 0.288 Thread 0x00000187b7a4e000 DEOPT UNPACKING pc=0x00000187bff9912f sp=0x0000002db6afdda0 mode 2
Event: 0.288 Thread 0x00000187b7a4e000 Uncommon trap: trap_request=0xffffff45 fr.pc=0x00000187c7a2e7b0 relative=0x0000000000000ab0
Event: 0.288 Thread 0x00000187b7a4e000 Uncommon trap: reason=unstable_if action=reinterpret pc=0x00000187c7a2e7b0 method=java.util.HashMap.putVal(ILjava/lang/Object;Ljava/lang/Object;ZZ)Ljava/lang/Object; @ 181 c2
Event: 0.288 Thread 0x00000187b7a4e000 DEOPT PACKING pc=0x00000187c7a2e7b0 sp=0x0000002db6afdec0
Event: 0.288 Thread 0x00000187b7a4e000 DEOPT UNPACKING pc=0x00000187bff9912f sp=0x0000002db6afde70 mode 2
Event: 0.353 Thread 0x00000187b7a4e000 Uncommon trap: trap_request=0xffffff45 fr.pc=0x00000187c7a2610c relative=0x00000000000000ec
Event: 0.353 Thread 0x00000187b7a4e000 Uncommon trap: reason=unstable_if action=reinterpret pc=0x00000187c7a2610c method=java.lang.String.isLatin1()Z @ 10 c2
Event: 0.353 Thread 0x00000187b7a4e000 DEOPT PACKING pc=0x00000187c7a2610c sp=0x0000002db6afeb90
Event: 0.353 Thread 0x00000187b7a4e000 DEOPT UNPACKING pc=0x00000187bff9912f sp=0x0000002db6afeae0 mode 2
Event: 0.410 Thread 0x00000187b7a4e000 DEOPT PACKING pc=0x00000187c05a2cc5 sp=0x0000002db6afd120
Event: 0.410 Thread 0x00000187b7a4e000 DEOPT UNPACKING pc=0x00000187bff9964e sp=0x0000002db6afc598 mode 0
Event: 0.410 Thread 0x00000187b7a4e000 DEOPT PACKING pc=0x00000187c05a2cc5 sp=0x0000002db6afd120
Event: 0.410 Thread 0x00000187b7a4e000 DEOPT UNPACKING pc=0x00000187bff9964e sp=0x0000002db6afc598 mode 0
Event: 0.411 Thread 0x00000187b7a4e000 DEOPT PACKING pc=0x00000187c05a2cc5 sp=0x0000002db6afd120
Event: 0.411 Thread 0x00000187b7a4e000 DEOPT UNPACKING pc=0x00000187bff9964e sp=0x0000002db6afc598 mode 0

Classes unloaded (0 events):
No events

Classes redefined (0 events):
No events

Internal exceptions (4 events):
Event: 0.368 Thread 0x00000187b7a4e000 Exception <a 'java/lang/NoSuchMethodError'{0x0000000710b8de38}: 'void java.lang.invoke.DelegatingMethodHandle$Holder.delegate(java.lang.Object, java.lang.Object, int, java.lang.Object)'> (0x0000000710b8de38) 
thrown [t:/workspace/open/src/hotspot/share/interpreter/linkResolver.cpp, line 767]
Event: 0.369 Thread 0x00000187b7a4e000 Exception <a 'java/lang/NoSuchMethodError'{0x0000000710b94a20}: 'java.lang.Object java.lang.invoke.DirectMethodHandle$Holder.invokeStaticInit(java.lang.Object, java.lang.Object, java.lang.Object)'> (0x0000000710b94a20) 
thrown [t:/workspace/open/src/hotspot/share/interpreter/linkResolver.cpp, line 767]
Event: 0.414 Thread 0x00000187b7a4e000 Exception <a 'sun/nio/fs/WindowsException'{0x0000000710a3c258}> (0x0000000710a3c258) 
thrown [t:/workspace/open/src/hotspot/share/prims/jni.cpp, line 598]
Event: 0.414 Thread 0x00000187b7a4e000 Exception <a 'sun/nio/fs/WindowsException'{0x0000000710a3c740}> (0x0000000710a3c740) 
thrown [t:/workspace/open/src/hotspot/share/prims/jni.cpp, line 598]

Events (20 events):
Event: 0.422 loading class java/nio/DirectDoubleBufferU
Event: 0.422 loading class java/nio/DirectDoubleBufferU done
Event: 0.422 loading class sun/misc/Unsafe
Event: 0.422 loading class sun/misc/Unsafe done
Event: 0.423 loading class jdk/internal/reflect/UnsafeFieldAccessorFactory
Event: 0.423 loading class jdk/internal/reflect/UnsafeFieldAccessorFactory done
Event: 0.423 loading class jdk/internal/reflect/UnsafeQualifiedStaticObjectFieldAccessorImpl
Event: 0.423 loading class jdk/internal/reflect/UnsafeQualifiedStaticFieldAccessorImpl
Event: 0.423 loading class jdk/internal/reflect/UnsafeQualifiedStaticFieldAccessorImpl done
Event: 0.423 loading class jdk/internal/reflect/UnsafeQualifiedStaticObjectFieldAccessorImpl done
Event: 0.423 loading class org/lwjgl/system/jni/JNINativeInterface
Event: 0.423 loading class org/lwjgl/system/jni/JNINativeInterface done
Event: 0.424 loading class org/lwjgl/system/windows/WinBase
Event: 0.424 loading class org/lwjgl/system/windows/WinBase done
Event: 0.426 loading class org/lwjgl/opengl/GL$1
Event: 0.426 loading class org/lwjgl/opengl/GL$1 done
Event: 0.426 loading class org/lwjgl/opengl/GL$SharedLibraryGL
Event: 0.426 loading class org/lwjgl/opengl/GL$SharedLibraryGL done
Event: 0.427 loading class org/lwjgl/system/SharedLibrary$Delegate
Event: 0.427 loading class org/lwjgl/system/SharedLibrary$Delegate done


Dynamic libraries:
0x00007ff7ed740000 - 0x00007ff7ed74f000 	C:\Program Files\Java\jdk-13.0.1\bin\javaw.exe
0x00007ffa76b70000 - 0x00007ffa76d51000 	C:\WINDOWS\SYSTEM32\ntdll.dll
0x00007ffa768e0000 - 0x00007ffa76991000 	C:\WINDOWS\System32\KERNEL32.DLL
0x00007ffa739a0000 - 0x00007ffa73c13000 	C:\WINDOWS\System32\KERNELBASE.dll
0x00007ffa730c0000 - 0x00007ffa731b8000 	C:\WINDOWS\System32\ucrtbase.dll
0x00007ffa5e0d0000 - 0x00007ffa5e0e8000 	C:\Program Files\Java\jdk-13.0.1\bin\jli.dll
0x00007ffa57120000 - 0x00007ffa57135000 	C:\Program Files\Java\jdk-13.0.1\bin\VCRUNTIME140.dll
0x00007ffa76220000 - 0x00007ffa762c1000 	C:\WINDOWS\System32\ADVAPI32.dll
0x00007ffa75c00000 - 0x00007ffa75c9e000 	C:\WINDOWS\System32\msvcrt.dll
0x00007ffa73fe0000 - 0x00007ffa7403b000 	C:\WINDOWS\System32\sechost.dll
0x00007ffa75d10000 - 0x00007ffa75e34000 	C:\WINDOWS\System32\RPCRT4.dll
0x00007ffa769a0000 - 0x00007ffa76b31000 	C:\WINDOWS\System32\USER32.dll
0x00007ffa632e0000 - 0x00007ffa63549000 	C:\WINDOWS\WinSxS\amd64_microsoft.windows.common-controls_6595b64144ccf1df_6.0.17134.1130_none_d3ff42617c90becf\COMCTL32.dll
0x00007ffa73980000 - 0x00007ffa739a0000 	C:\WINDOWS\System32\win32u.dll
0x00007ffa74130000 - 0x00007ffa74451000 	C:\WINDOWS\System32\combase.dll
0x00007ffa768b0000 - 0x00007ffa768d8000 	C:\WINDOWS\System32\GDI32.dll
0x00007ffa73f60000 - 0x00007ffa73fd9000 	C:\WINDOWS\System32\bcryptPrimitives.dll
0x00007ffa72f20000 - 0x00007ffa730b1000 	C:\WINDOWS\System32\gdi32full.dll
0x00007ffa73c20000 - 0x00007ffa73cbf000 	C:\WINDOWS\System32\msvcp_win.dll
0x00007ffa6dc70000 - 0x00007ffa6dc7a000 	C:\WINDOWS\SYSTEM32\VERSION.dll
0x00007ffa74040000 - 0x00007ffa7406d000 	C:\WINDOWS\System32\IMM32.DLL
0x00007ffa4bc00000 - 0x00007ffa4bc9b000 	C:\Program Files\Java\jdk-13.0.1\bin\msvcp140.dll
0x00007ffa4a360000 - 0x00007ffa4aec6000 	C:\Program Files\Java\jdk-13.0.1\bin\server\jvm.dll
0x00007ffa75940000 - 0x00007ffa75948000 	C:\WINDOWS\System32\PSAPI.DLL
0x00007ffa6f790000 - 0x00007ffa6f799000 	C:\WINDOWS\SYSTEM32\WSOCK32.dll
0x00007ffa6fce0000 - 0x00007ffa6fd03000 	C:\WINDOWS\SYSTEM32\WINMM.dll
0x00007ffa75ca0000 - 0x00007ffa75d0c000 	C:\WINDOWS\System32\WS2_32.dll
0x00007ffa6fcb0000 - 0x00007ffa6fcda000 	C:\WINDOWS\SYSTEM32\WINMMBASE.dll
0x00007ffa73220000 - 0x00007ffa73269000 	C:\WINDOWS\System32\cfgmgr32.dll
0x00007ffa72ee0000 - 0x00007ffa72ef1000 	C:\WINDOWS\System32\kernel.appcore.dll
0x00007ffa6f570000 - 0x00007ffa6f580000 	C:\Program Files\Java\jdk-13.0.1\bin\verify.dll
0x00007ffa64190000 - 0x00007ffa64359000 	C:\WINDOWS\SYSTEM32\DBGHELP.DLL
0x00007ffa64160000 - 0x00007ffa64189000 	C:\WINDOWS\SYSTEM32\dbgcore.DLL
0x00007ffa62d40000 - 0x00007ffa62d66000 	C:\Program Files\Java\jdk-13.0.1\bin\java.dll
0x00007ffa502d0000 - 0x00007ffa50308000 	C:\Program Files\Java\jdk-13.0.1\bin\jdwp.dll
0x00007ffa5c4e0000 - 0x00007ffa5c4ee000 	C:\Program Files\Java\jdk-13.0.1\bin\instrument.dll
0x00007ffa679f0000 - 0x00007ffa67a07000 	C:\Program Files\Java\jdk-13.0.1\bin\zip.dll
0x00007ffa6f560000 - 0x00007ffa6f56a000 	C:\Program Files\Java\jdk-13.0.1\bin\jimage.dll
0x00007ffa74470000 - 0x00007ffa758b5000 	C:\WINDOWS\System32\SHELL32.dll
0x00007ffa762e0000 - 0x00007ffa76389000 	C:\WINDOWS\System32\shcore.dll
0x00007ffa73270000 - 0x00007ffa73980000 	C:\WINDOWS\System32\windows.storage.dll
0x00007ffa740d0000 - 0x00007ffa74121000 	C:\WINDOWS\System32\shlwapi.dll
0x00007ffa72ec0000 - 0x00007ffa72edf000 	C:\WINDOWS\System32\profapi.dll
0x00007ffa72e70000 - 0x00007ffa72ebc000 	C:\WINDOWS\System32\powrprof.dll
0x00007ffa72e60000 - 0x00007ffa72e6a000 	C:\WINDOWS\System32\FLTLIB.DLL
0x00007ffa59080000 - 0x00007ffa5908b000 	C:\Program Files\Java\jdk-13.0.1\bin\dt_socket.dll
0x00007ffa72680000 - 0x00007ffa726e6000 	C:\WINDOWS\system32\mswsock.dll
0x00007ffa72410000 - 0x00007ffa724ce000 	C:\WINDOWS\SYSTEM32\DNSAPI.dll
0x00007ffa762d0000 - 0x00007ffa762d8000 	C:\WINDOWS\System32\NSI.dll
0x00007ffa723d0000 - 0x00007ffa72408000 	C:\WINDOWS\SYSTEM32\IPHLPAPI.DLL
0x00007ffa6c9c0000 - 0x00007ffa6c9ca000 	C:\Windows\System32\rasadhlp.dll
0x00007ffa698e0000 - 0x00007ffa69952000 	C:\WINDOWS\System32\fwpuclnt.dll
0x00007ffa729c0000 - 0x00007ffa729e5000 	C:\WINDOWS\SYSTEM32\bcrypt.dll
0x00007ffa62d20000 - 0x00007ffa62d39000 	C:\Program Files\Java\jdk-13.0.1\bin\net.dll
0x00007ffa6e560000 - 0x00007ffa6e63d000 	C:\WINDOWS\SYSTEM32\WINHTTP.dll
0x00007ffa62d00000 - 0x00007ffa62d13000 	C:\Program Files\Java\jdk-13.0.1\bin\nio.dll
0x00007ffa4dc20000 - 0x00007ffa4dc77000 	C:\Users\ndrew\AppData\Local\Temp\lwjglndrew\3.1.2-build-29\lwjgl.dll
0x00007ffa4c5d0000 - 0x00007ffa4c62c000 	C:\Users\ndrew\AppData\Local\Temp\lwjglndrew\3.1.2-build-29\lwjgl_opengl.dll
0x00007ffa4d480000 - 0x00007ffa4d5a0000 	C:\WINDOWS\SYSTEM32\opengl32.dll
0x00007ffa56990000 - 0x00007ffa569bc000 	C:\WINDOWS\SYSTEM32\GLU32.dll

dbghelp: loaded successfully - version: 4.0.5 - missing functions: none
symbol engine: initialized successfully - sym options: 0x614 - pdb path: .;C:\Program Files\Java\jdk-13.0.1\bin;C:\WINDOWS\SYSTEM32;C:\WINDOWS\WinSxS\amd64_microsoft.windows.common-controls_6595b64144ccf1df_6.0.17134.1130_none_d3ff42617c90becf;C:\Program Files\Java\jdk-13.0.1\bin\server;C:\Users\ndrew\AppData\Local\Temp\lwjglndrew\3.1.2-build-29

VM Arguments:
jvm_args: -agentlib:jdwp=transport=dt_socket,suspend=y,address=localhost:52379 -javaagent:C:\Users\ndrew\eclipse\java-2019-09\eclipse\configuration\org.eclipse.osgi\229\0\.cp\lib\javaagent-shaded.jar -Dfile.encoding=Cp1252 
java_command: main.Main
java_class_path (initial): C:\Users\ndrew\eclipse-workspace\Project5\target\classes;C:\Users\ndrew\.m2\repository\org\lwjgl\lwjgl\3.1.2\lwjgl-3.1.2.jar;C:\Users\ndrew\.m2\repository\org\lwjgl\lwjgl-assimp\3.1.2\lwjgl-assimp-3.1.2.jar;C:\Users\ndrew\.m2\repository\org\lwjgl\lwjgl-glfw\3.1.2\lwjgl-glfw-3.1.2.jar;C:\Users\ndrew\.m2\repository\org\lwjgl\lwjgl-jemalloc\3.1.2\lwjgl-jemalloc-3.1.2.jar;C:\Users\ndrew\.m2\repository\org\lwjgl\lwjgl-openal\3.1.2\lwjgl-openal-3.1.2.jar;C:\Users\ndrew\.m2\repository\org\lwjgl\lwjgl-opengl\3.1.2\lwjgl-opengl-3.1.2.jar;C:\Users\ndrew\.m2\repository\org\lwjgl\lwjgl-stb\3.1.2\lwjgl-stb-3.1.2.jar;C:\Users\ndrew\.m2\repository\org\lwjgl\lwjgl\3.1.2\lwjgl-3.1.2-natives-windows.jar;C:\Users\ndrew\.m2\repository\org\lwjgl\lwjgl-assimp\3.1.2\lwjgl-assimp-3.1.2-natives-windows.jar;C:\Users\ndrew\.m2\repository\org\lwjgl\lwjgl-glfw\3.1.2\lwjgl-glfw-3.1.2-natives-windows.jar;C:\Users\ndrew\.m2\repository\org\lwjgl\lwjgl-jemalloc\3.1.2\lwjgl-jemalloc-3.1.2-natives-windows.jar;C:\Users\ndrew\.m2\repository\org\lwjgl\lwjgl-openal\3.1.2\lwjgl-openal-3.1.2-natives-windows.jar;C:\Users\ndrew\.m2\repository\org\lwjgl\lwjgl-opengl\3.1.2\lwjgl-opengl-3.1.2-natives-windows.jar;C:\Users\ndrew\.m2\repository\org\lwjgl\lwjgl-stb\3.1.2\lwjgl-stb-3.1.2-natives-windows.jar;C:\Users\ndrew\.m2\repository\org\joml\joml\1.9.24\joml-1.9.24.jar
Launcher Type: SUN_STANDARD

[Global flags]
     intx CICompilerCount                          = 4                                         {product} {ergonomic}
     uint ConcGCThreads                            = 3                                         {product} {ergonomic}
     uint G1ConcRefinementThreads                  = 10                                        {product} {ergonomic}
   size_t G1HeapRegionSize                         = 1048576                                   {product} {ergonomic}
    uintx GCDrainStackTargetSize                   = 64                                        {product} {ergonomic}
   size_t InitialHeapSize                          = 268435456                                 {product} {ergonomic}
   size_t MarkStackSize                            = 4194304                                   {product} {ergonomic}
   size_t MaxHeapSize                              = 4278190080                                {product} {ergonomic}
   size_t MaxNewSize                               = 2566914048                                {product} {ergonomic}
   size_t MinHeapDeltaBytes                        = 1048576                                   {product} {ergonomic}
   size_t MinHeapSize                              = 8388608                                   {product} {ergonomic}
    uintx NonNMethodCodeHeapSize                   = 5836300                                {pd product} {ergonomic}
    uintx NonProfiledCodeHeapSize                  = 122910970                              {pd product} {ergonomic}
    uintx ProfiledCodeHeapSize                     = 122910970                              {pd product} {ergonomic}
    uintx ReservedCodeCacheSize                    = 251658240                              {pd product} {ergonomic}
     bool SegmentedCodeCache                       = true                                      {product} {ergonomic}
   size_t SoftMaxHeapSize                          = 4278190080                             {manageable} {ergonomic}
     bool UseCompressedClassPointers               = true                                 {lp64_product} {ergonomic}
     bool UseCompressedOops                        = true                                 {lp64_product} {ergonomic}
     bool UseG1GC                                  = true                                      {product} {ergonomic}
     bool UseLargePagesIndividualAllocation        = false                                  {pd product} {ergonomic}

Logging:
Log output configuration:
 #0: stdout all=warning uptime,level,tags
 #1: stderr all=off uptime,level,tags

Environment Variables:
PATH=C:/Program Files/Java/jdk-13.0.1/bin/server;C:/Program Files/Java/jdk-13.0.1/bin;C:\Program Files (x86)\Common Files\Oracle\Java\javapath;C:\Program Files (x86)\Razer Chroma SDK\bin;C:\Program Files\Razer Chroma SDK\bin;C:\WINDOWS\system32;C:\WINDOWS;C:\WINDOWS\System32\Wbem;C:\WINDOWS\System32\WindowsPowerShell\v1.0\;C:\Program Files (x86)\NVIDIA Corporation\PhysX\Common;C:\WINDOWS\system32;C:\WINDOWS;C:\WINDOWS\System32\Wbem;C:\WINDOWS\System32\WindowsPowerShell\v1.0\;C:\WINDOWS\System32\OpenSSH\;C:\WINDOWS\system32\config\systemprofile\AppData\Local\Microsoft\WindowsApps;;C:\Program Files\NVIDIA Corporation\NVIDIA NvDLISR;C:\Program Files\MySQL\MySQL Utilities 1.6\;C:\Program Files\PuTTY\;C:\Users\ndrew\AppData\Local\Microsoft\WindowsApps;;C:\WINDOWS\system32;
USERNAME=ndrew
OS=Windows_NT
PROCESSOR_IDENTIFIER=AMD64 Family 23 Model 1 Stepping 1, AuthenticAMD



---------------  S Y S T E M  ---------------

OS: Windows 10 , 64 bit Build 17134 (10.0.17134.753)

CPU:total 12 (initial active 12) (12 cores per cpu, 2 threads per core) family 23 model 1 stepping 1, cmov, cx8, fxsr, mmx, sse, sse2, sse3, ssse3, sse4.1, sse4.2, popcnt, avx, avx2, aes, clmul, mmxext, 3dnowpref, lzcnt, sse4a, ht, tsc, tscinvbit, tscinv, bmi1, bmi2, adx, sha, fma

Memory: 4k page, system-wide physical 16314M (7620M free)
TotalPageFile size 30138M (AvailPageFile size 13473M)
current process WorkingSet (physical memory assigned to process): 47M, peak: 48M
current process commit charge ("private bytes"): 357M, peak: 358M

vm_info: Java HotSpot(TM) 64-Bit Server VM (13.0.1+9) for windows-amd64 JRE (13.0.1+9), built on Oct  6 2019 12:37:49 by "mach5one" with unknown MS VC++:1916

END.
