#
# A fatal error has been detected by the Java Runtime Environment:
#
#  EXCEPTION_ACCESS_VIOLATION (0xc0000005) at pc=0x00007ffa4c5de26a, pid=9532, tid=14100
#
# JRE version: Java(TM) SE Runtime Environment (13.0.1+9) (build 13.0.1+9)
# Java VM: Java HotSpot(TM) 64-Bit Server VM (13.0.1+9, mixed mode, sharing, tiered, compressed oops, g1 gc, windows-amd64)
# Problematic frame:
# C  [lwjgl_opengl.dll+0xe26a]
#
# No core dump will be written. Minidumps are not enabled by default on client versions of Windows
#
# If you would like to submit a bug report, please visit:
#   http://bugreport.java.com/bugreport/crash.jsp
# The crash happened outside the Java Virtual Machine in native code.
# See problematic frame for where to report the bug.
#

---------------  S U M M A R Y ------------

Command Line: -Dfile.encoding=Cp1252 main.Main

Host: AMD Ryzen 5 1600X Six-Core Processor           , 12 cores, 15G,  Windows 10 , 64 bit Build 17134 (10.0.17134.753)
Time: Mon Apr 13 00:26:44 2020 Eastern Daylight Time elapsed time: 0 seconds (0d 0h 0m 0s)

---------------  T H R E A D  ---------------

Current thread (0x0000020967d0f000):  JavaThread "main" [_thread_in_native, id=14100, stack(0x0000002348200000,0x0000002348300000)]

Stack: [0x0000002348200000,0x0000002348300000],  sp=0x00000023482fefb8,  free space=1019k
Native frames: (J=compiled Java code, j=interpreted, Vv=VM code, C=native code)
C  [lwjgl_opengl.dll+0xe26a]

Java frames: (J=compiled Java code, j=interpreted, Vv=VM code)
j  org.lwjgl.opengl.GL11.glClear(I)V+0
j  texture.Renderer.<init>()V+7
j  main.Main.<init>()V+30
j  main.Main.main([Ljava/lang/String;)V+4
v  ~StubRoutines::call_stub

siginfo: EXCEPTION_ACCESS_VIOLATION (0xc0000005), reading address 0x0000000000000350


Register to memory mapping:

RIP=0x00007ffa4c5de26a lwjgl_opengl.dll
RAX=0x00007ffa4ad5e850 jvm.dll
RBX={method} {0x000002097f14ac80} 'glClear' '(I)V' in 'org/lwjgl/opengl/GL11'
RCX=0x0000000000004000 is an unknown value
RDX=0x0 is NULL
RSP=0x00000023482fefb8 is pointing into the stack for thread: 0x0000020967d0f000
RBP=0x00000023482ff038 is pointing into the stack for thread: 0x0000020967d0f000
RSI=0x0 is NULL
RDI=0x0000000000000001 is an unknown value
R8 =0x0000000000004000 is an unknown value
R9 =0x0000000000000002 is an unknown value
R10=0x000002090000f4c8 is at code_begin+1000 in an Interpreter codelet
method entry point (kind = native)  [0x000002090000f0e0, 0x000002090000fc40]  2912 bytes
R11=0x0000000710eecae0 is an oop: java.lang.Class 
{0x0000000710eecae0} - klass: 'java/lang/Class'
R12=0x0 is NULL
R13={method} {0x000002097f14ac80} 'glClear' '(I)V' in 'org/lwjgl/opengl/GL11'
R14=0x00000023482ff058 is pointing into the stack for thread: 0x0000020967d0f000
R15=0x0000020967d0f000 is a thread


Registers:
RAX=0x00007ffa4ad5e850, RBX=0x000002097f14ac78, RCX=0x0000000000004000, RDX=0x0000000000000000
RSP=0x00000023482fefb8, RBP=0x00000023482ff038, RSI=0x0000000000000000, RDI=0x0000000000000001
R8 =0x0000000000004000, R9 =0x0000000000000002, R10=0x000002090000f4c8, R11=0x0000000710eecae0
R12=0x0000000000000000, R13=0x000002097f14ac78, R14=0x00000023482ff058, R15=0x0000020967d0f000
RIP=0x00007ffa4c5de26a, EFLAGS=0x0000000000010206

Top of Stack: (sp=0x00000023482fefb8)
0x00000023482fefb8:   000002090000f4f7 000002097f14ac78
0x00000023482fefc8:   0000000000000000 0000000000000000
0x00000023482fefd8:   00007ffa4a5a76b8 000002097f123760
0x00000023482fefe8:   000002090000f196 00000023482feff0
0x00000023482feff8:   000002097f14ac78 00000023482ff058
0x00000023482ff008:   000002097f174e68 0000000000000000
0x00000023482ff018:   0000000710eecae0 000002097f14ac78
0x00000023482ff028:   0000000000000000 00000023482ff058
0x00000023482ff038:   00000023482ff0a8 000002090000a273
0x00000023482ff048:   0000000710eecae0 000002090000c418
0x00000023482ff058:   0000000000004000 00000023482ff060
0x00000023482ff068:   000002097f12361f 00000023482ff0b8
0x00000023482ff078:   000002097f13d0c8 0000000000000000
0x00000023482ff088:   0000000710e5f720 000002097f123760
0x00000023482ff098:   00000023482ff058 00000023482ff0b8
0x00000023482ff0a8:   00000023482ff118 000002090000a273 

Instructions: (pc=0x00007ffa4c5de26a)
0x00007ffa4c5de16a:   ff e0 cc cc cc cc 48 8b 01 41 8b c8 48 8b 50 18
0x00007ffa4c5de17a:   48 ff 62 50 cc cc 48 8b 01 41 8b c8 48 8b 50 18
0x00007ffa4c5de18a:   48 ff 62 68 cc cc 48 8b 01 41 8b d1 41 8b c8 4c
0x00007ffa4c5de19a:   8b 50 18 49 ff a2 b0 01 00 00 cc cc cc cc cc cc
0x00007ffa4c5de1aa:   cc cc cc cc cc cc 48 8b 01 41 8b d1 f3 0f 10 44
0x00007ffa4c5de1ba:   24 40 41 8b c8 f3 0f 10 4c 24 38 f3 0f 10 5c 24
0x00007ffa4c5de1ca:   30 4c 8b 50 18 48 8b 44 24 48 f3 0f 10 54 24 28
0x00007ffa4c5de1da:   48 89 44 24 38 f3 0f 11 44 24 30 f3 0f 11 4c 24
0x00007ffa4c5de1ea:   28 49 ff a2 f0 01 00 00 cc cc cc cc cc cc cc cc
0x00007ffa4c5de1fa:   cc cc cc cc cc cc 48 8b 01 41 8b d1 41 8b c8 4c
0x00007ffa4c5de20a:   8b 50 18 49 ff a2 68 02 00 00 cc cc cc cc cc cc
0x00007ffa4c5de21a:   cc cc cc cc cc cc 48 8b 01 41 8b c8 48 8b 50 18
0x00007ffa4c5de22a:   48 ff a2 10 03 00 00 cc cc cc cc cc cc cc cc cc
0x00007ffa4c5de23a:   cc cc cc cc cc cc 48 8b 01 45 8b d8 4c 8b 44 24
0x00007ffa4c5de24a:   28 41 8b d1 41 8b cb 4c 8b 50 18 49 ff a2 18 03
0x00007ffa4c5de25a:   00 00 cc cc cc cc 48 8b 01 41 8b c8 48 8b 50 18
0x00007ffa4c5de26a:   48 ff a2 50 03 00 00 cc cc cc cc cc cc cc cc cc
0x00007ffa4c5de27a:   cc cc cc cc cc cc 48 8b 01 0f 28 cb f3 0f 10 5c
0x00007ffa4c5de28a:   24 30 0f 28 c2 f3 0f 10 54 24 28 48 8b 48 18 48
0x00007ffa4c5de29a:   ff a1 58 03 00 00 48 8b 01 0f 28 cb f3 0f 10 5c
0x00007ffa4c5de2aa:   24 30 0f 28 c2 f3 0f 10 54 24 28 48 8b 48 18 48
0x00007ffa4c5de2ba:   ff a1 90 03 00 00 48 8b 01 0f 28 c2 48 8b 48 18
0x00007ffa4c5de2ca:   48 ff a1 a8 03 00 00 cc cc cc cc cc cc cc cc cc
0x00007ffa4c5de2da:   cc cc cc cc cc cc 48 8b 01 0f 28 c2 48 8b 48 18
0x00007ffa4c5de2ea:   48 ff a1 c0 03 00 00 cc cc cc cc cc cc cc cc cc
0x00007ffa4c5de2fa:   cc cc cc cc cc cc 48 8b 01 41 8b c8 48 8b 50 18
0x00007ffa4c5de30a:   48 ff a2 08 04 00 00 cc cc cc cc cc cc cc cc cc
0x00007ffa4c5de31a:   cc cc cc cc cc cc 48 8b 01 49 8b d1 41 8b c8 4c
0x00007ffa4c5de32a:   8b 50 18 49 ff a2 48 04 00 00 cc cc cc cc cc cc
0x00007ffa4c5de33a:   cc cc cc cc cc cc 48 8b 01 45 0f b6 d8 44 0f b6
0x00007ffa4c5de34a:   44 24 28 41 0f b6 d1 41 0f b6 cb 4c 8b 50 18 49
0x00007ffa4c5de35a:   ff a2 50 04 00 00 48 8b 01 45 0f b7 d8 44 0f b7 


Stack slot to memory mapping:
stack at sp + 0 slots: 0x000002090000f4f7 is at code_begin+1047 in an Interpreter codelet
method entry point (kind = native)  [0x000002090000f0e0, 0x000002090000fc40]  2912 bytes
stack at sp + 1 slots: {method} {0x000002097f14ac80} 'glClear' '(I)V' in 'org/lwjgl/opengl/GL11'
stack at sp + 2 slots: 0x0 is NULL
stack at sp + 3 slots: 0x0 is NULL
stack at sp + 4 slots: 0x00007ffa4a5a76b8 jvm.dll
stack at sp + 5 slots: {method} {0x000002097f123768} '<init>' '()V' in 'texture/Renderer'
stack at sp + 6 slots: 0x000002090000f196 is at code_begin+182 in an Interpreter codelet
method entry point (kind = native)  [0x000002090000f0e0, 0x000002090000fc40]  2912 bytes
stack at sp + 7 slots: 0x00000023482feff0 is pointing into the stack for thread: 0x0000020967d0f000


---------------  P R O C E S S  ---------------

Threads class SMR info:
_java_thread_list=0x000002097f686ec0, length=10, elements={
0x0000020967d0f000, 0x000002097ed17800, 0x000002097ed1a800, 0x000002097f5b8800,
0x000002097f5bc800, 0x000002097f5be000, 0x000002097f5c3800, 0x000002097f5dd000,
0x000002097f71f000, 0x000002097f71c000
}

Java Threads: ( => current thread )
=>0x0000020967d0f000 JavaThread "main" [_thread_in_native, id=14100, stack(0x0000002348200000,0x0000002348300000)]
  0x000002097ed17800 JavaThread "Reference Handler" daemon [_thread_blocked, id=16572, stack(0x0000002348900000,0x0000002348a00000)]
  0x000002097ed1a800 JavaThread "Finalizer" daemon [_thread_blocked, id=10616, stack(0x0000002348a00000,0x0000002348b00000)]
  0x000002097f5b8800 JavaThread "Signal Dispatcher" daemon [_thread_blocked, id=19572, stack(0x0000002348b00000,0x0000002348c00000)]
  0x000002097f5bc800 JavaThread "Attach Listener" daemon [_thread_blocked, id=19632, stack(0x0000002348c00000,0x0000002348d00000)]
  0x000002097f5be000 JavaThread "C2 CompilerThread0" daemon [_thread_blocked, id=22992, stack(0x0000002348d00000,0x0000002348e00000)]
  0x000002097f5c3800 JavaThread "C1 CompilerThread0" daemon [_thread_blocked, id=15096, stack(0x0000002348e00000,0x0000002348f00000)]
  0x000002097f5dd000 JavaThread "Sweeper thread" daemon [_thread_blocked, id=18248, stack(0x0000002348f00000,0x0000002349000000)]
  0x000002097f71f000 JavaThread "Service Thread" daemon [_thread_blocked, id=17508, stack(0x0000002349000000,0x0000002349100000)]
  0x000002097f71c000 JavaThread "Common-Cleaner" daemon [_thread_blocked, id=17736, stack(0x0000002349200000,0x0000002349300000)]

Other Threads:
  0x000002097ed14000 VMThread "VM Thread" [stack: 0x0000002348800000,0x0000002348900000] [id=9796]
  0x000002097f738800 WatcherThread [stack: 0x0000002349100000,0x0000002349200000] [id=7472]
  0x0000020967d79000 GCTaskThread "GC Thread#0" [stack: 0x0000002348300000,0x0000002348400000] [id=22916]
  0x0000020967d9e800 ConcurrentGCThread "G1 Main Marker" [stack: 0x0000002348400000,0x0000002348500000] [id=4384]
  0x0000020967d9f800 ConcurrentGCThread "G1 Conc#0" [stack: 0x0000002348500000,0x0000002348600000] [id=11372]
  0x000002097ec0c800 ConcurrentGCThread "G1 Refine#0" [stack: 0x0000002348600000,0x0000002348700000] [id=15532]
  0x000002097ec0d800 ConcurrentGCThread "G1 Young RemSet Sampling" [stack: 0x0000002348700000,0x0000002348800000] [id=5856]

Threads with active compile tasks:

VM state:not at safepoint (normal execution)

VM Mutex/Monitor currently owned by a thread: None

Heap address: 0x0000000701000000, size: 4080 MB, Compressed Oops mode: Zero based, Oop shift amount: 3
Narrow klass base: 0x0000000800000000, Narrow klass shift: 3
Compressed class space size: 1073741824 Address: 0x0000000800b40000

Heap:
 garbage-first heap   total 262144K, used 3072K [0x0000000701000000, 0x0000000800000000)
  region size 1024K, 4 young (4096K), 0 survivors (0K)
 Metaspace       used 1980K, capacity 5250K, committed 5376K, reserved 1056768K
  class space    used 157K, capacity 453K, committed 512K, reserved 1048576K
Heap Regions: E=young(eden), S=young(survivor), O=old, HS=humongous(starts), HC=humongous(continues), CS=collection set, F=free, A=archive, TAMS=top-at-mark-start (previous, next)
|   0|0x0000000701000000, 0x0000000701000000, 0x0000000701100000|  0%| F|  |TAMS 0x0000000701000000, 0x0000000701000000| Untracked 
|   1|0x0000000701100000, 0x0000000701100000, 0x0000000701200000|  0%| F|  |TAMS 0x0000000701100000, 0x0000000701100000| Untracked 
|   2|0x0000000701200000, 0x0000000701200000, 0x0000000701300000|  0%| F|  |TAMS 0x0000000701200000, 0x0000000701200000| Untracked 
|   3|0x0000000701300000, 0x0000000701300000, 0x0000000701400000|  0%| F|  |TAMS 0x0000000701300000, 0x0000000701300000| Untracked 
|   4|0x0000000701400000, 0x0000000701400000, 0x0000000701500000|  0%| F|  |TAMS 0x0000000701400000, 0x0000000701400000| Untracked 
|   5|0x0000000701500000, 0x0000000701500000, 0x0000000701600000|  0%| F|  |TAMS 0x0000000701500000, 0x0000000701500000| Untracked 
|   6|0x0000000701600000, 0x0000000701600000, 0x0000000701700000|  0%| F|  |TAMS 0x0000000701600000, 0x0000000701600000| Untracked 
|   7|0x0000000701700000, 0x0000000701700000, 0x0000000701800000|  0%| F|  |TAMS 0x0000000701700000, 0x0000000701700000| Untracked 
|   8|0x0000000701800000, 0x0000000701800000, 0x0000000701900000|  0%| F|  |TAMS 0x0000000701800000, 0x0000000701800000| Untracked 
|   9|0x0000000701900000, 0x0000000701900000, 0x0000000701a00000|  0%| F|  |TAMS 0x0000000701900000, 0x0000000701900000| Untracked 
|  10|0x0000000701a00000, 0x0000000701a00000, 0x0000000701b00000|  0%| F|  |TAMS 0x0000000701a00000, 0x0000000701a00000| Untracked 
|  11|0x0000000701b00000, 0x0000000701b00000, 0x0000000701c00000|  0%| F|  |TAMS 0x0000000701b00000, 0x0000000701b00000| Untracked 
|  12|0x0000000701c00000, 0x0000000701c00000, 0x0000000701d00000|  0%| F|  |TAMS 0x0000000701c00000, 0x0000000701c00000| Untracked 
|  13|0x0000000701d00000, 0x0000000701d00000, 0x0000000701e00000|  0%| F|  |TAMS 0x0000000701d00000, 0x0000000701d00000| Untracked 
|  14|0x0000000701e00000, 0x0000000701e00000, 0x0000000701f00000|  0%| F|  |TAMS 0x0000000701e00000, 0x0000000701e00000| Untracked 
|  15|0x0000000701f00000, 0x0000000701f00000, 0x0000000702000000|  0%| F|  |TAMS 0x0000000701f00000, 0x0000000701f00000| Untracked 
|  16|0x0000000702000000, 0x0000000702000000, 0x0000000702100000|  0%| F|  |TAMS 0x0000000702000000, 0x0000000702000000| Untracked 
|  17|0x0000000702100000, 0x0000000702100000, 0x0000000702200000|  0%| F|  |TAMS 0x0000000702100000, 0x0000000702100000| Untracked 
|  18|0x0000000702200000, 0x0000000702200000, 0x0000000702300000|  0%| F|  |TAMS 0x0000000702200000, 0x0000000702200000| Untracked 
|  19|0x0000000702300000, 0x0000000702300000, 0x0000000702400000|  0%| F|  |TAMS 0x0000000702300000, 0x0000000702300000| Untracked 
|  20|0x0000000702400000, 0x0000000702400000, 0x0000000702500000|  0%| F|  |TAMS 0x0000000702400000, 0x0000000702400000| Untracked 
|  21|0x0000000702500000, 0x0000000702500000, 0x0000000702600000|  0%| F|  |TAMS 0x0000000702500000, 0x0000000702500000| Untracked 
|  22|0x0000000702600000, 0x0000000702600000, 0x0000000702700000|  0%| F|  |TAMS 0x0000000702600000, 0x0000000702600000| Untracked 
|  23|0x0000000702700000, 0x0000000702700000, 0x0000000702800000|  0%| F|  |TAMS 0x0000000702700000, 0x0000000702700000| Untracked 
|  24|0x0000000702800000, 0x0000000702800000, 0x0000000702900000|  0%| F|  |TAMS 0x0000000702800000, 0x0000000702800000| Untracked 
|  25|0x0000000702900000, 0x0000000702900000, 0x0000000702a00000|  0%| F|  |TAMS 0x0000000702900000, 0x0000000702900000| Untracked 
|  26|0x0000000702a00000, 0x0000000702a00000, 0x0000000702b00000|  0%| F|  |TAMS 0x0000000702a00000, 0x0000000702a00000| Untracked 
|  27|0x0000000702b00000, 0x0000000702b00000, 0x0000000702c00000|  0%| F|  |TAMS 0x0000000702b00000, 0x0000000702b00000| Untracked 
|  28|0x0000000702c00000, 0x0000000702c00000, 0x0000000702d00000|  0%| F|  |TAMS 0x0000000702c00000, 0x0000000702c00000| Untracked 
|  29|0x0000000702d00000, 0x0000000702d00000, 0x0000000702e00000|  0%| F|  |TAMS 0x0000000702d00000, 0x0000000702d00000| Untracked 
|  30|0x0000000702e00000, 0x0000000702e00000, 0x0000000702f00000|  0%| F|  |TAMS 0x0000000702e00000, 0x0000000702e00000| Untracked 
|  31|0x0000000702f00000, 0x0000000702f00000, 0x0000000703000000|  0%| F|  |TAMS 0x0000000702f00000, 0x0000000702f00000| Untracked 
|  32|0x0000000703000000, 0x0000000703000000, 0x0000000703100000|  0%| F|  |TAMS 0x0000000703000000, 0x0000000703000000| Untracked 
|  33|0x0000000703100000, 0x0000000703100000, 0x0000000703200000|  0%| F|  |TAMS 0x0000000703100000, 0x0000000703100000| Untracked 
|  34|0x0000000703200000, 0x0000000703200000, 0x0000000703300000|  0%| F|  |TAMS 0x0000000703200000, 0x0000000703200000| Untracked 
|  35|0x0000000703300000, 0x0000000703300000, 0x0000000703400000|  0%| F|  |TAMS 0x0000000703300000, 0x0000000703300000| Untracked 
|  36|0x0000000703400000, 0x0000000703400000, 0x0000000703500000|  0%| F|  |TAMS 0x0000000703400000, 0x0000000703400000| Untracked 
|  37|0x0000000703500000, 0x0000000703500000, 0x0000000703600000|  0%| F|  |TAMS 0x0000000703500000, 0x0000000703500000| Untracked 
|  38|0x0000000703600000, 0x0000000703600000, 0x0000000703700000|  0%| F|  |TAMS 0x0000000703600000, 0x0000000703600000| Untracked 
|  39|0x0000000703700000, 0x0000000703700000, 0x0000000703800000|  0%| F|  |TAMS 0x0000000703700000, 0x0000000703700000| Untracked 
|  40|0x0000000703800000, 0x0000000703800000, 0x0000000703900000|  0%| F|  |TAMS 0x0000000703800000, 0x0000000703800000| Untracked 
|  41|0x0000000703900000, 0x0000000703900000, 0x0000000703a00000|  0%| F|  |TAMS 0x0000000703900000, 0x0000000703900000| Untracked 
|  42|0x0000000703a00000, 0x0000000703a00000, 0x0000000703b00000|  0%| F|  |TAMS 0x0000000703a00000, 0x0000000703a00000| Untracked 
|  43|0x0000000703b00000, 0x0000000703b00000, 0x0000000703c00000|  0%| F|  |TAMS 0x0000000703b00000, 0x0000000703b00000| Untracked 
|  44|0x0000000703c00000, 0x0000000703c00000, 0x0000000703d00000|  0%| F|  |TAMS 0x0000000703c00000, 0x0000000703c00000| Untracked 
|  45|0x0000000703d00000, 0x0000000703d00000, 0x0000000703e00000|  0%| F|  |TAMS 0x0000000703d00000, 0x0000000703d00000| Untracked 
|  46|0x0000000703e00000, 0x0000000703e00000, 0x0000000703f00000|  0%| F|  |TAMS 0x0000000703e00000, 0x0000000703e00000| Untracked 
|  47|0x0000000703f00000, 0x0000000703f00000, 0x0000000704000000|  0%| F|  |TAMS 0x0000000703f00000, 0x0000000703f00000| Untracked 
|  48|0x0000000704000000, 0x0000000704000000, 0x0000000704100000|  0%| F|  |TAMS 0x0000000704000000, 0x0000000704000000| Untracked 
|  49|0x0000000704100000, 0x0000000704100000, 0x0000000704200000|  0%| F|  |TAMS 0x0000000704100000, 0x0000000704100000| Untracked 
|  50|0x0000000704200000, 0x0000000704200000, 0x0000000704300000|  0%| F|  |TAMS 0x0000000704200000, 0x0000000704200000| Untracked 
|  51|0x0000000704300000, 0x0000000704300000, 0x0000000704400000|  0%| F|  |TAMS 0x0000000704300000, 0x0000000704300000| Untracked 
|  52|0x0000000704400000, 0x0000000704400000, 0x0000000704500000|  0%| F|  |TAMS 0x0000000704400000, 0x0000000704400000| Untracked 
|  53|0x0000000704500000, 0x0000000704500000, 0x0000000704600000|  0%| F|  |TAMS 0x0000000704500000, 0x0000000704500000| Untracked 
|  54|0x0000000704600000, 0x0000000704600000, 0x0000000704700000|  0%| F|  |TAMS 0x0000000704600000, 0x0000000704600000| Untracked 
|  55|0x0000000704700000, 0x0000000704700000, 0x0000000704800000|  0%| F|  |TAMS 0x0000000704700000, 0x0000000704700000| Untracked 
|  56|0x0000000704800000, 0x0000000704800000, 0x0000000704900000|  0%| F|  |TAMS 0x0000000704800000, 0x0000000704800000| Untracked 
|  57|0x0000000704900000, 0x0000000704900000, 0x0000000704a00000|  0%| F|  |TAMS 0x0000000704900000, 0x0000000704900000| Untracked 
|  58|0x0000000704a00000, 0x0000000704a00000, 0x0000000704b00000|  0%| F|  |TAMS 0x0000000704a00000, 0x0000000704a00000| Untracked 
|  59|0x0000000704b00000, 0x0000000704b00000, 0x0000000704c00000|  0%| F|  |TAMS 0x0000000704b00000, 0x0000000704b00000| Untracked 
|  60|0x0000000704c00000, 0x0000000704c00000, 0x0000000704d00000|  0%| F|  |TAMS 0x0000000704c00000, 0x0000000704c00000| Untracked 
|  61|0x0000000704d00000, 0x0000000704d00000, 0x0000000704e00000|  0%| F|  |TAMS 0x0000000704d00000, 0x0000000704d00000| Untracked 
|  62|0x0000000704e00000, 0x0000000704e00000, 0x0000000704f00000|  0%| F|  |TAMS 0x0000000704e00000, 0x0000000704e00000| Untracked 
|  63|0x0000000704f00000, 0x0000000704f00000, 0x0000000705000000|  0%| F|  |TAMS 0x0000000704f00000, 0x0000000704f00000| Untracked 
|  64|0x0000000705000000, 0x0000000705000000, 0x0000000705100000|  0%| F|  |TAMS 0x0000000705000000, 0x0000000705000000| Untracked 
|  65|0x0000000705100000, 0x0000000705100000, 0x0000000705200000|  0%| F|  |TAMS 0x0000000705100000, 0x0000000705100000| Untracked 
|  66|0x0000000705200000, 0x0000000705200000, 0x0000000705300000|  0%| F|  |TAMS 0x0000000705200000, 0x0000000705200000| Untracked 
|  67|0x0000000705300000, 0x0000000705300000, 0x0000000705400000|  0%| F|  |TAMS 0x0000000705300000, 0x0000000705300000| Untracked 
|  68|0x0000000705400000, 0x0000000705400000, 0x0000000705500000|  0%| F|  |TAMS 0x0000000705400000, 0x0000000705400000| Untracked 
|  69|0x0000000705500000, 0x0000000705500000, 0x0000000705600000|  0%| F|  |TAMS 0x0000000705500000, 0x0000000705500000| Untracked 
|  70|0x0000000705600000, 0x0000000705600000, 0x0000000705700000|  0%| F|  |TAMS 0x0000000705600000, 0x0000000705600000| Untracked 
|  71|0x0000000705700000, 0x0000000705700000, 0x0000000705800000|  0%| F|  |TAMS 0x0000000705700000, 0x0000000705700000| Untracked 
|  72|0x0000000705800000, 0x0000000705800000, 0x0000000705900000|  0%| F|  |TAMS 0x0000000705800000, 0x0000000705800000| Untracked 
|  73|0x0000000705900000, 0x0000000705900000, 0x0000000705a00000|  0%| F|  |TAMS 0x0000000705900000, 0x0000000705900000| Untracked 
|  74|0x0000000705a00000, 0x0000000705a00000, 0x0000000705b00000|  0%| F|  |TAMS 0x0000000705a00000, 0x0000000705a00000| Untracked 
|  75|0x0000000705b00000, 0x0000000705b00000, 0x0000000705c00000|  0%| F|  |TAMS 0x0000000705b00000, 0x0000000705b00000| Untracked 
|  76|0x0000000705c00000, 0x0000000705c00000, 0x0000000705d00000|  0%| F|  |TAMS 0x0000000705c00000, 0x0000000705c00000| Untracked 
|  77|0x0000000705d00000, 0x0000000705d00000, 0x0000000705e00000|  0%| F|  |TAMS 0x0000000705d00000, 0x0000000705d00000| Untracked 
|  78|0x0000000705e00000, 0x0000000705e00000, 0x0000000705f00000|  0%| F|  |TAMS 0x0000000705e00000, 0x0000000705e00000| Untracked 
|  79|0x0000000705f00000, 0x0000000705f00000, 0x0000000706000000|  0%| F|  |TAMS 0x0000000705f00000, 0x0000000705f00000| Untracked 
|  80|0x0000000706000000, 0x0000000706000000, 0x0000000706100000|  0%| F|  |TAMS 0x0000000706000000, 0x0000000706000000| Untracked 
|  81|0x0000000706100000, 0x0000000706100000, 0x0000000706200000|  0%| F|  |TAMS 0x0000000706100000, 0x0000000706100000| Untracked 
|  82|0x0000000706200000, 0x0000000706200000, 0x0000000706300000|  0%| F|  |TAMS 0x0000000706200000, 0x0000000706200000| Untracked 
|  83|0x0000000706300000, 0x0000000706300000, 0x0000000706400000|  0%| F|  |TAMS 0x0000000706300000, 0x0000000706300000| Untracked 
|  84|0x0000000706400000, 0x0000000706400000, 0x0000000706500000|  0%| F|  |TAMS 0x0000000706400000, 0x0000000706400000| Untracked 
|  85|0x0000000706500000, 0x0000000706500000, 0x0000000706600000|  0%| F|  |TAMS 0x0000000706500000, 0x0000000706500000| Untracked 
|  86|0x0000000706600000, 0x0000000706600000, 0x0000000706700000|  0%| F|  |TAMS 0x0000000706600000, 0x0000000706600000| Untracked 
|  87|0x0000000706700000, 0x0000000706700000, 0x0000000706800000|  0%| F|  |TAMS 0x0000000706700000, 0x0000000706700000| Untracked 
|  88|0x0000000706800000, 0x0000000706800000, 0x0000000706900000|  0%| F|  |TAMS 0x0000000706800000, 0x0000000706800000| Untracked 
|  89|0x0000000706900000, 0x0000000706900000, 0x0000000706a00000|  0%| F|  |TAMS 0x0000000706900000, 0x0000000706900000| Untracked 
|  90|0x0000000706a00000, 0x0000000706a00000, 0x0000000706b00000|  0%| F|  |TAMS 0x0000000706a00000, 0x0000000706a00000| Untracked 
|  91|0x0000000706b00000, 0x0000000706b00000, 0x0000000706c00000|  0%| F|  |TAMS 0x0000000706b00000, 0x0000000706b00000| Untracked 
|  92|0x0000000706c00000, 0x0000000706c00000, 0x0000000706d00000|  0%| F|  |TAMS 0x0000000706c00000, 0x0000000706c00000| Untracked 
|  93|0x0000000706d00000, 0x0000000706d00000, 0x0000000706e00000|  0%| F|  |TAMS 0x0000000706d00000, 0x0000000706d00000| Untracked 
|  94|0x0000000706e00000, 0x0000000706e00000, 0x0000000706f00000|  0%| F|  |TAMS 0x0000000706e00000, 0x0000000706e00000| Untracked 
|  95|0x0000000706f00000, 0x0000000706f00000, 0x0000000707000000|  0%| F|  |TAMS 0x0000000706f00000, 0x0000000706f00000| Untracked 
|  96|0x0000000707000000, 0x0000000707000000, 0x0000000707100000|  0%| F|  |TAMS 0x0000000707000000, 0x0000000707000000| Untracked 
|  97|0x0000000707100000, 0x0000000707100000, 0x0000000707200000|  0%| F|  |TAMS 0x0000000707100000, 0x0000000707100000| Untracked 
|  98|0x0000000707200000, 0x0000000707200000, 0x0000000707300000|  0%| F|  |TAMS 0x0000000707200000, 0x0000000707200000| Untracked 
|  99|0x0000000707300000, 0x0000000707300000, 0x0000000707400000|  0%| F|  |TAMS 0x0000000707300000, 0x0000000707300000| Untracked 
| 100|0x0000000707400000, 0x0000000707400000, 0x0000000707500000|  0%| F|  |TAMS 0x0000000707400000, 0x0000000707400000| Untracked 
| 101|0x0000000707500000, 0x0000000707500000, 0x0000000707600000|  0%| F|  |TAMS 0x0000000707500000, 0x0000000707500000| Untracked 
| 102|0x0000000707600000, 0x0000000707600000, 0x0000000707700000|  0%| F|  |TAMS 0x0000000707600000, 0x0000000707600000| Untracked 
| 103|0x0000000707700000, 0x0000000707700000, 0x0000000707800000|  0%| F|  |TAMS 0x0000000707700000, 0x0000000707700000| Untracked 
| 104|0x0000000707800000, 0x0000000707800000, 0x0000000707900000|  0%| F|  |TAMS 0x0000000707800000, 0x0000000707800000| Untracked 
| 105|0x0000000707900000, 0x0000000707900000, 0x0000000707a00000|  0%| F|  |TAMS 0x0000000707900000, 0x0000000707900000| Untracked 
| 106|0x0000000707a00000, 0x0000000707a00000, 0x0000000707b00000|  0%| F|  |TAMS 0x0000000707a00000, 0x0000000707a00000| Untracked 
| 107|0x0000000707b00000, 0x0000000707b00000, 0x0000000707c00000|  0%| F|  |TAMS 0x0000000707b00000, 0x0000000707b00000| Untracked 
| 108|0x0000000707c00000, 0x0000000707c00000, 0x0000000707d00000|  0%| F|  |TAMS 0x0000000707c00000, 0x0000000707c00000| Untracked 
| 109|0x0000000707d00000, 0x0000000707d00000, 0x0000000707e00000|  0%| F|  |TAMS 0x0000000707d00000, 0x0000000707d00000| Untracked 
| 110|0x0000000707e00000, 0x0000000707e00000, 0x0000000707f00000|  0%| F|  |TAMS 0x0000000707e00000, 0x0000000707e00000| Untracked 
| 111|0x0000000707f00000, 0x0000000707f00000, 0x0000000708000000|  0%| F|  |TAMS 0x0000000707f00000, 0x0000000707f00000| Untracked 
| 112|0x0000000708000000, 0x0000000708000000, 0x0000000708100000|  0%| F|  |TAMS 0x0000000708000000, 0x0000000708000000| Untracked 
| 113|0x0000000708100000, 0x0000000708100000, 0x0000000708200000|  0%| F|  |TAMS 0x0000000708100000, 0x0000000708100000| Untracked 
| 114|0x0000000708200000, 0x0000000708200000, 0x0000000708300000|  0%| F|  |TAMS 0x0000000708200000, 0x0000000708200000| Untracked 
| 115|0x0000000708300000, 0x0000000708300000, 0x0000000708400000|  0%| F|  |TAMS 0x0000000708300000, 0x0000000708300000| Untracked 
| 116|0x0000000708400000, 0x0000000708400000, 0x0000000708500000|  0%| F|  |TAMS 0x0000000708400000, 0x0000000708400000| Untracked 
| 117|0x0000000708500000, 0x0000000708500000, 0x0000000708600000|  0%| F|  |TAMS 0x0000000708500000, 0x0000000708500000| Untracked 
| 118|0x0000000708600000, 0x0000000708600000, 0x0000000708700000|  0%| F|  |TAMS 0x0000000708600000, 0x0000000708600000| Untracked 
| 119|0x0000000708700000, 0x0000000708700000, 0x0000000708800000|  0%| F|  |TAMS 0x0000000708700000, 0x0000000708700000| Untracked 
| 120|0x0000000708800000, 0x0000000708800000, 0x0000000708900000|  0%| F|  |TAMS 0x0000000708800000, 0x0000000708800000| Untracked 
| 121|0x0000000708900000, 0x0000000708900000, 0x0000000708a00000|  0%| F|  |TAMS 0x0000000708900000, 0x0000000708900000| Untracked 
| 122|0x0000000708a00000, 0x0000000708a00000, 0x0000000708b00000|  0%| F|  |TAMS 0x0000000708a00000, 0x0000000708a00000| Untracked 
| 123|0x0000000708b00000, 0x0000000708b00000, 0x0000000708c00000|  0%| F|  |TAMS 0x0000000708b00000, 0x0000000708b00000| Untracked 
| 124|0x0000000708c00000, 0x0000000708c00000, 0x0000000708d00000|  0%| F|  |TAMS 0x0000000708c00000, 0x0000000708c00000| Untracked 
| 125|0x0000000708d00000, 0x0000000708d00000, 0x0000000708e00000|  0%| F|  |TAMS 0x0000000708d00000, 0x0000000708d00000| Untracked 
| 126|0x0000000708e00000, 0x0000000708e00000, 0x0000000708f00000|  0%| F|  |TAMS 0x0000000708e00000, 0x0000000708e00000| Untracked 
| 127|0x0000000708f00000, 0x0000000708f00000, 0x0000000709000000|  0%| F|  |TAMS 0x0000000708f00000, 0x0000000708f00000| Untracked 
| 128|0x0000000709000000, 0x0000000709000000, 0x0000000709100000|  0%| F|  |TAMS 0x0000000709000000, 0x0000000709000000| Untracked 
| 129|0x0000000709100000, 0x0000000709100000, 0x0000000709200000|  0%| F|  |TAMS 0x0000000709100000, 0x0000000709100000| Untracked 
| 130|0x0000000709200000, 0x0000000709200000, 0x0000000709300000|  0%| F|  |TAMS 0x0000000709200000, 0x0000000709200000| Untracked 
| 131|0x0000000709300000, 0x0000000709300000, 0x0000000709400000|  0%| F|  |TAMS 0x0000000709300000, 0x0000000709300000| Untracked 
| 132|0x0000000709400000, 0x0000000709400000, 0x0000000709500000|  0%| F|  |TAMS 0x0000000709400000, 0x0000000709400000| Untracked 
| 133|0x0000000709500000, 0x0000000709500000, 0x0000000709600000|  0%| F|  |TAMS 0x0000000709500000, 0x0000000709500000| Untracked 
| 134|0x0000000709600000, 0x0000000709600000, 0x0000000709700000|  0%| F|  |TAMS 0x0000000709600000, 0x0000000709600000| Untracked 
| 135|0x0000000709700000, 0x0000000709700000, 0x0000000709800000|  0%| F|  |TAMS 0x0000000709700000, 0x0000000709700000| Untracked 
| 136|0x0000000709800000, 0x0000000709800000, 0x0000000709900000|  0%| F|  |TAMS 0x0000000709800000, 0x0000000709800000| Untracked 
| 137|0x0000000709900000, 0x0000000709900000, 0x0000000709a00000|  0%| F|  |TAMS 0x0000000709900000, 0x0000000709900000| Untracked 
| 138|0x0000000709a00000, 0x0000000709a00000, 0x0000000709b00000|  0%| F|  |TAMS 0x0000000709a00000, 0x0000000709a00000| Untracked 
| 139|0x0000000709b00000, 0x0000000709b00000, 0x0000000709c00000|  0%| F|  |TAMS 0x0000000709b00000, 0x0000000709b00000| Untracked 
| 140|0x0000000709c00000, 0x0000000709c00000, 0x0000000709d00000|  0%| F|  |TAMS 0x0000000709c00000, 0x0000000709c00000| Untracked 
| 141|0x0000000709d00000, 0x0000000709d00000, 0x0000000709e00000|  0%| F|  |TAMS 0x0000000709d00000, 0x0000000709d00000| Untracked 
| 142|0x0000000709e00000, 0x0000000709e00000, 0x0000000709f00000|  0%| F|  |TAMS 0x0000000709e00000, 0x0000000709e00000| Untracked 
| 143|0x0000000709f00000, 0x0000000709f00000, 0x000000070a000000|  0%| F|  |TAMS 0x0000000709f00000, 0x0000000709f00000| Untracked 
| 144|0x000000070a000000, 0x000000070a000000, 0x000000070a100000|  0%| F|  |TAMS 0x000000070a000000, 0x000000070a000000| Untracked 
| 145|0x000000070a100000, 0x000000070a100000, 0x000000070a200000|  0%| F|  |TAMS 0x000000070a100000, 0x000000070a100000| Untracked 
| 146|0x000000070a200000, 0x000000070a200000, 0x000000070a300000|  0%| F|  |TAMS 0x000000070a200000, 0x000000070a200000| Untracked 
| 147|0x000000070a300000, 0x000000070a300000, 0x000000070a400000|  0%| F|  |TAMS 0x000000070a300000, 0x000000070a300000| Untracked 
| 148|0x000000070a400000, 0x000000070a400000, 0x000000070a500000|  0%| F|  |TAMS 0x000000070a400000, 0x000000070a400000| Untracked 
| 149|0x000000070a500000, 0x000000070a500000, 0x000000070a600000|  0%| F|  |TAMS 0x000000070a500000, 0x000000070a500000| Untracked 
| 150|0x000000070a600000, 0x000000070a600000, 0x000000070a700000|  0%| F|  |TAMS 0x000000070a600000, 0x000000070a600000| Untracked 
| 151|0x000000070a700000, 0x000000070a700000, 0x000000070a800000|  0%| F|  |TAMS 0x000000070a700000, 0x000000070a700000| Untracked 
| 152|0x000000070a800000, 0x000000070a800000, 0x000000070a900000|  0%| F|  |TAMS 0x000000070a800000, 0x000000070a800000| Untracked 
| 153|0x000000070a900000, 0x000000070a900000, 0x000000070aa00000|  0%| F|  |TAMS 0x000000070a900000, 0x000000070a900000| Untracked 
| 154|0x000000070aa00000, 0x000000070aa00000, 0x000000070ab00000|  0%| F|  |TAMS 0x000000070aa00000, 0x000000070aa00000| Untracked 
| 155|0x000000070ab00000, 0x000000070ab00000, 0x000000070ac00000|  0%| F|  |TAMS 0x000000070ab00000, 0x000000070ab00000| Untracked 
| 156|0x000000070ac00000, 0x000000070ac00000, 0x000000070ad00000|  0%| F|  |TAMS 0x000000070ac00000, 0x000000070ac00000| Untracked 
| 157|0x000000070ad00000, 0x000000070ad00000, 0x000000070ae00000|  0%| F|  |TAMS 0x000000070ad00000, 0x000000070ad00000| Untracked 
| 158|0x000000070ae00000, 0x000000070ae00000, 0x000000070af00000|  0%| F|  |TAMS 0x000000070ae00000, 0x000000070ae00000| Untracked 
| 159|0x000000070af00000, 0x000000070af00000, 0x000000070b000000|  0%| F|  |TAMS 0x000000070af00000, 0x000000070af00000| Untracked 
| 160|0x000000070b000000, 0x000000070b000000, 0x000000070b100000|  0%| F|  |TAMS 0x000000070b000000, 0x000000070b000000| Untracked 
| 161|0x000000070b100000, 0x000000070b100000, 0x000000070b200000|  0%| F|  |TAMS 0x000000070b100000, 0x000000070b100000| Untracked 
| 162|0x000000070b200000, 0x000000070b200000, 0x000000070b300000|  0%| F|  |TAMS 0x000000070b200000, 0x000000070b200000| Untracked 
| 163|0x000000070b300000, 0x000000070b300000, 0x000000070b400000|  0%| F|  |TAMS 0x000000070b300000, 0x000000070b300000| Untracked 
| 164|0x000000070b400000, 0x000000070b400000, 0x000000070b500000|  0%| F|  |TAMS 0x000000070b400000, 0x000000070b400000| Untracked 
| 165|0x000000070b500000, 0x000000070b500000, 0x000000070b600000|  0%| F|  |TAMS 0x000000070b500000, 0x000000070b500000| Untracked 
| 166|0x000000070b600000, 0x000000070b600000, 0x000000070b700000|  0%| F|  |TAMS 0x000000070b600000, 0x000000070b600000| Untracked 
| 167|0x000000070b700000, 0x000000070b700000, 0x000000070b800000|  0%| F|  |TAMS 0x000000070b700000, 0x000000070b700000| Untracked 
| 168|0x000000070b800000, 0x000000070b800000, 0x000000070b900000|  0%| F|  |TAMS 0x000000070b800000, 0x000000070b800000| Untracked 
| 169|0x000000070b900000, 0x000000070b900000, 0x000000070ba00000|  0%| F|  |TAMS 0x000000070b900000, 0x000000070b900000| Untracked 
| 170|0x000000070ba00000, 0x000000070ba00000, 0x000000070bb00000|  0%| F|  |TAMS 0x000000070ba00000, 0x000000070ba00000| Untracked 
| 171|0x000000070bb00000, 0x000000070bb00000, 0x000000070bc00000|  0%| F|  |TAMS 0x000000070bb00000, 0x000000070bb00000| Untracked 
| 172|0x000000070bc00000, 0x000000070bc00000, 0x000000070bd00000|  0%| F|  |TAMS 0x000000070bc00000, 0x000000070bc00000| Untracked 
| 173|0x000000070bd00000, 0x000000070bd00000, 0x000000070be00000|  0%| F|  |TAMS 0x000000070bd00000, 0x000000070bd00000| Untracked 
| 174|0x000000070be00000, 0x000000070be00000, 0x000000070bf00000|  0%| F|  |TAMS 0x000000070be00000, 0x000000070be00000| Untracked 
| 175|0x000000070bf00000, 0x000000070bf00000, 0x000000070c000000|  0%| F|  |TAMS 0x000000070bf00000, 0x000000070bf00000| Untracked 
| 176|0x000000070c000000, 0x000000070c000000, 0x000000070c100000|  0%| F|  |TAMS 0x000000070c000000, 0x000000070c000000| Untracked 
| 177|0x000000070c100000, 0x000000070c100000, 0x000000070c200000|  0%| F|  |TAMS 0x000000070c100000, 0x000000070c100000| Untracked 
| 178|0x000000070c200000, 0x000000070c200000, 0x000000070c300000|  0%| F|  |TAMS 0x000000070c200000, 0x000000070c200000| Untracked 
| 179|0x000000070c300000, 0x000000070c300000, 0x000000070c400000|  0%| F|  |TAMS 0x000000070c300000, 0x000000070c300000| Untracked 
| 180|0x000000070c400000, 0x000000070c400000, 0x000000070c500000|  0%| F|  |TAMS 0x000000070c400000, 0x000000070c400000| Untracked 
| 181|0x000000070c500000, 0x000000070c500000, 0x000000070c600000|  0%| F|  |TAMS 0x000000070c500000, 0x000000070c500000| Untracked 
| 182|0x000000070c600000, 0x000000070c600000, 0x000000070c700000|  0%| F|  |TAMS 0x000000070c600000, 0x000000070c600000| Untracked 
| 183|0x000000070c700000, 0x000000070c700000, 0x000000070c800000|  0%| F|  |TAMS 0x000000070c700000, 0x000000070c700000| Untracked 
| 184|0x000000070c800000, 0x000000070c800000, 0x000000070c900000|  0%| F|  |TAMS 0x000000070c800000, 0x000000070c800000| Untracked 
| 185|0x000000070c900000, 0x000000070c900000, 0x000000070ca00000|  0%| F|  |TAMS 0x000000070c900000, 0x000000070c900000| Untracked 
| 186|0x000000070ca00000, 0x000000070ca00000, 0x000000070cb00000|  0%| F|  |TAMS 0x000000070ca00000, 0x000000070ca00000| Untracked 
| 187|0x000000070cb00000, 0x000000070cb00000, 0x000000070cc00000|  0%| F|  |TAMS 0x000000070cb00000, 0x000000070cb00000| Untracked 
| 188|0x000000070cc00000, 0x000000070cc00000, 0x000000070cd00000|  0%| F|  |TAMS 0x000000070cc00000, 0x000000070cc00000| Untracked 
| 189|0x000000070cd00000, 0x000000070cd00000, 0x000000070ce00000|  0%| F|  |TAMS 0x000000070cd00000, 0x000000070cd00000| Untracked 
| 190|0x000000070ce00000, 0x000000070ce00000, 0x000000070cf00000|  0%| F|  |TAMS 0x000000070ce00000, 0x000000070ce00000| Untracked 
| 191|0x000000070cf00000, 0x000000070cf00000, 0x000000070d000000|  0%| F|  |TAMS 0x000000070cf00000, 0x000000070cf00000| Untracked 
| 192|0x000000070d000000, 0x000000070d000000, 0x000000070d100000|  0%| F|  |TAMS 0x000000070d000000, 0x000000070d000000| Untracked 
| 193|0x000000070d100000, 0x000000070d100000, 0x000000070d200000|  0%| F|  |TAMS 0x000000070d100000, 0x000000070d100000| Untracked 
| 194|0x000000070d200000, 0x000000070d200000, 0x000000070d300000|  0%| F|  |TAMS 0x000000070d200000, 0x000000070d200000| Untracked 
| 195|0x000000070d300000, 0x000000070d300000, 0x000000070d400000|  0%| F|  |TAMS 0x000000070d300000, 0x000000070d300000| Untracked 
| 196|0x000000070d400000, 0x000000070d400000, 0x000000070d500000|  0%| F|  |TAMS 0x000000070d400000, 0x000000070d400000| Untracked 
| 197|0x000000070d500000, 0x000000070d500000, 0x000000070d600000|  0%| F|  |TAMS 0x000000070d500000, 0x000000070d500000| Untracked 
| 198|0x000000070d600000, 0x000000070d600000, 0x000000070d700000|  0%| F|  |TAMS 0x000000070d600000, 0x000000070d600000| Untracked 
| 199|0x000000070d700000, 0x000000070d700000, 0x000000070d800000|  0%| F|  |TAMS 0x000000070d700000, 0x000000070d700000| Untracked 
| 200|0x000000070d800000, 0x000000070d800000, 0x000000070d900000|  0%| F|  |TAMS 0x000000070d800000, 0x000000070d800000| Untracked 
| 201|0x000000070d900000, 0x000000070d900000, 0x000000070da00000|  0%| F|  |TAMS 0x000000070d900000, 0x000000070d900000| Untracked 
| 202|0x000000070da00000, 0x000000070da00000, 0x000000070db00000|  0%| F|  |TAMS 0x000000070da00000, 0x000000070da00000| Untracked 
| 203|0x000000070db00000, 0x000000070db00000, 0x000000070dc00000|  0%| F|  |TAMS 0x000000070db00000, 0x000000070db00000| Untracked 
| 204|0x000000070dc00000, 0x000000070dc00000, 0x000000070dd00000|  0%| F|  |TAMS 0x000000070dc00000, 0x000000070dc00000| Untracked 
| 205|0x000000070dd00000, 0x000000070dd00000, 0x000000070de00000|  0%| F|  |TAMS 0x000000070dd00000, 0x000000070dd00000| Untracked 
| 206|0x000000070de00000, 0x000000070de00000, 0x000000070df00000|  0%| F|  |TAMS 0x000000070de00000, 0x000000070de00000| Untracked 
| 207|0x000000070df00000, 0x000000070df00000, 0x000000070e000000|  0%| F|  |TAMS 0x000000070df00000, 0x000000070df00000| Untracked 
| 208|0x000000070e000000, 0x000000070e000000, 0x000000070e100000|  0%| F|  |TAMS 0x000000070e000000, 0x000000070e000000| Untracked 
| 209|0x000000070e100000, 0x000000070e100000, 0x000000070e200000|  0%| F|  |TAMS 0x000000070e100000, 0x000000070e100000| Untracked 
| 210|0x000000070e200000, 0x000000070e200000, 0x000000070e300000|  0%| F|  |TAMS 0x000000070e200000, 0x000000070e200000| Untracked 
| 211|0x000000070e300000, 0x000000070e300000, 0x000000070e400000|  0%| F|  |TAMS 0x000000070e300000, 0x000000070e300000| Untracked 
| 212|0x000000070e400000, 0x000000070e400000, 0x000000070e500000|  0%| F|  |TAMS 0x000000070e400000, 0x000000070e400000| Untracked 
| 213|0x000000070e500000, 0x000000070e500000, 0x000000070e600000|  0%| F|  |TAMS 0x000000070e500000, 0x000000070e500000| Untracked 
| 214|0x000000070e600000, 0x000000070e600000, 0x000000070e700000|  0%| F|  |TAMS 0x000000070e600000, 0x000000070e600000| Untracked 
| 215|0x000000070e700000, 0x000000070e700000, 0x000000070e800000|  0%| F|  |TAMS 0x000000070e700000, 0x000000070e700000| Untracked 
| 216|0x000000070e800000, 0x000000070e800000, 0x000000070e900000|  0%| F|  |TAMS 0x000000070e800000, 0x000000070e800000| Untracked 
| 217|0x000000070e900000, 0x000000070e900000, 0x000000070ea00000|  0%| F|  |TAMS 0x000000070e900000, 0x000000070e900000| Untracked 
| 218|0x000000070ea00000, 0x000000070ea00000, 0x000000070eb00000|  0%| F|  |TAMS 0x000000070ea00000, 0x000000070ea00000| Untracked 
| 219|0x000000070eb00000, 0x000000070eb00000, 0x000000070ec00000|  0%| F|  |TAMS 0x000000070eb00000, 0x000000070eb00000| Untracked 
| 220|0x000000070ec00000, 0x000000070ec00000, 0x000000070ed00000|  0%| F|  |TAMS 0x000000070ec00000, 0x000000070ec00000| Untracked 
| 221|0x000000070ed00000, 0x000000070ed00000, 0x000000070ee00000|  0%| F|  |TAMS 0x000000070ed00000, 0x000000070ed00000| Untracked 
| 222|0x000000070ee00000, 0x000000070ee00000, 0x000000070ef00000|  0%| F|  |TAMS 0x000000070ee00000, 0x000000070ee00000| Untracked 
| 223|0x000000070ef00000, 0x000000070ef00000, 0x000000070f000000|  0%| F|  |TAMS 0x000000070ef00000, 0x000000070ef00000| Untracked 
| 224|0x000000070f000000, 0x000000070f000000, 0x000000070f100000|  0%| F|  |TAMS 0x000000070f000000, 0x000000070f000000| Untracked 
| 225|0x000000070f100000, 0x000000070f100000, 0x000000070f200000|  0%| F|  |TAMS 0x000000070f100000, 0x000000070f100000| Untracked 
| 226|0x000000070f200000, 0x000000070f200000, 0x000000070f300000|  0%| F|  |TAMS 0x000000070f200000, 0x000000070f200000| Untracked 
| 227|0x000000070f300000, 0x000000070f300000, 0x000000070f400000|  0%| F|  |TAMS 0x000000070f300000, 0x000000070f300000| Untracked 
| 228|0x000000070f400000, 0x000000070f400000, 0x000000070f500000|  0%| F|  |TAMS 0x000000070f400000, 0x000000070f400000| Untracked 
| 229|0x000000070f500000, 0x000000070f500000, 0x000000070f600000|  0%| F|  |TAMS 0x000000070f500000, 0x000000070f500000| Untracked 
| 230|0x000000070f600000, 0x000000070f600000, 0x000000070f700000|  0%| F|  |TAMS 0x000000070f600000, 0x000000070f600000| Untracked 
| 231|0x000000070f700000, 0x000000070f700000, 0x000000070f800000|  0%| F|  |TAMS 0x000000070f700000, 0x000000070f700000| Untracked 
| 232|0x000000070f800000, 0x000000070f800000, 0x000000070f900000|  0%| F|  |TAMS 0x000000070f800000, 0x000000070f800000| Untracked 
| 233|0x000000070f900000, 0x000000070f900000, 0x000000070fa00000|  0%| F|  |TAMS 0x000000070f900000, 0x000000070f900000| Untracked 
| 234|0x000000070fa00000, 0x000000070fa00000, 0x000000070fb00000|  0%| F|  |TAMS 0x000000070fa00000, 0x000000070fa00000| Untracked 
| 235|0x000000070fb00000, 0x000000070fb00000, 0x000000070fc00000|  0%| F|  |TAMS 0x000000070fb00000, 0x000000070fb00000| Untracked 
| 236|0x000000070fc00000, 0x000000070fc00000, 0x000000070fd00000|  0%| F|  |TAMS 0x000000070fc00000, 0x000000070fc00000| Untracked 
| 237|0x000000070fd00000, 0x000000070fd00000, 0x000000070fe00000|  0%| F|  |TAMS 0x000000070fd00000, 0x000000070fd00000| Untracked 
| 238|0x000000070fe00000, 0x000000070fe00000, 0x000000070ff00000|  0%| F|  |TAMS 0x000000070fe00000, 0x000000070fe00000| Untracked 
| 239|0x000000070ff00000, 0x000000070ff00000, 0x0000000710000000|  0%| F|  |TAMS 0x000000070ff00000, 0x000000070ff00000| Untracked 
| 240|0x0000000710000000, 0x0000000710000000, 0x0000000710100000|  0%| F|  |TAMS 0x0000000710000000, 0x0000000710000000| Untracked 
| 241|0x0000000710100000, 0x0000000710100000, 0x0000000710200000|  0%| F|  |TAMS 0x0000000710100000, 0x0000000710100000| Untracked 
| 242|0x0000000710200000, 0x0000000710200000, 0x0000000710300000|  0%| F|  |TAMS 0x0000000710200000, 0x0000000710200000| Untracked 
| 243|0x0000000710300000, 0x0000000710300000, 0x0000000710400000|  0%| F|  |TAMS 0x0000000710300000, 0x0000000710300000| Untracked 
| 244|0x0000000710400000, 0x0000000710400000, 0x0000000710500000|  0%| F|  |TAMS 0x0000000710400000, 0x0000000710400000| Untracked 
| 245|0x0000000710500000, 0x0000000710500000, 0x0000000710600000|  0%| F|  |TAMS 0x0000000710500000, 0x0000000710500000| Untracked 
| 246|0x0000000710600000, 0x0000000710600000, 0x0000000710700000|  0%| F|  |TAMS 0x0000000710600000, 0x0000000710600000| Untracked 
| 247|0x0000000710700000, 0x0000000710700000, 0x0000000710800000|  0%| F|  |TAMS 0x0000000710700000, 0x0000000710700000| Untracked 
| 248|0x0000000710800000, 0x0000000710800000, 0x0000000710900000|  0%| F|  |TAMS 0x0000000710800000, 0x0000000710800000| Untracked 
| 249|0x0000000710900000, 0x0000000710900000, 0x0000000710a00000|  0%| F|  |TAMS 0x0000000710900000, 0x0000000710900000| Untracked 
| 250|0x0000000710a00000, 0x0000000710a00000, 0x0000000710b00000|  0%| F|  |TAMS 0x0000000710a00000, 0x0000000710a00000| Untracked 
| 251|0x0000000710b00000, 0x0000000710b00000, 0x0000000710c00000|  0%| F|  |TAMS 0x0000000710b00000, 0x0000000710b00000| Untracked 
| 252|0x0000000710c00000, 0x0000000710cf8068, 0x0000000710d00000| 96%| E|  |TAMS 0x0000000710c00000, 0x0000000710c00000| Complete 
| 253|0x0000000710d00000, 0x0000000710e00000, 0x0000000710e00000|100%| E|CS|TAMS 0x0000000710d00000, 0x0000000710d00000| Complete 
| 254|0x0000000710e00000, 0x0000000710f00000, 0x0000000710f00000|100%| E|CS|TAMS 0x0000000710e00000, 0x0000000710e00000| Complete 
| 255|0x0000000710f00000, 0x0000000711000000, 0x0000000711000000|100%| E|CS|TAMS 0x0000000710f00000, 0x0000000710f00000| Complete 

Card table byte_map: [0x0000020972fd0000,0x00000209737d0000] _byte_map_base: 0x000002096f7c8000

Marking Bits (Prev, Next): (CMBitMap*) 0x0000020967d7bef8, (CMBitMap*) 0x0000020967d7bf38
 Prev Bits: [0x0000020973fd0000, 0x0000020977f90000)
 Next Bits: [0x0000020977f90000, 0x000002097bf50000)

Polling page: 0x00000209679f0000

Metaspace:

Usage:
  Non-class:      4.68 MB capacity,     1.78 MB ( 38%) used,     2.90 MB ( 62%) free+waste,     3.75 KB ( <1%) overhead. 
      Class:    453.00 KB capacity,   157.45 KB ( 35%) used,   293.37 KB ( 65%) free+waste,     2.19 KB ( <1%) overhead. 
       Both:      5.13 MB capacity,     1.93 MB ( 38%) used,     3.19 MB ( 62%) free+waste,     5.94 KB ( <1%) overhead. 

Virtual space:
  Non-class space:        8.00 MB reserved,       4.75 MB ( 59%) committed 
      Class space:        1.00 GB reserved,     512.00 KB ( <1%) committed 
             Both:        1.01 GB reserved,       5.25 MB ( <1%) committed 

Chunk freelists:
   Non-Class:  3.00 KB
       Class:  0 bytes
        Both:  3.00 KB

MaxMetaspaceSize: 17179869184.00 GB
CompressedClassSpaceSize: 1.00 GB

CodeHeap 'non-profiled nmethods': size=120000Kb used=120Kb max_used=120Kb free=119880Kb
 bounds [0x0000020907ad0000, 0x0000020907d40000, 0x000002090f000000]
CodeHeap 'profiled nmethods': size=120000Kb used=508Kb max_used=508Kb free=119491Kb
 bounds [0x00000209005a0000, 0x0000020900810000, 0x0000020907ad0000]
CodeHeap 'non-nmethods': size=5760Kb used=1160Kb max_used=1176Kb free=4599Kb
 bounds [0x0000020900000000, 0x0000020900270000, 0x00000209005a0000]
 total_blobs=1134 nmethods=378 adapters=319
 compilation: enabled
              stopped_count=0, restarted_count=0
 full_count=0

Compilation events (20 events):
Event: 0.171 Thread 0x000002097f5c3800 nmethod 366 0x0000020907aeb590 code [0x0000020907aeb720, 0x0000020907aeb858]
Event: 0.171 Thread 0x000002097f5c3800  367       1       jdk.internal.loader.URLClassPath$Loader::getBaseURL (5 bytes)
Event: 0.171 Thread 0x000002097f5c3800 nmethod 367 0x0000020907aeb910 code [0x0000020907aebaa0, 0x0000020907aebbd8]
Event: 0.172 Thread 0x000002097f5c3800  368       3       java.lang.String::regionMatches (150 bytes)
Event: 0.172 Thread 0x000002097f5c3800 nmethod 368 0x0000020900617f10 code [0x0000020900618160, 0x0000020900618a10]
Event: 0.173 Thread 0x000002097f5c3800  370       3       java.lang.String::replace (42 bytes)
Event: 0.174 Thread 0x000002097f5c3800 nmethod 370 0x0000020900618d10 code [0x0000020900618ee0, 0x0000020900619280]
Event: 0.178 Thread 0x000002097f5c3800  372       3       java.util.Objects::checkIndex (7 bytes)
Event: 0.178 Thread 0x000002097f5c3800 nmethod 372 0x0000020900619390 code [0x00000209006195a0, 0x0000020900619cd0]
Event: 0.178 Thread 0x000002097f5c3800  373       3       jdk.internal.util.Preconditions::checkIndex (18 bytes)
Event: 0.179 Thread 0x000002097f5c3800 nmethod 373 0x0000020900619f10 code [0x000002090061a100, 0x000002090061a7d0]
Event: 0.179 Thread 0x000002097f5c3800  374       1       java.security.CodeSource::getLocationNoFragString (5 bytes)
Event: 0.179 Thread 0x000002097f5c3800 nmethod 374 0x0000020907aec290 code [0x0000020907aec420, 0x0000020907aec558]
Event: 0.179 Thread 0x000002097f5c3800  375       3       java.util.ArrayList::get (15 bytes)
Event: 0.179 Thread 0x000002097f5c3800 nmethod 375 0x000002090061a990 code [0x000002090061aba0, 0x000002090061b430]
Event: 0.179 Thread 0x000002097f5c3800  376       3       java.util.ArrayList::elementData (7 bytes)
Event: 0.180 Thread 0x000002097f5c3800 nmethod 376 0x000002090061b710 code [0x000002090061b8c0, 0x000002090061ba78]
Event: 0.181 Thread 0x000002097f5c3800  377       3       java.util.zip.ZipFile$Source::getEntryPos (208 bytes)
Event: 0.182 Thread 0x000002097f5c3800 nmethod 377 0x000002090061bb90 code [0x000002090061be00, 0x000002090061cc30]
Event: 0.182 Thread 0x000002097f5c3800  378   !   3       java.util.jar.JarFile::checkForSpecialAttributes (163 bytes)

GC Heap History (0 events):
No events

Deoptimization events (10 events):
Event: 0.099 Thread 0x0000020967d0f000 Uncommon trap: trap_request=0xffffff45 fr.pc=0x0000020907ad4f2c relative=0x000000000000020c
Event: 0.099 Thread 0x0000020967d0f000 Uncommon trap: reason=unstable_if action=reinterpret pc=0x0000020907ad4f2c method=java.lang.String.hashCode()I @ 13 c2
Event: 0.099 Thread 0x0000020967d0f000 DEOPT PACKING pc=0x0000020907ad4f2c sp=0x00000023482fb160
Event: 0.099 Thread 0x0000020967d0f000 DEOPT UNPACKING pc=0x000002090004912f sp=0x00000023482fb0f8 mode 2
Event: 0.165 Thread 0x0000020967d0f000 DEOPT PACKING pc=0x000002090060582d sp=0x00000023482fd100
Event: 0.165 Thread 0x0000020967d0f000 DEOPT UNPACKING pc=0x000002090004964e sp=0x00000023482fc578 mode 0
Event: 0.166 Thread 0x0000020967d0f000 DEOPT PACKING pc=0x000002090060582d sp=0x00000023482fd100
Event: 0.166 Thread 0x0000020967d0f000 DEOPT UNPACKING pc=0x000002090004964e sp=0x00000023482fc578 mode 0
Event: 0.166 Thread 0x0000020967d0f000 DEOPT PACKING pc=0x000002090060582d sp=0x00000023482fd100
Event: 0.166 Thread 0x0000020967d0f000 DEOPT UNPACKING pc=0x000002090004964e sp=0x00000023482fc578 mode 0

Classes unloaded (0 events):
No events

Classes redefined (0 events):
No events

Internal exceptions (4 events):
Event: 0.105 Thread 0x0000020967d0f000 Exception <a 'java/lang/NoSuchMethodError'{0x0000000710d436a8}: 'void java.lang.invoke.DelegatingMethodHandle$Holder.delegate(java.lang.Object, java.lang.Object, int, java.lang.Object)'> (0x0000000710d436a8) 
thrown [t:/workspace/open/src/hotspot/share/interpreter/linkResolver.cpp, line 767]
Event: 0.106 Thread 0x0000020967d0f000 Exception <a 'java/lang/NoSuchMethodError'{0x0000000710d4a4e0}: 'java.lang.Object java.lang.invoke.DirectMethodHandle$Holder.invokeStaticInit(java.lang.Object, java.lang.Object, java.lang.Object)'> (0x0000000710d4a4e0) 
thrown [t:/workspace/open/src/hotspot/share/interpreter/linkResolver.cpp, line 767]
Event: 0.169 Thread 0x0000020967d0f000 Exception <a 'sun/nio/fs/WindowsException'{0x0000000710c30860}> (0x0000000710c30860) 
thrown [t:/workspace/open/src/hotspot/share/prims/jni.cpp, line 598]
Event: 0.169 Thread 0x0000020967d0f000 Exception <a 'sun/nio/fs/WindowsException'{0x0000000710c30d48}> (0x0000000710c30d48) 
thrown [t:/workspace/open/src/hotspot/share/prims/jni.cpp, line 598]

Events (20 events):
Event: 0.177 loading class java/nio/DirectDoubleBufferU
Event: 0.177 loading class java/nio/DirectDoubleBufferU done
Event: 0.177 loading class sun/misc/Unsafe
Event: 0.177 loading class sun/misc/Unsafe done
Event: 0.178 loading class jdk/internal/reflect/UnsafeFieldAccessorFactory
Event: 0.178 loading class jdk/internal/reflect/UnsafeFieldAccessorFactory done
Event: 0.178 loading class jdk/internal/reflect/UnsafeQualifiedStaticObjectFieldAccessorImpl
Event: 0.178 loading class jdk/internal/reflect/UnsafeQualifiedStaticFieldAccessorImpl
Event: 0.178 loading class jdk/internal/reflect/UnsafeQualifiedStaticFieldAccessorImpl done
Event: 0.178 loading class jdk/internal/reflect/UnsafeQualifiedStaticObjectFieldAccessorImpl done
Event: 0.178 loading class org/lwjgl/system/jni/JNINativeInterface
Event: 0.178 loading class org/lwjgl/system/jni/JNINativeInterface done
Event: 0.179 loading class org/lwjgl/system/windows/WinBase
Event: 0.179 loading class org/lwjgl/system/windows/WinBase done
Event: 0.181 loading class org/lwjgl/opengl/GL$1
Event: 0.181 loading class org/lwjgl/opengl/GL$1 done
Event: 0.181 loading class org/lwjgl/opengl/GL$SharedLibraryGL
Event: 0.181 loading class org/lwjgl/opengl/GL$SharedLibraryGL done
Event: 0.182 loading class org/lwjgl/system/SharedLibrary$Delegate
Event: 0.182 loading class org/lwjgl/system/SharedLibrary$Delegate done


Dynamic libraries:
0x00007ff7ed740000 - 0x00007ff7ed74f000 	C:\Program Files\Java\jdk-13.0.1\bin\javaw.exe
0x00007ffa76b70000 - 0x00007ffa76d51000 	C:\WINDOWS\SYSTEM32\ntdll.dll
0x00007ffa768e0000 - 0x00007ffa76991000 	C:\WINDOWS\System32\KERNEL32.DLL
0x00007ffa739a0000 - 0x00007ffa73c13000 	C:\WINDOWS\System32\KERNELBASE.dll
0x00007ffa730c0000 - 0x00007ffa731b8000 	C:\WINDOWS\System32\ucrtbase.dll
0x00007ffa570f0000 - 0x00007ffa57105000 	C:\Program Files\Java\jdk-13.0.1\bin\VCRUNTIME140.dll
0x00007ffa56c30000 - 0x00007ffa56c48000 	C:\Program Files\Java\jdk-13.0.1\bin\jli.dll
0x00007ffa76220000 - 0x00007ffa762c1000 	C:\WINDOWS\System32\ADVAPI32.dll
0x00007ffa75c00000 - 0x00007ffa75c9e000 	C:\WINDOWS\System32\msvcrt.dll
0x00007ffa73fe0000 - 0x00007ffa7403b000 	C:\WINDOWS\System32\sechost.dll
0x00007ffa75d10000 - 0x00007ffa75e34000 	C:\WINDOWS\System32\RPCRT4.dll
0x00007ffa769a0000 - 0x00007ffa76b31000 	C:\WINDOWS\System32\USER32.dll
0x00007ffa632e0000 - 0x00007ffa63549000 	C:\WINDOWS\WinSxS\amd64_microsoft.windows.common-controls_6595b64144ccf1df_6.0.17134.1130_none_d3ff42617c90becf\COMCTL32.dll
0x00007ffa73980000 - 0x00007ffa739a0000 	C:\WINDOWS\System32\win32u.dll
0x00007ffa74130000 - 0x00007ffa74451000 	C:\WINDOWS\System32\combase.dll
0x00007ffa768b0000 - 0x00007ffa768d8000 	C:\WINDOWS\System32\GDI32.dll
0x00007ffa73f60000 - 0x00007ffa73fd9000 	C:\WINDOWS\System32\bcryptPrimitives.dll
0x00007ffa72f20000 - 0x00007ffa730b1000 	C:\WINDOWS\System32\gdi32full.dll
0x00007ffa73c20000 - 0x00007ffa73cbf000 	C:\WINDOWS\System32\msvcp_win.dll
0x00007ffa6dc70000 - 0x00007ffa6dc7a000 	C:\WINDOWS\SYSTEM32\VERSION.dll
0x00007ffa74040000 - 0x00007ffa7406d000 	C:\WINDOWS\System32\IMM32.DLL
0x00007ffa4bc00000 - 0x00007ffa4bc9b000 	C:\Program Files\Java\jdk-13.0.1\bin\msvcp140.dll
0x00007ffa4a360000 - 0x00007ffa4aec6000 	C:\Program Files\Java\jdk-13.0.1\bin\server\jvm.dll
0x00007ffa75940000 - 0x00007ffa75948000 	C:\WINDOWS\System32\PSAPI.DLL
0x00007ffa6fce0000 - 0x00007ffa6fd03000 	C:\WINDOWS\SYSTEM32\WINMM.dll
0x00007ffa6f790000 - 0x00007ffa6f799000 	C:\WINDOWS\SYSTEM32\WSOCK32.dll
0x00007ffa75ca0000 - 0x00007ffa75d0c000 	C:\WINDOWS\System32\WS2_32.dll
0x00007ffa6fcb0000 - 0x00007ffa6fcda000 	C:\WINDOWS\SYSTEM32\WINMMBASE.dll
0x00007ffa73220000 - 0x00007ffa73269000 	C:\WINDOWS\System32\cfgmgr32.dll
0x00007ffa72ee0000 - 0x00007ffa72ef1000 	C:\WINDOWS\System32\kernel.appcore.dll
0x00007ffa6f570000 - 0x00007ffa6f580000 	C:\Program Files\Java\jdk-13.0.1\bin\verify.dll
0x00007ffa64190000 - 0x00007ffa64359000 	C:\WINDOWS\SYSTEM32\DBGHELP.DLL
0x00007ffa64160000 - 0x00007ffa64189000 	C:\WINDOWS\SYSTEM32\dbgcore.DLL
0x00007ffa62d40000 - 0x00007ffa62d66000 	C:\Program Files\Java\jdk-13.0.1\bin\java.dll
0x00007ffa679f0000 - 0x00007ffa67a07000 	C:\Program Files\Java\jdk-13.0.1\bin\zip.dll
0x00007ffa6f560000 - 0x00007ffa6f56a000 	C:\Program Files\Java\jdk-13.0.1\bin\jimage.dll
0x00007ffa74470000 - 0x00007ffa758b5000 	C:\WINDOWS\System32\SHELL32.dll
0x00007ffa762e0000 - 0x00007ffa76389000 	C:\WINDOWS\System32\shcore.dll
0x00007ffa73270000 - 0x00007ffa73980000 	C:\WINDOWS\System32\windows.storage.dll
0x00007ffa740d0000 - 0x00007ffa74121000 	C:\WINDOWS\System32\shlwapi.dll
0x00007ffa72ec0000 - 0x00007ffa72edf000 	C:\WINDOWS\System32\profapi.dll
0x00007ffa72e70000 - 0x00007ffa72ebc000 	C:\WINDOWS\System32\powrprof.dll
0x00007ffa72e60000 - 0x00007ffa72e6a000 	C:\WINDOWS\System32\FLTLIB.DLL
0x00007ffa62d20000 - 0x00007ffa62d39000 	C:\Program Files\Java\jdk-13.0.1\bin\net.dll
0x00007ffa6e560000 - 0x00007ffa6e63d000 	C:\WINDOWS\SYSTEM32\WINHTTP.dll
0x00007ffa72680000 - 0x00007ffa726e6000 	C:\WINDOWS\system32\mswsock.dll
0x00007ffa62d00000 - 0x00007ffa62d13000 	C:\Program Files\Java\jdk-13.0.1\bin\nio.dll
0x00007ffa4dc20000 - 0x00007ffa4dc77000 	C:\Users\ndrew\AppData\Local\Temp\lwjglndrew\3.1.2-build-29\lwjgl.dll
0x00007ffa4c5d0000 - 0x00007ffa4c62c000 	C:\Users\ndrew\AppData\Local\Temp\lwjglndrew\3.1.2-build-29\lwjgl_opengl.dll
0x00007ffa4d480000 - 0x00007ffa4d5a0000 	C:\WINDOWS\SYSTEM32\opengl32.dll
0x00007ffa56990000 - 0x00007ffa569bc000 	C:\WINDOWS\SYSTEM32\GLU32.dll

dbghelp: loaded successfully - version: 4.0.5 - missing functions: none
symbol engine: initialized successfully - sym options: 0x614 - pdb path: .;C:\Program Files\Java\jdk-13.0.1\bin;C:\WINDOWS\SYSTEM32;C:\WINDOWS\WinSxS\amd64_microsoft.windows.common-controls_6595b64144ccf1df_6.0.17134.1130_none_d3ff42617c90becf;C:\Program Files\Java\jdk-13.0.1\bin\server;C:\Users\ndrew\AppData\Local\Temp\lwjglndrew\3.1.2-build-29

VM Arguments:
jvm_args: -Dfile.encoding=Cp1252 
java_command: main.Main
java_class_path (initial): C:\Users\ndrew\eclipse-workspace\Project5\target\classes;C:\Users\ndrew\.m2\repository\org\lwjgl\lwjgl\3.1.2\lwjgl-3.1.2.jar;C:\Users\ndrew\.m2\repository\org\lwjgl\lwjgl-assimp\3.1.2\lwjgl-assimp-3.1.2.jar;C:\Users\ndrew\.m2\repository\org\lwjgl\lwjgl-glfw\3.1.2\lwjgl-glfw-3.1.2.jar;C:\Users\ndrew\.m2\repository\org\lwjgl\lwjgl-jemalloc\3.1.2\lwjgl-jemalloc-3.1.2.jar;C:\Users\ndrew\.m2\repository\org\lwjgl\lwjgl-openal\3.1.2\lwjgl-openal-3.1.2.jar;C:\Users\ndrew\.m2\repository\org\lwjgl\lwjgl-opengl\3.1.2\lwjgl-opengl-3.1.2.jar;C:\Users\ndrew\.m2\repository\org\lwjgl\lwjgl-stb\3.1.2\lwjgl-stb-3.1.2.jar;C:\Users\ndrew\.m2\repository\org\lwjgl\lwjgl\3.1.2\lwjgl-3.1.2-natives-windows.jar;C:\Users\ndrew\.m2\repository\org\lwjgl\lwjgl-assimp\3.1.2\lwjgl-assimp-3.1.2-natives-windows.jar;C:\Users\ndrew\.m2\repository\org\lwjgl\lwjgl-glfw\3.1.2\lwjgl-glfw-3.1.2-natives-windows.jar;C:\Users\ndrew\.m2\repository\org\lwjgl\lwjgl-jemalloc\3.1.2\lwjgl-jemalloc-3.1.2-natives-windows.jar;C:\Users\ndrew\.m2\repository\org\lwjgl\lwjgl-openal\3.1.2\lwjgl-openal-3.1.2-natives-windows.jar;C:\Users\ndrew\.m2\repository\org\lwjgl\lwjgl-opengl\3.1.2\lwjgl-opengl-3.1.2-natives-windows.jar;C:\Users\ndrew\.m2\repository\org\lwjgl\lwjgl-stb\3.1.2\lwjgl-stb-3.1.2-natives-windows.jar;C:\Users\ndrew\.m2\repository\org\joml\joml\1.9.24\joml-1.9.24.jar
Launcher Type: SUN_STANDARD

[Global flags]
     intx CICompilerCount                          = 4                                         {product} {ergonomic}
     uint ConcGCThreads                            = 3                                         {product} {ergonomic}
     uint G1ConcRefinementThreads                  = 10                                        {product} {ergonomic}
   size_t G1HeapRegionSize                         = 1048576                                   {product} {ergonomic}
    uintx GCDrainStackTargetSize                   = 64                                        {product} {ergonomic}
   size_t InitialHeapSize                          = 268435456                                 {product} {ergonomic}
   size_t MarkStackSize                            = 4194304                                   {product} {ergonomic}
   size_t MaxHeapSize                              = 4278190080                                {product} {ergonomic}
   size_t MaxNewSize                               = 2566914048                                {product} {ergonomic}
   size_t MinHeapDeltaBytes                        = 1048576                                   {product} {ergonomic}
   size_t MinHeapSize                              = 8388608                                   {product} {ergonomic}
    uintx NonNMethodCodeHeapSize                   = 5836300                                {pd product} {ergonomic}
    uintx NonProfiledCodeHeapSize                  = 122910970                              {pd product} {ergonomic}
    uintx ProfiledCodeHeapSize                     = 122910970                              {pd product} {ergonomic}
    uintx ReservedCodeCacheSize                    = 251658240                              {pd product} {ergonomic}
     bool SegmentedCodeCache                       = true                                      {product} {ergonomic}
   size_t SoftMaxHeapSize                          = 4278190080                             {manageable} {ergonomic}
     bool UseCompressedClassPointers               = true                                 {lp64_product} {ergonomic}
     bool UseCompressedOops                        = true                                 {lp64_product} {ergonomic}
     bool UseG1GC                                  = true                                      {product} {ergonomic}
     bool UseLargePagesIndividualAllocation        = false                                  {pd product} {ergonomic}

Logging:
Log output configuration:
 #0: stdout all=warning uptime,level,tags
 #1: stderr all=off uptime,level,tags

Environment Variables:
PATH=C:/Program Files/Java/jdk-13.0.1/bin/server;C:/Program Files/Java/jdk-13.0.1/bin;C:\Program Files (x86)\Common Files\Oracle\Java\javapath;C:\Program Files (x86)\Razer Chroma SDK\bin;C:\Program Files\Razer Chroma SDK\bin;C:\WINDOWS\system32;C:\WINDOWS;C:\WINDOWS\System32\Wbem;C:\WINDOWS\System32\WindowsPowerShell\v1.0\;C:\Program Files (x86)\NVIDIA Corporation\PhysX\Common;C:\WINDOWS\system32;C:\WINDOWS;C:\WINDOWS\System32\Wbem;C:\WINDOWS\System32\WindowsPowerShell\v1.0\;C:\WINDOWS\System32\OpenSSH\;C:\WINDOWS\system32\config\systemprofile\AppData\Local\Microsoft\WindowsApps;;C:\Program Files\NVIDIA Corporation\NVIDIA NvDLISR;C:\Program Files\MySQL\MySQL Utilities 1.6\;C:\Program Files\PuTTY\;C:\Users\ndrew\AppData\Local\Microsoft\WindowsApps;;C:\WINDOWS\system32;
USERNAME=ndrew
OS=Windows_NT
PROCESSOR_IDENTIFIER=AMD64 Family 23 Model 1 Stepping 1, AuthenticAMD



---------------  S Y S T E M  ---------------

OS: Windows 10 , 64 bit Build 17134 (10.0.17134.753)

CPU:total 12 (initial active 12) (12 cores per cpu, 2 threads per core) family 23 model 1 stepping 1, cmov, cx8, fxsr, mmx, sse, sse2, sse3, ssse3, sse4.1, sse4.2, popcnt, avx, avx2, aes, clmul, mmxext, 3dnowpref, lzcnt, sse4a, ht, tsc, tscinvbit, tscinv, bmi1, bmi2, adx, sha, fma

Memory: 4k page, system-wide physical 16314M (7277M free)
TotalPageFile size 30138M (AvailPageFile size 13471M)
current process WorkingSet (physical memory assigned to process): 40M, peak: 41M
current process commit charge ("private bytes"): 356M, peak: 357M

vm_info: Java HotSpot(TM) 64-Bit Server VM (13.0.1+9) for windows-amd64 JRE (13.0.1+9), built on Oct  6 2019 12:37:49 by "mach5one" with unknown MS VC++:1916

END.
