#
# There is insufficient memory for the Java Runtime Environment to continue.
# Native memory allocation (malloc) failed to allocate 32744 bytes for ChunkPool::allocate
# Possible reasons:
#   The system is out of physical RAM or swap space
#   The process is running with CompressedOops enabled, and the Java Heap may be blocking the growth of the native heap
# Possible solutions:
#   Reduce memory load on the system
#   Increase physical memory or swap space
#   Check if swap backing store is full
#   Decrease Java heap size (-Xmx/-Xms)
#   Decrease number of Java threads
#   Decrease Java thread stack sizes (-Xss)
#   Set larger code cache with -XX:ReservedCodeCacheSize=
#   JVM is running with Zero Based Compressed Oops mode in which the Java heap is
#     placed in the first 32GB address space. The Java Heap base address is the
#     maximum limit for the native heap growth. Please use -XX:HeapBaseMinAddress
#     to set the Java Heap base and to place the Java Heap above 32GB virtual address.
# This output file may be truncated or incomplete.
#
#  Out of Memory Error (t:/workspace/open/src/hotspot/share/memory/arena.cpp:80), pid=17028, tid=2308
#
# JRE version: Java(TM) SE Runtime Environment (13.0.1+9) (build 13.0.1+9)
# Java VM: Java HotSpot(TM) 64-Bit Server VM (13.0.1+9, mixed mode, sharing, tiered, compressed oops, g1 gc, windows-amd64)
# No core dump will be written. Minidumps are not enabled by default on client versions of Windows
#

---------------  S U M M A R Y ------------

Command Line: -Dfile.encoding=Cp1252 main.Main

Host: AMD Ryzen 5 1600X Six-Core Processor           , 12 cores, 15G,  Windows 10 , 64 bit Build 17134 (10.0.17134.753)
Time: Sun Apr 12 02:38:11 2020 Eastern Daylight Time elapsed time: 318 seconds (0d 0h 5m 18s)

---------------  T H R E A D  ---------------

Current thread (0x0000021da28ee800):  JavaThread "C2 CompilerThread0" daemon [_thread_in_native, id=2308, stack(0x000000f1e8e00000,0x000000f1e8f00000)]


Current CompileTask:
C2: 318856  863       4       texture.Material::<init> (102 bytes)

Stack: [0x000000f1e8e00000,0x000000f1e8f00000]
Native frames: (J=compiled Java code, j=interpreted, Vv=VM code, C=native code)
V  [jvm.dll+0x626eca]
V  [jvm.dll+0x772c6a]
V  [jvm.dll+0x77441f]
V  [jvm.dll+0x774a23]
V  [jvm.dll+0x24da58]
V  [jvm.dll+0xc3d16]
V  [jvm.dll+0xc406c]
V  [jvm.dll+0xc3bcd]
V  [jvm.dll+0x60a5a8]
V  [jvm.dll+0x8b01c]
V  [jvm.dll+0x5c619d]
V  [jvm.dll+0x33b529]
V  [jvm.dll+0x343352]
V  [jvm.dll+0x6390e9]
V  [jvm.dll+0x18e1ec]
V  [jvm.dll+0x18ed98]
V  [jvm.dll+0x2beb76]
V  [jvm.dll+0x643fa4]
V  [jvm.dll+0x63bc2f]
V  [jvm.dll+0x63b26c]
V  [jvm.dll+0x63910d]
V  [jvm.dll+0x18e1ec]
V  [jvm.dll+0x2beb76]
V  [jvm.dll+0x643fa4]
V  [jvm.dll+0x63bc2f]
V  [jvm.dll+0x63b26c]
V  [jvm.dll+0x63910d]
V  [jvm.dll+0x18e1ec]
V  [jvm.dll+0x2beb76]
V  [jvm.dll+0x643fa4]
V  [jvm.dll+0x63bc2f]
V  [jvm.dll+0x63b26c]
V  [jvm.dll+0x63910d]
V  [jvm.dll+0x18e1ec]
V  [jvm.dll+0x206763]
V  [jvm.dll+0x18b94c]
V  [jvm.dll+0x2159bd]
V  [jvm.dll+0x213e6b]
V  [jvm.dll+0x738b16]
V  [jvm.dll+0x731c0a]
V  [jvm.dll+0x6260c6]
C  [ucrtbase.dll+0x1e3fe]
C  [KERNEL32.DLL+0x14034]
C  [ntdll.dll+0x73691]


---------------  P R O C E S S  ---------------

Threads class SMR info:
_java_thread_list=0x0000021daae04110, length=11, elements={
0x0000021da2045000, 0x0000021da204a000, 0x0000021da28ea800, 0x0000021da28ed800,
0x0000021da28ee800, 0x0000021da28f3000, 0x0000021da290d000, 0x0000021da2a3c000,
0x0000021da2a2b800, 0x0000021da2a30000, 0x0000021dfdfaf800
}

Java Threads: ( => current thread )
  0x0000021da2045000 JavaThread "Reference Handler" daemon [_thread_blocked, id=6820, stack(0x000000f1e8a00000,0x000000f1e8b00000)]
  0x0000021da204a000 JavaThread "Finalizer" daemon [_thread_blocked, id=7272, stack(0x000000f1e8b00000,0x000000f1e8c00000)]
  0x0000021da28ea800 JavaThread "Signal Dispatcher" daemon [_thread_blocked, id=16496, stack(0x000000f1e8c00000,0x000000f1e8d00000)]
  0x0000021da28ed800 JavaThread "Attach Listener" daemon [_thread_blocked, id=15980, stack(0x000000f1e8d00000,0x000000f1e8e00000)]
=>0x0000021da28ee800 JavaThread "C2 CompilerThread0" daemon [_thread_in_native, id=2308, stack(0x000000f1e8e00000,0x000000f1e8f00000)]
  0x0000021da28f3000 JavaThread "C1 CompilerThread0" daemon [_thread_blocked, id=21540, stack(0x000000f1e8f00000,0x000000f1e9000000)]
  0x0000021da290d000 JavaThread "Sweeper thread" daemon [_thread_blocked, id=22004, stack(0x000000f1e9000000,0x000000f1e9100000)]
  0x0000021da2a3c000 JavaThread "Service Thread" daemon [_thread_blocked, id=17592, stack(0x000000f1e9100000,0x000000f1e9200000)]
  0x0000021da2a2b800 JavaThread "Common-Cleaner" daemon [_thread_blocked, id=7744, stack(0x000000f1e9300000,0x000000f1e9400000)]
  0x0000021da2a30000 JavaThread "Game" [_thread_in_native, id=12104, stack(0x000000f1e9400000,0x000000f1e9500000)]
  0x0000021dfdfaf800 JavaThread "DestroyJavaVM" [_thread_blocked, id=8024, stack(0x000000f1e8300000,0x000000f1e8400000)]

Other Threads:
  0x0000021da2043800 VMThread "VM Thread" [stack: 0x000000f1e8900000,0x000000f1e8a00000] [id=1428]
  0x0000021da2a3c800 WatcherThread [stack: 0x000000f1e9200000,0x000000f1e9300000] [id=1436]
  0x0000021dfe018800 GCTaskThread "GC Thread#0" [stack: 0x000000f1e8400000,0x000000f1e8500000] [id=22812]
  0x0000021da3404000 GCTaskThread "GC Thread#1" [stack: 0x000000f1e8000000,0x000000f1e8100000] [id=14576]
  0x0000021daadf2000 GCTaskThread "GC Thread#2" [stack: 0x000000f1e8100000,0x000000f1e8200000] [id=11528]
  0x0000021da3405000 GCTaskThread "GC Thread#3" [stack: 0x000000f1e8200000,0x000000f1e8300000] [id=16016]
  0x0000021daadfb000 GCTaskThread "GC Thread#4" [stack: 0x000000f1e9500000,0x000000f1e9600000] [id=10704]
  0x0000021daaec3000 GCTaskThread "GC Thread#5" [stack: 0x000000f1e9d00000,0x000000f1e9e00000] [id=5152]
  0x0000021dfe03e000 ConcurrentGCThread "G1 Main Marker" [stack: 0x000000f1e8500000,0x000000f1e8600000] [id=1388]
  0x0000021dfe03f000 ConcurrentGCThread "G1 Conc#0" [stack: 0x000000f1e8600000,0x000000f1e8700000] [id=21660]
  0x0000021da1f3e000 ConcurrentGCThread "G1 Refine#0" [stack: 0x000000f1e8700000,0x000000f1e8800000] [id=21040]
  0x0000021da1f3f000 ConcurrentGCThread "G1 Young RemSet Sampling" [stack: 0x000000f1e8800000,0x000000f1e8900000] [id=8936]

Threads with active compile tasks:
C2 CompilerThread0   318892  863       4       texture.Material::<init> (102 bytes)

VM state:not at safepoint (normal execution)

VM Mutex/Monitor currently owned by a thread: None

Heap address: 0x0000000701000000, size: 4080 MB, Compressed Oops mode: Zero based, Oop shift amount: 3
Narrow klass base: 0x0000000800000000, Narrow klass shift: 3
Compressed class space size: 1073741824 Address: 0x0000000800b40000

Heap:
 garbage-first heap   total 262144K, used 9046K [0x0000000701000000, 0x0000000800000000)
  region size 1024K, 10 young (10240K), 2 survivors (2048K)
 Metaspace       used 5081K, capacity 8001K, committed 8320K, reserved 1056768K
  class space    used 280K, capacity 589K, committed 640K, reserved 1048576K
Heap Regions: E=young(eden), S=young(survivor), O=old, HS=humongous(starts), HC=humongous(continues), CS=collection set, F=free, A=archive, TAMS=top-at-mark-start (previous, next)
|   0|0x0000000701000000, 0x0000000701000000, 0x0000000701100000|  0%| F|  |TAMS 0x0000000701000000, 0x0000000701000000| Untracked 
|   1|0x0000000701100000, 0x0000000701100000, 0x0000000701200000|  0%| F|  |TAMS 0x0000000701100000, 0x0000000701100000| Untracked 
|   2|0x0000000701200000, 0x0000000701200000, 0x0000000701300000|  0%| F|  |TAMS 0x0000000701200000, 0x0000000701200000| Untracked 
|   3|0x0000000701300000, 0x0000000701300000, 0x0000000701400000|  0%| F|  |TAMS 0x0000000701300000, 0x0000000701300000| Untracked 
|   4|0x0000000701400000, 0x0000000701400000, 0x0000000701500000|  0%| F|  |TAMS 0x0000000701400000, 0x0000000701400000| Untracked 
|   5|0x0000000701500000, 0x0000000701500000, 0x0000000701600000|  0%| F|  |TAMS 0x0000000701500000, 0x0000000701500000| Untracked 
|   6|0x0000000701600000, 0x0000000701600000, 0x0000000701700000|  0%| F|  |TAMS 0x0000000701600000, 0x0000000701600000| Untracked 
|   7|0x0000000701700000, 0x0000000701700000, 0x0000000701800000|  0%| F|  |TAMS 0x0000000701700000, 0x0000000701700000| Untracked 
|   8|0x0000000701800000, 0x0000000701800000, 0x0000000701900000|  0%| F|  |TAMS 0x0000000701800000, 0x0000000701800000| Untracked 
|   9|0x0000000701900000, 0x0000000701900000, 0x0000000701a00000|  0%| F|  |TAMS 0x0000000701900000, 0x0000000701900000| Untracked 
|  10|0x0000000701a00000, 0x0000000701a00000, 0x0000000701b00000|  0%| F|  |TAMS 0x0000000701a00000, 0x0000000701a00000| Untracked 
|  11|0x0000000701b00000, 0x0000000701b00000, 0x0000000701c00000|  0%| F|  |TAMS 0x0000000701b00000, 0x0000000701b00000| Untracked 
|  12|0x0000000701c00000, 0x0000000701c00000, 0x0000000701d00000|  0%| F|  |TAMS 0x0000000701c00000, 0x0000000701c00000| Untracked 
|  13|0x0000000701d00000, 0x0000000701d00000, 0x0000000701e00000|  0%| F|  |TAMS 0x0000000701d00000, 0x0000000701d00000| Untracked 
|  14|0x0000000701e00000, 0x0000000701e00000, 0x0000000701f00000|  0%| F|  |TAMS 0x0000000701e00000, 0x0000000701e00000| Untracked 
|  15|0x0000000701f00000, 0x0000000701f00000, 0x0000000702000000|  0%| F|  |TAMS 0x0000000701f00000, 0x0000000701f00000| Untracked 
|  16|0x0000000702000000, 0x0000000702000000, 0x0000000702100000|  0%| F|  |TAMS 0x0000000702000000, 0x0000000702000000| Untracked 
|  17|0x0000000702100000, 0x0000000702100000, 0x0000000702200000|  0%| F|  |TAMS 0x0000000702100000, 0x0000000702100000| Untracked 
|  18|0x0000000702200000, 0x0000000702200000, 0x0000000702300000|  0%| F|  |TAMS 0x0000000702200000, 0x0000000702200000| Untracked 
|  19|0x0000000702300000, 0x0000000702300000, 0x0000000702400000|  0%| F|  |TAMS 0x0000000702300000, 0x0000000702300000| Untracked 
|  20|0x0000000702400000, 0x0000000702400000, 0x0000000702500000|  0%| F|  |TAMS 0x0000000702400000, 0x0000000702400000| Untracked 
|  21|0x0000000702500000, 0x0000000702500000, 0x0000000702600000|  0%| F|  |TAMS 0x0000000702500000, 0x0000000702500000| Untracked 
|  22|0x0000000702600000, 0x0000000702600000, 0x0000000702700000|  0%| F|  |TAMS 0x0000000702600000, 0x0000000702600000| Untracked 
|  23|0x0000000702700000, 0x0000000702700000, 0x0000000702800000|  0%| F|  |TAMS 0x0000000702700000, 0x0000000702700000| Untracked 
|  24|0x0000000702800000, 0x0000000702800000, 0x0000000702900000|  0%| F|  |TAMS 0x0000000702800000, 0x0000000702800000| Untracked 
|  25|0x0000000702900000, 0x0000000702900000, 0x0000000702a00000|  0%| F|  |TAMS 0x0000000702900000, 0x0000000702900000| Untracked 
|  26|0x0000000702a00000, 0x0000000702a00000, 0x0000000702b00000|  0%| F|  |TAMS 0x0000000702a00000, 0x0000000702a00000| Untracked 
|  27|0x0000000702b00000, 0x0000000702b00000, 0x0000000702c00000|  0%| F|  |TAMS 0x0000000702b00000, 0x0000000702b00000| Untracked 
|  28|0x0000000702c00000, 0x0000000702c00000, 0x0000000702d00000|  0%| F|  |TAMS 0x0000000702c00000, 0x0000000702c00000| Untracked 
|  29|0x0000000702d00000, 0x0000000702d00000, 0x0000000702e00000|  0%| F|  |TAMS 0x0000000702d00000, 0x0000000702d00000| Untracked 
|  30|0x0000000702e00000, 0x0000000702e00000, 0x0000000702f00000|  0%| F|  |TAMS 0x0000000702e00000, 0x0000000702e00000| Untracked 
|  31|0x0000000702f00000, 0x0000000702f00000, 0x0000000703000000|  0%| F|  |TAMS 0x0000000702f00000, 0x0000000702f00000| Untracked 
|  32|0x0000000703000000, 0x0000000703000000, 0x0000000703100000|  0%| F|  |TAMS 0x0000000703000000, 0x0000000703000000| Untracked 
|  33|0x0000000703100000, 0x0000000703100000, 0x0000000703200000|  0%| F|  |TAMS 0x0000000703100000, 0x0000000703100000| Untracked 
|  34|0x0000000703200000, 0x0000000703200000, 0x0000000703300000|  0%| F|  |TAMS 0x0000000703200000, 0x0000000703200000| Untracked 
|  35|0x0000000703300000, 0x0000000703300000, 0x0000000703400000|  0%| F|  |TAMS 0x0000000703300000, 0x0000000703300000| Untracked 
|  36|0x0000000703400000, 0x0000000703400000, 0x0000000703500000|  0%| F|  |TAMS 0x0000000703400000, 0x0000000703400000| Untracked 
|  37|0x0000000703500000, 0x0000000703500000, 0x0000000703600000|  0%| F|  |TAMS 0x0000000703500000, 0x0000000703500000| Untracked 
|  38|0x0000000703600000, 0x0000000703600000, 0x0000000703700000|  0%| F|  |TAMS 0x0000000703600000, 0x0000000703600000| Untracked 
|  39|0x0000000703700000, 0x0000000703700000, 0x0000000703800000|  0%| F|  |TAMS 0x0000000703700000, 0x0000000703700000| Untracked 
|  40|0x0000000703800000, 0x0000000703800000, 0x0000000703900000|  0%| F|  |TAMS 0x0000000703800000, 0x0000000703800000| Untracked 
|  41|0x0000000703900000, 0x0000000703900000, 0x0000000703a00000|  0%| F|  |TAMS 0x0000000703900000, 0x0000000703900000| Untracked 
|  42|0x0000000703a00000, 0x0000000703a00000, 0x0000000703b00000|  0%| F|  |TAMS 0x0000000703a00000, 0x0000000703a00000| Untracked 
|  43|0x0000000703b00000, 0x0000000703b00000, 0x0000000703c00000|  0%| F|  |TAMS 0x0000000703b00000, 0x0000000703b00000| Untracked 
|  44|0x0000000703c00000, 0x0000000703c00000, 0x0000000703d00000|  0%| F|  |TAMS 0x0000000703c00000, 0x0000000703c00000| Untracked 
|  45|0x0000000703d00000, 0x0000000703d00000, 0x0000000703e00000|  0%| F|  |TAMS 0x0000000703d00000, 0x0000000703d00000| Untracked 
|  46|0x0000000703e00000, 0x0000000703e00000, 0x0000000703f00000|  0%| F|  |TAMS 0x0000000703e00000, 0x0000000703e00000| Untracked 
|  47|0x0000000703f00000, 0x0000000703f00000, 0x0000000704000000|  0%| F|  |TAMS 0x0000000703f00000, 0x0000000703f00000| Untracked 
|  48|0x0000000704000000, 0x0000000704000000, 0x0000000704100000|  0%| F|  |TAMS 0x0000000704000000, 0x0000000704000000| Untracked 
|  49|0x0000000704100000, 0x0000000704100000, 0x0000000704200000|  0%| F|  |TAMS 0x0000000704100000, 0x0000000704100000| Untracked 
|  50|0x0000000704200000, 0x0000000704200000, 0x0000000704300000|  0%| F|  |TAMS 0x0000000704200000, 0x0000000704200000| Untracked 
|  51|0x0000000704300000, 0x0000000704300000, 0x0000000704400000|  0%| F|  |TAMS 0x0000000704300000, 0x0000000704300000| Untracked 
|  52|0x0000000704400000, 0x0000000704400000, 0x0000000704500000|  0%| F|  |TAMS 0x0000000704400000, 0x0000000704400000| Untracked 
|  53|0x0000000704500000, 0x0000000704500000, 0x0000000704600000|  0%| F|  |TAMS 0x0000000704500000, 0x0000000704500000| Untracked 
|  54|0x0000000704600000, 0x0000000704600000, 0x0000000704700000|  0%| F|  |TAMS 0x0000000704600000, 0x0000000704600000| Untracked 
|  55|0x0000000704700000, 0x0000000704700000, 0x0000000704800000|  0%| F|  |TAMS 0x0000000704700000, 0x0000000704700000| Untracked 
|  56|0x0000000704800000, 0x0000000704800000, 0x0000000704900000|  0%| F|  |TAMS 0x0000000704800000, 0x0000000704800000| Untracked 
|  57|0x0000000704900000, 0x0000000704900000, 0x0000000704a00000|  0%| F|  |TAMS 0x0000000704900000, 0x0000000704900000| Untracked 
|  58|0x0000000704a00000, 0x0000000704a00000, 0x0000000704b00000|  0%| F|  |TAMS 0x0000000704a00000, 0x0000000704a00000| Untracked 
|  59|0x0000000704b00000, 0x0000000704b00000, 0x0000000704c00000|  0%| F|  |TAMS 0x0000000704b00000, 0x0000000704b00000| Untracked 
|  60|0x0000000704c00000, 0x0000000704c00000, 0x0000000704d00000|  0%| F|  |TAMS 0x0000000704c00000, 0x0000000704c00000| Untracked 
|  61|0x0000000704d00000, 0x0000000704d00000, 0x0000000704e00000|  0%| F|  |TAMS 0x0000000704d00000, 0x0000000704d00000| Untracked 
|  62|0x0000000704e00000, 0x0000000704e00000, 0x0000000704f00000|  0%| F|  |TAMS 0x0000000704e00000, 0x0000000704e00000| Untracked 
|  63|0x0000000704f00000, 0x0000000704f00000, 0x0000000705000000|  0%| F|  |TAMS 0x0000000704f00000, 0x0000000704f00000| Untracked 
|  64|0x0000000705000000, 0x0000000705000000, 0x0000000705100000|  0%| F|  |TAMS 0x0000000705000000, 0x0000000705000000| Untracked 
|  65|0x0000000705100000, 0x0000000705100000, 0x0000000705200000|  0%| F|  |TAMS 0x0000000705100000, 0x0000000705100000| Untracked 
|  66|0x0000000705200000, 0x0000000705200000, 0x0000000705300000|  0%| F|  |TAMS 0x0000000705200000, 0x0000000705200000| Untracked 
|  67|0x0000000705300000, 0x0000000705300000, 0x0000000705400000|  0%| F|  |TAMS 0x0000000705300000, 0x0000000705300000| Untracked 
|  68|0x0000000705400000, 0x0000000705400000, 0x0000000705500000|  0%| F|  |TAMS 0x0000000705400000, 0x0000000705400000| Untracked 
|  69|0x0000000705500000, 0x0000000705500000, 0x0000000705600000|  0%| F|  |TAMS 0x0000000705500000, 0x0000000705500000| Untracked 
|  70|0x0000000705600000, 0x0000000705600000, 0x0000000705700000|  0%| F|  |TAMS 0x0000000705600000, 0x0000000705600000| Untracked 
|  71|0x0000000705700000, 0x0000000705700000, 0x0000000705800000|  0%| F|  |TAMS 0x0000000705700000, 0x0000000705700000| Untracked 
|  72|0x0000000705800000, 0x0000000705800000, 0x0000000705900000|  0%| F|  |TAMS 0x0000000705800000, 0x0000000705800000| Untracked 
|  73|0x0000000705900000, 0x0000000705900000, 0x0000000705a00000|  0%| F|  |TAMS 0x0000000705900000, 0x0000000705900000| Untracked 
|  74|0x0000000705a00000, 0x0000000705a00000, 0x0000000705b00000|  0%| F|  |TAMS 0x0000000705a00000, 0x0000000705a00000| Untracked 
|  75|0x0000000705b00000, 0x0000000705b00000, 0x0000000705c00000|  0%| F|  |TAMS 0x0000000705b00000, 0x0000000705b00000| Untracked 
|  76|0x0000000705c00000, 0x0000000705c00000, 0x0000000705d00000|  0%| F|  |TAMS 0x0000000705c00000, 0x0000000705c00000| Untracked 
|  77|0x0000000705d00000, 0x0000000705d00000, 0x0000000705e00000|  0%| F|  |TAMS 0x0000000705d00000, 0x0000000705d00000| Untracked 
|  78|0x0000000705e00000, 0x0000000705e00000, 0x0000000705f00000|  0%| F|  |TAMS 0x0000000705e00000, 0x0000000705e00000| Untracked 
|  79|0x0000000705f00000, 0x0000000705f00000, 0x0000000706000000|  0%| F|  |TAMS 0x0000000705f00000, 0x0000000705f00000| Untracked 
|  80|0x0000000706000000, 0x0000000706000000, 0x0000000706100000|  0%| F|  |TAMS 0x0000000706000000, 0x0000000706000000| Untracked 
|  81|0x0000000706100000, 0x0000000706100000, 0x0000000706200000|  0%| F|  |TAMS 0x0000000706100000, 0x0000000706100000| Untracked 
|  82|0x0000000706200000, 0x0000000706200000, 0x0000000706300000|  0%| F|  |TAMS 0x0000000706200000, 0x0000000706200000| Untracked 
|  83|0x0000000706300000, 0x0000000706300000, 0x0000000706400000|  0%| F|  |TAMS 0x0000000706300000, 0x0000000706300000| Untracked 
|  84|0x0000000706400000, 0x0000000706400000, 0x0000000706500000|  0%| F|  |TAMS 0x0000000706400000, 0x0000000706400000| Untracked 
|  85|0x0000000706500000, 0x0000000706500000, 0x0000000706600000|  0%| F|  |TAMS 0x0000000706500000, 0x0000000706500000| Untracked 
|  86|0x0000000706600000, 0x0000000706600000, 0x0000000706700000|  0%| F|  |TAMS 0x0000000706600000, 0x0000000706600000| Untracked 
|  87|0x0000000706700000, 0x0000000706700000, 0x0000000706800000|  0%| F|  |TAMS 0x0000000706700000, 0x0000000706700000| Untracked 
|  88|0x0000000706800000, 0x0000000706800000, 0x0000000706900000|  0%| F|  |TAMS 0x0000000706800000, 0x0000000706800000| Untracked 
|  89|0x0000000706900000, 0x0000000706900000, 0x0000000706a00000|  0%| F|  |TAMS 0x0000000706900000, 0x0000000706900000| Untracked 
|  90|0x0000000706a00000, 0x0000000706a00000, 0x0000000706b00000|  0%| F|  |TAMS 0x0000000706a00000, 0x0000000706a00000| Untracked 
|  91|0x0000000706b00000, 0x0000000706b00000, 0x0000000706c00000|  0%| F|  |TAMS 0x0000000706b00000, 0x0000000706b00000| Untracked 
|  92|0x0000000706c00000, 0x0000000706c00000, 0x0000000706d00000|  0%| F|  |TAMS 0x0000000706c00000, 0x0000000706c00000| Untracked 
|  93|0x0000000706d00000, 0x0000000706d00000, 0x0000000706e00000|  0%| F|  |TAMS 0x0000000706d00000, 0x0000000706d00000| Untracked 
|  94|0x0000000706e00000, 0x0000000706e00000, 0x0000000706f00000|  0%| F|  |TAMS 0x0000000706e00000, 0x0000000706e00000| Untracked 
|  95|0x0000000706f00000, 0x0000000706f00000, 0x0000000707000000|  0%| F|  |TAMS 0x0000000706f00000, 0x0000000706f00000| Untracked 
|  96|0x0000000707000000, 0x0000000707000000, 0x0000000707100000|  0%| F|  |TAMS 0x0000000707000000, 0x0000000707000000| Untracked 
|  97|0x0000000707100000, 0x0000000707100000, 0x0000000707200000|  0%| F|  |TAMS 0x0000000707100000, 0x0000000707100000| Untracked 
|  98|0x0000000707200000, 0x0000000707200000, 0x0000000707300000|  0%| F|  |TAMS 0x0000000707200000, 0x0000000707200000| Untracked 
|  99|0x0000000707300000, 0x0000000707300000, 0x0000000707400000|  0%| F|  |TAMS 0x0000000707300000, 0x0000000707300000| Untracked 
| 100|0x0000000707400000, 0x0000000707400000, 0x0000000707500000|  0%| F|  |TAMS 0x0000000707400000, 0x0000000707400000| Untracked 
| 101|0x0000000707500000, 0x0000000707500000, 0x0000000707600000|  0%| F|  |TAMS 0x0000000707500000, 0x0000000707500000| Untracked 
| 102|0x0000000707600000, 0x0000000707600000, 0x0000000707700000|  0%| F|  |TAMS 0x0000000707600000, 0x0000000707600000| Untracked 
| 103|0x0000000707700000, 0x0000000707700000, 0x0000000707800000|  0%| F|  |TAMS 0x0000000707700000, 0x0000000707700000| Untracked 
| 104|0x0000000707800000, 0x0000000707800000, 0x0000000707900000|  0%| F|  |TAMS 0x0000000707800000, 0x0000000707800000| Untracked 
| 105|0x0000000707900000, 0x0000000707900000, 0x0000000707a00000|  0%| F|  |TAMS 0x0000000707900000, 0x0000000707900000| Untracked 
| 106|0x0000000707a00000, 0x0000000707a00000, 0x0000000707b00000|  0%| F|  |TAMS 0x0000000707a00000, 0x0000000707a00000| Untracked 
| 107|0x0000000707b00000, 0x0000000707b00000, 0x0000000707c00000|  0%| F|  |TAMS 0x0000000707b00000, 0x0000000707b00000| Untracked 
| 108|0x0000000707c00000, 0x0000000707c00000, 0x0000000707d00000|  0%| F|  |TAMS 0x0000000707c00000, 0x0000000707c00000| Untracked 
| 109|0x0000000707d00000, 0x0000000707d00000, 0x0000000707e00000|  0%| F|  |TAMS 0x0000000707d00000, 0x0000000707d00000| Untracked 
| 110|0x0000000707e00000, 0x0000000707e00000, 0x0000000707f00000|  0%| F|  |TAMS 0x0000000707e00000, 0x0000000707e00000| Untracked 
| 111|0x0000000707f00000, 0x0000000707f00000, 0x0000000708000000|  0%| F|  |TAMS 0x0000000707f00000, 0x0000000707f00000| Untracked 
| 112|0x0000000708000000, 0x0000000708000000, 0x0000000708100000|  0%| F|  |TAMS 0x0000000708000000, 0x0000000708000000| Untracked 
| 113|0x0000000708100000, 0x0000000708100000, 0x0000000708200000|  0%| F|  |TAMS 0x0000000708100000, 0x0000000708100000| Untracked 
| 114|0x0000000708200000, 0x0000000708200000, 0x0000000708300000|  0%| F|  |TAMS 0x0000000708200000, 0x0000000708200000| Untracked 
| 115|0x0000000708300000, 0x0000000708300000, 0x0000000708400000|  0%| F|  |TAMS 0x0000000708300000, 0x0000000708300000| Untracked 
| 116|0x0000000708400000, 0x0000000708400000, 0x0000000708500000|  0%| F|  |TAMS 0x0000000708400000, 0x0000000708400000| Untracked 
| 117|0x0000000708500000, 0x0000000708500000, 0x0000000708600000|  0%| F|  |TAMS 0x0000000708500000, 0x0000000708500000| Untracked 
| 118|0x0000000708600000, 0x0000000708600000, 0x0000000708700000|  0%| F|  |TAMS 0x0000000708600000, 0x0000000708600000| Untracked 
| 119|0x0000000708700000, 0x0000000708700000, 0x0000000708800000|  0%| F|  |TAMS 0x0000000708700000, 0x0000000708700000| Untracked 
| 120|0x0000000708800000, 0x0000000708800000, 0x0000000708900000|  0%| F|  |TAMS 0x0000000708800000, 0x0000000708800000| Untracked 
| 121|0x0000000708900000, 0x0000000708900000, 0x0000000708a00000|  0%| F|  |TAMS 0x0000000708900000, 0x0000000708900000| Untracked 
| 122|0x0000000708a00000, 0x0000000708a00000, 0x0000000708b00000|  0%| F|  |TAMS 0x0000000708a00000, 0x0000000708a00000| Untracked 
| 123|0x0000000708b00000, 0x0000000708b00000, 0x0000000708c00000|  0%| F|  |TAMS 0x0000000708b00000, 0x0000000708b00000| Untracked 
| 124|0x0000000708c00000, 0x0000000708c00000, 0x0000000708d00000|  0%| F|  |TAMS 0x0000000708c00000, 0x0000000708c00000| Untracked 
| 125|0x0000000708d00000, 0x0000000708d00000, 0x0000000708e00000|  0%| F|  |TAMS 0x0000000708d00000, 0x0000000708d00000| Untracked 
| 126|0x0000000708e00000, 0x0000000708e00000, 0x0000000708f00000|  0%| F|  |TAMS 0x0000000708e00000, 0x0000000708e00000| Untracked 
| 127|0x0000000708f00000, 0x0000000708f00000, 0x0000000709000000|  0%| F|  |TAMS 0x0000000708f00000, 0x0000000708f00000| Untracked 
| 128|0x0000000709000000, 0x0000000709000000, 0x0000000709100000|  0%| F|  |TAMS 0x0000000709000000, 0x0000000709000000| Untracked 
| 129|0x0000000709100000, 0x0000000709100000, 0x0000000709200000|  0%| F|  |TAMS 0x0000000709100000, 0x0000000709100000| Untracked 
| 130|0x0000000709200000, 0x0000000709200000, 0x0000000709300000|  0%| F|  |TAMS 0x0000000709200000, 0x0000000709200000| Untracked 
| 131|0x0000000709300000, 0x0000000709300000, 0x0000000709400000|  0%| F|  |TAMS 0x0000000709300000, 0x0000000709300000| Untracked 
| 132|0x0000000709400000, 0x0000000709400000, 0x0000000709500000|  0%| F|  |TAMS 0x0000000709400000, 0x0000000709400000| Untracked 
| 133|0x0000000709500000, 0x0000000709500000, 0x0000000709600000|  0%| F|  |TAMS 0x0000000709500000, 0x0000000709500000| Untracked 
| 134|0x0000000709600000, 0x0000000709600000, 0x0000000709700000|  0%| F|  |TAMS 0x0000000709600000, 0x0000000709600000| Untracked 
| 135|0x0000000709700000, 0x0000000709700000, 0x0000000709800000|  0%| F|  |TAMS 0x0000000709700000, 0x0000000709700000| Untracked 
| 136|0x0000000709800000, 0x0000000709800000, 0x0000000709900000|  0%| F|  |TAMS 0x0000000709800000, 0x0000000709800000| Untracked 
| 137|0x0000000709900000, 0x0000000709900000, 0x0000000709a00000|  0%| F|  |TAMS 0x0000000709900000, 0x0000000709900000| Untracked 
| 138|0x0000000709a00000, 0x0000000709a00000, 0x0000000709b00000|  0%| F|  |TAMS 0x0000000709a00000, 0x0000000709a00000| Untracked 
| 139|0x0000000709b00000, 0x0000000709b00000, 0x0000000709c00000|  0%| F|  |TAMS 0x0000000709b00000, 0x0000000709b00000| Untracked 
| 140|0x0000000709c00000, 0x0000000709c00000, 0x0000000709d00000|  0%| F|  |TAMS 0x0000000709c00000, 0x0000000709c00000| Untracked 
| 141|0x0000000709d00000, 0x0000000709d00000, 0x0000000709e00000|  0%| F|  |TAMS 0x0000000709d00000, 0x0000000709d00000| Untracked 
| 142|0x0000000709e00000, 0x0000000709e00000, 0x0000000709f00000|  0%| F|  |TAMS 0x0000000709e00000, 0x0000000709e00000| Untracked 
| 143|0x0000000709f00000, 0x0000000709f00000, 0x000000070a000000|  0%| F|  |TAMS 0x0000000709f00000, 0x0000000709f00000| Untracked 
| 144|0x000000070a000000, 0x000000070a000000, 0x000000070a100000|  0%| F|  |TAMS 0x000000070a000000, 0x000000070a000000| Untracked 
| 145|0x000000070a100000, 0x000000070a100000, 0x000000070a200000|  0%| F|  |TAMS 0x000000070a100000, 0x000000070a100000| Untracked 
| 146|0x000000070a200000, 0x000000070a200000, 0x000000070a300000|  0%| F|  |TAMS 0x000000070a200000, 0x000000070a200000| Untracked 
| 147|0x000000070a300000, 0x000000070a300000, 0x000000070a400000|  0%| F|  |TAMS 0x000000070a300000, 0x000000070a300000| Untracked 
| 148|0x000000070a400000, 0x000000070a400000, 0x000000070a500000|  0%| F|  |TAMS 0x000000070a400000, 0x000000070a400000| Untracked 
| 149|0x000000070a500000, 0x000000070a500000, 0x000000070a600000|  0%| F|  |TAMS 0x000000070a500000, 0x000000070a500000| Untracked 
| 150|0x000000070a600000, 0x000000070a600000, 0x000000070a700000|  0%| F|  |TAMS 0x000000070a600000, 0x000000070a600000| Untracked 
| 151|0x000000070a700000, 0x000000070a700000, 0x000000070a800000|  0%| F|  |TAMS 0x000000070a700000, 0x000000070a700000| Untracked 
| 152|0x000000070a800000, 0x000000070a800000, 0x000000070a900000|  0%| F|  |TAMS 0x000000070a800000, 0x000000070a800000| Untracked 
| 153|0x000000070a900000, 0x000000070a900000, 0x000000070aa00000|  0%| F|  |TAMS 0x000000070a900000, 0x000000070a900000| Untracked 
| 154|0x000000070aa00000, 0x000000070aa00000, 0x000000070ab00000|  0%| F|  |TAMS 0x000000070aa00000, 0x000000070aa00000| Untracked 
| 155|0x000000070ab00000, 0x000000070ab00000, 0x000000070ac00000|  0%| F|  |TAMS 0x000000070ab00000, 0x000000070ab00000| Untracked 
| 156|0x000000070ac00000, 0x000000070ac00000, 0x000000070ad00000|  0%| F|  |TAMS 0x000000070ac00000, 0x000000070ac00000| Untracked 
| 157|0x000000070ad00000, 0x000000070ad00000, 0x000000070ae00000|  0%| F|  |TAMS 0x000000070ad00000, 0x000000070ad00000| Untracked 
| 158|0x000000070ae00000, 0x000000070ae00000, 0x000000070af00000|  0%| F|  |TAMS 0x000000070ae00000, 0x000000070ae00000| Untracked 
| 159|0x000000070af00000, 0x000000070af00000, 0x000000070b000000|  0%| F|  |TAMS 0x000000070af00000, 0x000000070af00000| Untracked 
| 160|0x000000070b000000, 0x000000070b000000, 0x000000070b100000|  0%| F|  |TAMS 0x000000070b000000, 0x000000070b000000| Untracked 
| 161|0x000000070b100000, 0x000000070b100000, 0x000000070b200000|  0%| F|  |TAMS 0x000000070b100000, 0x000000070b100000| Untracked 
| 162|0x000000070b200000, 0x000000070b200000, 0x000000070b300000|  0%| F|  |TAMS 0x000000070b200000, 0x000000070b200000| Untracked 
| 163|0x000000070b300000, 0x000000070b300000, 0x000000070b400000|  0%| F|  |TAMS 0x000000070b300000, 0x000000070b300000| Untracked 
| 164|0x000000070b400000, 0x000000070b400000, 0x000000070b500000|  0%| F|  |TAMS 0x000000070b400000, 0x000000070b400000| Untracked 
| 165|0x000000070b500000, 0x000000070b500000, 0x000000070b600000|  0%| F|  |TAMS 0x000000070b500000, 0x000000070b500000| Untracked 
| 166|0x000000070b600000, 0x000000070b600000, 0x000000070b700000|  0%| F|  |TAMS 0x000000070b600000, 0x000000070b600000| Untracked 
| 167|0x000000070b700000, 0x000000070b700000, 0x000000070b800000|  0%| F|  |TAMS 0x000000070b700000, 0x000000070b700000| Untracked 
| 168|0x000000070b800000, 0x000000070b800000, 0x000000070b900000|  0%| F|  |TAMS 0x000000070b800000, 0x000000070b800000| Untracked 
| 169|0x000000070b900000, 0x000000070b900000, 0x000000070ba00000|  0%| F|  |TAMS 0x000000070b900000, 0x000000070b900000| Untracked 
| 170|0x000000070ba00000, 0x000000070ba00000, 0x000000070bb00000|  0%| F|  |TAMS 0x000000070ba00000, 0x000000070ba00000| Untracked 
| 171|0x000000070bb00000, 0x000000070bb00000, 0x000000070bc00000|  0%| F|  |TAMS 0x000000070bb00000, 0x000000070bb00000| Untracked 
| 172|0x000000070bc00000, 0x000000070bc00000, 0x000000070bd00000|  0%| F|  |TAMS 0x000000070bc00000, 0x000000070bc00000| Untracked 
| 173|0x000000070bd00000, 0x000000070bd00000, 0x000000070be00000|  0%| F|  |TAMS 0x000000070bd00000, 0x000000070bd00000| Untracked 
| 174|0x000000070be00000, 0x000000070be00000, 0x000000070bf00000|  0%| F|  |TAMS 0x000000070be00000, 0x000000070be00000| Untracked 
| 175|0x000000070bf00000, 0x000000070bf00000, 0x000000070c000000|  0%| F|  |TAMS 0x000000070bf00000, 0x000000070bf00000| Untracked 
| 176|0x000000070c000000, 0x000000070c000000, 0x000000070c100000|  0%| F|  |TAMS 0x000000070c000000, 0x000000070c000000| Untracked 
| 177|0x000000070c100000, 0x000000070c100000, 0x000000070c200000|  0%| F|  |TAMS 0x000000070c100000, 0x000000070c100000| Untracked 
| 178|0x000000070c200000, 0x000000070c200000, 0x000000070c300000|  0%| F|  |TAMS 0x000000070c200000, 0x000000070c200000| Untracked 
| 179|0x000000070c300000, 0x000000070c300000, 0x000000070c400000|  0%| F|  |TAMS 0x000000070c300000, 0x000000070c300000| Untracked 
| 180|0x000000070c400000, 0x000000070c400000, 0x000000070c500000|  0%| F|  |TAMS 0x000000070c400000, 0x000000070c400000| Untracked 
| 181|0x000000070c500000, 0x000000070c500000, 0x000000070c600000|  0%| F|  |TAMS 0x000000070c500000, 0x000000070c500000| Untracked 
| 182|0x000000070c600000, 0x000000070c600000, 0x000000070c700000|  0%| F|  |TAMS 0x000000070c600000, 0x000000070c600000| Untracked 
| 183|0x000000070c700000, 0x000000070c700000, 0x000000070c800000|  0%| F|  |TAMS 0x000000070c700000, 0x000000070c700000| Untracked 
| 184|0x000000070c800000, 0x000000070c800000, 0x000000070c900000|  0%| F|  |TAMS 0x000000070c800000, 0x000000070c800000| Untracked 
| 185|0x000000070c900000, 0x000000070c900000, 0x000000070ca00000|  0%| F|  |TAMS 0x000000070c900000, 0x000000070c900000| Untracked 
| 186|0x000000070ca00000, 0x000000070ca00000, 0x000000070cb00000|  0%| F|  |TAMS 0x000000070ca00000, 0x000000070ca00000| Untracked 
| 187|0x000000070cb00000, 0x000000070cb00000, 0x000000070cc00000|  0%| F|  |TAMS 0x000000070cb00000, 0x000000070cb00000| Untracked 
| 188|0x000000070cc00000, 0x000000070cc00000, 0x000000070cd00000|  0%| F|  |TAMS 0x000000070cc00000, 0x000000070cc00000| Untracked 
| 189|0x000000070cd00000, 0x000000070cd00000, 0x000000070ce00000|  0%| F|  |TAMS 0x000000070cd00000, 0x000000070cd00000| Untracked 
| 190|0x000000070ce00000, 0x000000070ce00000, 0x000000070cf00000|  0%| F|  |TAMS 0x000000070ce00000, 0x000000070ce00000| Untracked 
| 191|0x000000070cf00000, 0x000000070cf00000, 0x000000070d000000|  0%| F|  |TAMS 0x000000070cf00000, 0x000000070cf00000| Untracked 
| 192|0x000000070d000000, 0x000000070d000000, 0x000000070d100000|  0%| F|  |TAMS 0x000000070d000000, 0x000000070d000000| Untracked 
| 193|0x000000070d100000, 0x000000070d100000, 0x000000070d200000|  0%| F|  |TAMS 0x000000070d100000, 0x000000070d100000| Untracked 
| 194|0x000000070d200000, 0x000000070d200000, 0x000000070d300000|  0%| F|  |TAMS 0x000000070d200000, 0x000000070d200000| Untracked 
| 195|0x000000070d300000, 0x000000070d300000, 0x000000070d400000|  0%| F|  |TAMS 0x000000070d300000, 0x000000070d300000| Untracked 
| 196|0x000000070d400000, 0x000000070d400000, 0x000000070d500000|  0%| F|  |TAMS 0x000000070d400000, 0x000000070d400000| Untracked 
| 197|0x000000070d500000, 0x000000070d500000, 0x000000070d600000|  0%| F|  |TAMS 0x000000070d500000, 0x000000070d500000| Untracked 
| 198|0x000000070d600000, 0x000000070d600000, 0x000000070d700000|  0%| F|  |TAMS 0x000000070d600000, 0x000000070d600000| Untracked 
| 199|0x000000070d700000, 0x000000070d700000, 0x000000070d800000|  0%| F|  |TAMS 0x000000070d700000, 0x000000070d700000| Untracked 
| 200|0x000000070d800000, 0x000000070d800000, 0x000000070d900000|  0%| F|  |TAMS 0x000000070d800000, 0x000000070d800000| Untracked 
| 201|0x000000070d900000, 0x000000070d900000, 0x000000070da00000|  0%| F|  |TAMS 0x000000070d900000, 0x000000070d900000| Untracked 
| 202|0x000000070da00000, 0x000000070da00000, 0x000000070db00000|  0%| F|  |TAMS 0x000000070da00000, 0x000000070da00000| Untracked 
| 203|0x000000070db00000, 0x000000070db00000, 0x000000070dc00000|  0%| F|  |TAMS 0x000000070db00000, 0x000000070db00000| Untracked 
| 204|0x000000070dc00000, 0x000000070dc00000, 0x000000070dd00000|  0%| F|  |TAMS 0x000000070dc00000, 0x000000070dc00000| Untracked 
| 205|0x000000070dd00000, 0x000000070dd00000, 0x000000070de00000|  0%| F|  |TAMS 0x000000070dd00000, 0x000000070dd00000| Untracked 
| 206|0x000000070de00000, 0x000000070de00000, 0x000000070df00000|  0%| F|  |TAMS 0x000000070de00000, 0x000000070de00000| Untracked 
| 207|0x000000070df00000, 0x000000070df00000, 0x000000070e000000|  0%| F|  |TAMS 0x000000070df00000, 0x000000070df00000| Untracked 
| 208|0x000000070e000000, 0x000000070e000000, 0x000000070e100000|  0%| F|  |TAMS 0x000000070e000000, 0x000000070e000000| Untracked 
| 209|0x000000070e100000, 0x000000070e100000, 0x000000070e200000|  0%| F|  |TAMS 0x000000070e100000, 0x000000070e100000| Untracked 
| 210|0x000000070e200000, 0x000000070e200000, 0x000000070e300000|  0%| F|  |TAMS 0x000000070e200000, 0x000000070e200000| Untracked 
| 211|0x000000070e300000, 0x000000070e300000, 0x000000070e400000|  0%| F|  |TAMS 0x000000070e300000, 0x000000070e300000| Untracked 
| 212|0x000000070e400000, 0x000000070e400000, 0x000000070e500000|  0%| F|  |TAMS 0x000000070e400000, 0x000000070e400000| Untracked 
| 213|0x000000070e500000, 0x000000070e500000, 0x000000070e600000|  0%| F|  |TAMS 0x000000070e500000, 0x000000070e500000| Untracked 
| 214|0x000000070e600000, 0x000000070e600000, 0x000000070e700000|  0%| F|  |TAMS 0x000000070e600000, 0x000000070e600000| Untracked 
| 215|0x000000070e700000, 0x000000070e700000, 0x000000070e800000|  0%| F|  |TAMS 0x000000070e700000, 0x000000070e700000| Untracked 
| 216|0x000000070e800000, 0x000000070e800000, 0x000000070e900000|  0%| F|  |TAMS 0x000000070e800000, 0x000000070e800000| Untracked 
| 217|0x000000070e900000, 0x000000070e900000, 0x000000070ea00000|  0%| F|  |TAMS 0x000000070e900000, 0x000000070e900000| Untracked 
| 218|0x000000070ea00000, 0x000000070ea00000, 0x000000070eb00000|  0%| F|  |TAMS 0x000000070ea00000, 0x000000070ea00000| Untracked 
| 219|0x000000070eb00000, 0x000000070eb00000, 0x000000070ec00000|  0%| F|  |TAMS 0x000000070eb00000, 0x000000070eb00000| Untracked 
| 220|0x000000070ec00000, 0x000000070ec00000, 0x000000070ed00000|  0%| F|  |TAMS 0x000000070ec00000, 0x000000070ec00000| Untracked 
| 221|0x000000070ed00000, 0x000000070ed00000, 0x000000070ee00000|  0%| F|  |TAMS 0x000000070ed00000, 0x000000070ed00000| Untracked 
| 222|0x000000070ee00000, 0x000000070ee00000, 0x000000070ef00000|  0%| F|  |TAMS 0x000000070ee00000, 0x000000070ee00000| Untracked 
| 223|0x000000070ef00000, 0x000000070ef00000, 0x000000070f000000|  0%| F|  |TAMS 0x000000070ef00000, 0x000000070ef00000| Untracked 
| 224|0x000000070f000000, 0x000000070f000000, 0x000000070f100000|  0%| F|  |TAMS 0x000000070f000000, 0x000000070f000000| Untracked 
| 225|0x000000070f100000, 0x000000070f100000, 0x000000070f200000|  0%| F|  |TAMS 0x000000070f100000, 0x000000070f100000| Untracked 
| 226|0x000000070f200000, 0x000000070f200000, 0x000000070f300000|  0%| F|  |TAMS 0x000000070f200000, 0x000000070f200000| Untracked 
| 227|0x000000070f300000, 0x000000070f300000, 0x000000070f400000|  0%| F|  |TAMS 0x000000070f300000, 0x000000070f300000| Untracked 
| 228|0x000000070f400000, 0x000000070f400000, 0x000000070f500000|  0%| F|  |TAMS 0x000000070f400000, 0x000000070f400000| Untracked 
| 229|0x000000070f500000, 0x000000070f500000, 0x000000070f600000|  0%| F|  |TAMS 0x000000070f500000, 0x000000070f500000| Untracked 
| 230|0x000000070f600000, 0x000000070f6d5a38, 0x000000070f700000| 83%| S|CS|TAMS 0x000000070f600000, 0x000000070f600000| Complete 
| 231|0x000000070f700000, 0x000000070f800000, 0x000000070f800000|100%| S|CS|TAMS 0x000000070f700000, 0x000000070f700000| Complete 
| 232|0x000000070f800000, 0x000000070f800000, 0x000000070f900000|  0%| F|  |TAMS 0x000000070f800000, 0x000000070f800000| Untracked 
| 233|0x000000070f900000, 0x000000070f900000, 0x000000070fa00000|  0%| F|  |TAMS 0x000000070f900000, 0x000000070f900000| Untracked 
| 234|0x000000070fa00000, 0x000000070fa00000, 0x000000070fb00000|  0%| F|  |TAMS 0x000000070fa00000, 0x000000070fa00000| Untracked 
| 235|0x000000070fb00000, 0x000000070fb00000, 0x000000070fc00000|  0%| F|  |TAMS 0x000000070fb00000, 0x000000070fb00000| Untracked 
| 236|0x000000070fc00000, 0x000000070fc00000, 0x000000070fd00000|  0%| F|  |TAMS 0x000000070fc00000, 0x000000070fc00000| Untracked 
| 237|0x000000070fd00000, 0x000000070fd00000, 0x000000070fe00000|  0%| F|  |TAMS 0x000000070fd00000, 0x000000070fd00000| Untracked 
| 238|0x000000070fe00000, 0x000000070fe00000, 0x000000070ff00000|  0%| F|  |TAMS 0x000000070fe00000, 0x000000070fe00000| Untracked 
| 239|0x000000070ff00000, 0x000000070ff00000, 0x0000000710000000|  0%| F|  |TAMS 0x000000070ff00000, 0x000000070ff00000| Untracked 
| 240|0x0000000710000000, 0x0000000710000000, 0x0000000710100000|  0%| F|  |TAMS 0x0000000710000000, 0x0000000710000000| Untracked 
| 241|0x0000000710100000, 0x0000000710100000, 0x0000000710200000|  0%| F|  |TAMS 0x0000000710100000, 0x0000000710100000| Untracked 
| 242|0x0000000710200000, 0x0000000710200000, 0x0000000710300000|  0%| F|  |TAMS 0x0000000710200000, 0x0000000710200000| Untracked 
| 243|0x0000000710300000, 0x0000000710300000, 0x0000000710400000|  0%| F|  |TAMS 0x0000000710300000, 0x0000000710300000| Untracked 
| 244|0x0000000710400000, 0x0000000710400000, 0x0000000710500000|  0%| F|  |TAMS 0x0000000710400000, 0x0000000710400000| Untracked 
| 245|0x0000000710500000, 0x0000000710500000, 0x0000000710600000|  0%| F|  |TAMS 0x0000000710500000, 0x0000000710500000| Untracked 
| 246|0x0000000710600000, 0x0000000710600000, 0x0000000710700000|  0%| F|  |TAMS 0x0000000710600000, 0x0000000710600000| Untracked 
| 247|0x0000000710700000, 0x0000000710700000, 0x0000000710800000|  0%| F|  |TAMS 0x0000000710700000, 0x0000000710700000| Untracked 
| 248|0x0000000710800000, 0x0000000710880800, 0x0000000710900000| 50%| E|  |TAMS 0x0000000710800000, 0x0000000710800000| Complete 
| 249|0x0000000710900000, 0x0000000710a00000, 0x0000000710a00000|100%| E|CS|TAMS 0x0000000710900000, 0x0000000710900000| Complete 
| 250|0x0000000710a00000, 0x0000000710b00000, 0x0000000710b00000|100%| E|CS|TAMS 0x0000000710a00000, 0x0000000710a00000| Complete 
| 251|0x0000000710b00000, 0x0000000710c00000, 0x0000000710c00000|100%| E|CS|TAMS 0x0000000710b00000, 0x0000000710b00000| Complete 
| 252|0x0000000710c00000, 0x0000000710d00000, 0x0000000710d00000|100%| E|CS|TAMS 0x0000000710c00000, 0x0000000710c00000| Complete 
| 253|0x0000000710d00000, 0x0000000710e00000, 0x0000000710e00000|100%| E|CS|TAMS 0x0000000710d00000, 0x0000000710d00000| Complete 
| 254|0x0000000710e00000, 0x0000000710f00000, 0x0000000710f00000|100%| E|CS|TAMS 0x0000000710e00000, 0x0000000710e00000| Complete 
| 255|0x0000000710f00000, 0x0000000711000000, 0x0000000711000000|100%| E|CS|TAMS 0x0000000710f00000, 0x0000000710f00000| Complete 

Card table byte_map: [0x0000021dfeee0000,0x0000021dff6e0000] _byte_map_base: 0x0000021dfb6d8000

Marking Bits (Prev, Next): (CMBitMap*) 0x0000021dfe01a5b8, (CMBitMap*) 0x0000021dfe01a5f8
 Prev Bits: [0x0000021d97430000, 0x0000021d9b3f0000)
 Next Bits: [0x0000021d9b3f0000, 0x0000021d9f3b0000)

Polling page: 0x0000021dfbdf0000

Metaspace:

Usage:
  Non-class:      7.24 MB capacity,     4.69 MB ( 65%) used,     2.54 MB ( 35%) free+waste,     7.13 KB ( <1%) overhead. 
      Class:    589.00 KB capacity,   280.04 KB ( 48%) used,   306.02 KB ( 52%) free+waste,     2.94 KB ( <1%) overhead. 
       Both:      7.81 MB capacity,     4.96 MB ( 64%) used,     2.84 MB ( 36%) free+waste,    10.06 KB ( <1%) overhead. 

Virtual space:
  Non-class space:        8.00 MB reserved,       7.50 MB ( 94%) committed 
      Class space:        1.00 GB reserved,     640.00 KB ( <1%) committed 
             Both:        1.01 GB reserved,       8.13 MB ( <1%) committed 

Chunk freelists:
   Non-Class:  76.00 KB
       Class:  19.00 KB
        Both:  95.00 KB

MaxMetaspaceSize: 17179869184.00 GB
CompressedClassSpaceSize: 1.00 GB

CodeHeap 'non-profiled nmethods': size=120000Kb used=284Kb max_used=284Kb free=119715Kb
 bounds [0x0000021d8ff00000, 0x0000021d90170000, 0x0000021d97430000]
CodeHeap 'profiled nmethods': size=120000Kb used=1527Kb max_used=1527Kb free=118472Kb
 bounds [0x0000021d889d0000, 0x0000021d88c40000, 0x0000021d8ff00000]
CodeHeap 'non-nmethods': size=5760Kb used=1530Kb max_used=1547Kb free=4229Kb
 bounds [0x0000021d88430000, 0x0000021d886a0000, 0x0000021d889d0000]
 total_blobs=2236 nmethods=861 adapters=804
 compilation: enabled
              stopped_count=0, restarted_count=0
 full_count=0

Compilation events (20 events):
Event: 285.360 Thread 0x0000021da28ee800 nmethod 852 0x0000021d8ff44310 code [0x0000021d8ff444a0, 0x0000021d8ff44578]
Event: 286.554 Thread 0x0000021da28ee800  853       4       java.io.OutputStream::flush (1 bytes)
Event: 286.554 Thread 0x0000021da28ee800 nmethod 853 0x0000021d8ff44690 code [0x0000021d8ff44820, 0x0000021d8ff44898]
Event: 290.162 Thread 0x0000021da28ee800  854   !   4       org.lwjgl.opengl.GL11::glGenTextures (46 bytes)
Event: 290.170 Thread 0x0000021da28ee800 nmethod 854 0x0000021d8ff44990 code [0x0000021d8ff44b60, 0x0000021d8ff44ef0]
Event: 290.170 Thread 0x0000021da28ee800  855       4       org.lwjgl.system.MemoryUtil::memSet (36 bytes)
Event: 290.172 Thread 0x0000021da28ee800 nmethod 855 0x0000021d8ff45490 code [0x0000021d8ff45620, 0x0000021d8ff45798]
Event: 290.172 Thread 0x0000021da28ee800  856       4       org.lwjgl.system.MemoryAccess$MemoryAccessorUnsafe::memSetLoop (201 bytes)
Event: 290.173 Thread 0x0000021da28ee800 nmethod 856 0x0000021d8ff45910 code [0x0000021d8ff45aa0, 0x0000021d8ff45c18]
Event: 300.442 Thread 0x0000021da28f3000  857  s    3       java.lang.Throwable::fillInStackTrace (29 bytes)
Event: 300.442 Thread 0x0000021da28f3000 nmethod 857 0x0000021d88b4c290 code [0x0000021d88b4c440, 0x0000021d88b4c890]
Event: 300.448 Thread 0x0000021da28f3000  859       3       java.lang.Throwable::<init> (34 bytes)
Event: 300.561 Thread 0x0000021da28f3000 nmethod 859 0x0000021d88b4c990 code [0x0000021d88b4cb60, 0x0000021d88b4cfd0]
Event: 300.561 Thread 0x0000021da28f3000  860       3       java.lang.Exception::<init> (6 bytes)
Event: 300.625 Thread 0x0000021da28f3000 nmethod 860 0x0000021d88b4d090 code [0x0000021d88b4d260, 0x0000021d88b4d730]
Event: 300.625 Thread 0x0000021da28f3000  861       3       java.io.IOException::<init> (6 bytes)
Event: 300.625 Thread 0x0000021da28f3000 nmethod 861 0x0000021d88b4d810 code [0x0000021d88b4d9c0, 0x0000021d88b4dbd0]
Event: 300.691 Thread 0x0000021da28ee800  862       4       sun.nio.cs.SingleByte$Encoder::encodeArrayLoop (233 bytes)
Event: 300.742 Thread 0x0000021da28ee800 nmethod 862 0x0000021d8ff46290 code [0x0000021d8ff46440, 0x0000021d8ff46a38]
Event: 318.843 Thread 0x0000021da28ee800  863       4       texture.Material::<init> (102 bytes)

GC Heap History (2 events):
Event: 218.770 GC heap before
{Heap before GC invocations=0 (full 0):
 garbage-first heap   total 262144K, used 24576K [0x0000000701000000, 0x0000000800000000)
  region size 1024K, 24 young (24576K), 0 survivors (0K)
 Metaspace       used 5035K, capacity 8001K, committed 8320K, reserved 1056768K
  class space    used 279K, capacity 589K, committed 640K, reserved 1048576K
}
Event: 218.786 GC heap after
{Heap after GC invocations=1 (full 0):
 garbage-first heap   total 262144K, used 1878K [0x0000000701000000, 0x0000000800000000)
  region size 1024K, 2 young (2048K), 2 survivors (2048K)
 Metaspace       used 5035K, capacity 8001K, committed 8320K, reserved 1056768K
  class space    used 279K, capacity 589K, committed 640K, reserved 1048576K
}

Deoptimization events (20 events):
Event: 4.537 Thread 0x0000021da2a30000 Uncommon trap: trap_request=0xffffff66 fr.pc=0x0000021d8ff36948 relative=0x00000000000001a8
Event: 4.537 Thread 0x0000021da2a30000 Uncommon trap: reason=speculate_class_check action=maybe_recompile pc=0x0000021d8ff36948 method=org.lwjgl.system.MemoryAccess$MemoryAccessorUnsafe.setup(Ljava/lang/Class;JI)Ljava/nio/Buffer; @ 53 c2
Event: 4.537 Thread 0x0000021da2a30000 DEOPT PACKING pc=0x0000021d8ff36948 sp=0x000000f1e94fee60
Event: 4.537 Thread 0x0000021da2a30000 DEOPT UNPACKING pc=0x0000021d8847912f sp=0x000000f1e94fedd0 mode 2
Event: 4.537 Thread 0x0000021da2a30000 Uncommon trap: trap_request=0xffffff66 fr.pc=0x0000021d8ff36948 relative=0x00000000000001a8
Event: 4.537 Thread 0x0000021da2a30000 Uncommon trap: reason=speculate_class_check action=maybe_recompile pc=0x0000021d8ff36948 method=org.lwjgl.system.MemoryAccess$MemoryAccessorUnsafe.setup(Ljava/lang/Class;JI)Ljava/nio/Buffer; @ 53 c2
Event: 4.537 Thread 0x0000021da2a30000 DEOPT PACKING pc=0x0000021d8ff36948 sp=0x000000f1e94fee60
Event: 4.537 Thread 0x0000021da2a30000 DEOPT UNPACKING pc=0x0000021d8847912f sp=0x000000f1e94fedd0 mode 2
Event: 4.539 Thread 0x0000021da2a30000 Uncommon trap: trap_request=0xffffff66 fr.pc=0x0000021d8ff36948 relative=0x00000000000001a8
Event: 4.539 Thread 0x0000021da2a30000 Uncommon trap: reason=speculate_class_check action=maybe_recompile pc=0x0000021d8ff36948 method=org.lwjgl.system.MemoryAccess$MemoryAccessorUnsafe.setup(Ljava/lang/Class;JI)Ljava/nio/Buffer; @ 53 c2
Event: 4.539 Thread 0x0000021da2a30000 DEOPT PACKING pc=0x0000021d8ff36948 sp=0x000000f1e94fef00
Event: 4.539 Thread 0x0000021da2a30000 DEOPT UNPACKING pc=0x0000021d8847912f sp=0x000000f1e94fee70 mode 2
Event: 281.616 Thread 0x0000021da2a30000 Uncommon trap: trap_request=0xffffff45 fr.pc=0x0000021d8ff40de4 relative=0x00000000000007a4
Event: 281.617 Thread 0x0000021da2a30000 Uncommon trap: reason=unstable_if action=reinterpret pc=0x0000021d8ff40de4 method=org.lwjgl.system.MemoryUtil.memByteBuffer(JI)Ljava/nio/ByteBuffer; @ 3 c2
Event: 281.617 Thread 0x0000021da2a30000 DEOPT PACKING pc=0x0000021d8ff40de4 sp=0x000000f1e94fef90
Event: 281.617 Thread 0x0000021da2a30000 DEOPT UNPACKING pc=0x0000021d8847912f sp=0x000000f1e94feed0 mode 2
Event: 281.617 Thread 0x0000021da2a30000 Uncommon trap: trap_request=0xffffff45 fr.pc=0x0000021d8ff3d9f4 relative=0x0000000000000f74
Event: 281.617 Thread 0x0000021da2a30000 Uncommon trap: reason=unstable_if action=reinterpret pc=0x0000021d8ff3d9f4 method=texture.Texture.loadImage(Ljava/lang/String;)Ltexture/Texture; @ 48 c2
Event: 281.617 Thread 0x0000021da2a30000 DEOPT PACKING pc=0x0000021d8ff3d9f4 sp=0x000000f1e94ff030
Event: 281.617 Thread 0x0000021da2a30000 DEOPT UNPACKING pc=0x0000021d8847912f sp=0x000000f1e94fef70 mode 2

Classes unloaded (0 events):
No events

Classes redefined (0 events):
No events

Internal exceptions (20 events):
Event: 318.782 Thread 0x0000021da2a30000 Exception <a 'java/io/IOException'{0x00000007108159f0}> (0x00000007108159f0) 
thrown [t:/workspace/open/src/hotspot/share/prims/jni.cpp, line 598]
Event: 318.782 Thread 0x0000021da2a30000 Exception <a 'java/io/IOException'{0x0000000710815d00}> (0x0000000710815d00) 
thrown [t:/workspace/open/src/hotspot/share/prims/jni.cpp, line 598]
Event: 318.789 Thread 0x0000021da2a30000 Exception <a 'java/io/IOException'{0x00000007108162d0}> (0x00000007108162d0) 
thrown [t:/workspace/open/src/hotspot/share/prims/jni.cpp, line 598]
Event: 318.789 Thread 0x0000021da2a30000 Exception <a 'java/io/IOException'{0x00000007108165e0}> (0x00000007108165e0) 
thrown [t:/workspace/open/src/hotspot/share/prims/jni.cpp, line 598]
Event: 318.796 Thread 0x0000021da2a30000 Exception <a 'java/io/IOException'{0x0000000710816bb0}> (0x0000000710816bb0) 
thrown [t:/workspace/open/src/hotspot/share/prims/jni.cpp, line 598]
Event: 318.796 Thread 0x0000021da2a30000 Exception <a 'java/io/IOException'{0x0000000710816ec0}> (0x0000000710816ec0) 
thrown [t:/workspace/open/src/hotspot/share/prims/jni.cpp, line 598]
Event: 318.803 Thread 0x0000021da2a30000 Exception <a 'java/io/IOException'{0x0000000710817490}> (0x0000000710817490) 
thrown [t:/workspace/open/src/hotspot/share/prims/jni.cpp, line 598]
Event: 318.803 Thread 0x0000021da2a30000 Exception <a 'java/io/IOException'{0x00000007108177a0}> (0x00000007108177a0) 
thrown [t:/workspace/open/src/hotspot/share/prims/jni.cpp, line 598]
Event: 318.809 Thread 0x0000021da2a30000 Exception <a 'java/io/IOException'{0x0000000710817d70}> (0x0000000710817d70) 
thrown [t:/workspace/open/src/hotspot/share/prims/jni.cpp, line 598]
Event: 318.809 Thread 0x0000021da2a30000 Exception <a 'java/io/IOException'{0x0000000710818080}> (0x0000000710818080) 
thrown [t:/workspace/open/src/hotspot/share/prims/jni.cpp, line 598]
Event: 318.816 Thread 0x0000021da2a30000 Exception <a 'java/io/IOException'{0x0000000710818650}> (0x0000000710818650) 
thrown [t:/workspace/open/src/hotspot/share/prims/jni.cpp, line 598]
Event: 318.816 Thread 0x0000021da2a30000 Exception <a 'java/io/IOException'{0x0000000710818960}> (0x0000000710818960) 
thrown [t:/workspace/open/src/hotspot/share/prims/jni.cpp, line 598]
Event: 318.823 Thread 0x0000021da2a30000 Exception <a 'java/io/IOException'{0x0000000710818f30}> (0x0000000710818f30) 
thrown [t:/workspace/open/src/hotspot/share/prims/jni.cpp, line 598]
Event: 318.823 Thread 0x0000021da2a30000 Exception <a 'java/io/IOException'{0x0000000710819240}> (0x0000000710819240) 
thrown [t:/workspace/open/src/hotspot/share/prims/jni.cpp, line 598]
Event: 318.830 Thread 0x0000021da2a30000 Exception <a 'java/io/IOException'{0x0000000710819810}> (0x0000000710819810) 
thrown [t:/workspace/open/src/hotspot/share/prims/jni.cpp, line 598]
Event: 318.830 Thread 0x0000021da2a30000 Exception <a 'java/io/IOException'{0x0000000710819b20}> (0x0000000710819b20) 
thrown [t:/workspace/open/src/hotspot/share/prims/jni.cpp, line 598]
Event: 318.837 Thread 0x0000021da2a30000 Exception <a 'java/io/IOException'{0x000000071081a0f0}> (0x000000071081a0f0) 
thrown [t:/workspace/open/src/hotspot/share/prims/jni.cpp, line 598]
Event: 318.837 Thread 0x0000021da2a30000 Exception <a 'java/io/IOException'{0x000000071081a400}> (0x000000071081a400) 
thrown [t:/workspace/open/src/hotspot/share/prims/jni.cpp, line 598]
Event: 318.844 Thread 0x0000021da2a30000 Exception <a 'java/io/IOException'{0x000000071081a9d0}> (0x000000071081a9d0) 
thrown [t:/workspace/open/src/hotspot/share/prims/jni.cpp, line 598]
Event: 318.844 Thread 0x0000021da2a30000 Exception <a 'java/io/IOException'{0x000000071081ace0}> (0x000000071081ace0) 
thrown [t:/workspace/open/src/hotspot/share/prims/jni.cpp, line 598]

Events (20 events):
Event: 218.795 Executing VM operation: RevokeBias
Event: 218.795 Executing VM operation: RevokeBias done
Event: 218.795 Executing VM operation: RevokeBias
Event: 218.795 Executing VM operation: RevokeBias done
Event: 218.795 Executing VM operation: RevokeBias
Event: 218.795 Executing VM operation: RevokeBias done
Event: 218.796 Executing VM operation: RevokeBias
Event: 218.796 Executing VM operation: RevokeBias done
Event: 218.796 Executing VM operation: RevokeBias
Event: 218.796 Executing VM operation: RevokeBias done
Event: 218.796 Executing VM operation: RevokeBias
Event: 218.796 Executing VM operation: RevokeBias done
Event: 218.796 Executing VM operation: RevokeBias
Event: 218.796 Executing VM operation: RevokeBias done
Event: 218.796 Executing VM operation: RevokeBias
Event: 218.796 Executing VM operation: RevokeBias done
Event: 281.645 Executing VM operation: HandshakeAllThreads
Event: 281.645 Executing VM operation: HandshakeAllThreads done
Event: 299.501 loading class java/io/InterruptedIOException
Event: 299.508 loading class java/io/InterruptedIOException done


Dynamic libraries:
0x00007ff7ed740000 - 0x00007ff7ed74f000 	C:\Program Files\Java\jdk-13.0.1\bin\javaw.exe
0x00007ffa76b70000 - 0x00007ffa76d51000 	C:\WINDOWS\SYSTEM32\ntdll.dll
0x00007ffa768e0000 - 0x00007ffa76991000 	C:\WINDOWS\System32\KERNEL32.DLL
0x00007ffa739a0000 - 0x00007ffa73c13000 	C:\WINDOWS\System32\KERNELBASE.dll
0x00007ffa730c0000 - 0x00007ffa731b8000 	C:\WINDOWS\System32\ucrtbase.dll
0x00007ffa58680000 - 0x00007ffa58698000 	C:\Program Files\Java\jdk-13.0.1\bin\jli.dll
0x00007ffa57e00000 - 0x00007ffa57e15000 	C:\Program Files\Java\jdk-13.0.1\bin\VCRUNTIME140.dll
0x00007ffa76220000 - 0x00007ffa762c1000 	C:\WINDOWS\System32\ADVAPI32.dll
0x00007ffa75c00000 - 0x00007ffa75c9e000 	C:\WINDOWS\System32\msvcrt.dll
0x00007ffa73fe0000 - 0x00007ffa7403b000 	C:\WINDOWS\System32\sechost.dll
0x00007ffa75d10000 - 0x00007ffa75e34000 	C:\WINDOWS\System32\RPCRT4.dll
0x00007ffa769a0000 - 0x00007ffa76b31000 	C:\WINDOWS\System32\USER32.dll
0x00007ffa632e0000 - 0x00007ffa63549000 	C:\WINDOWS\WinSxS\amd64_microsoft.windows.common-controls_6595b64144ccf1df_6.0.17134.1130_none_d3ff42617c90becf\COMCTL32.dll
0x00007ffa73980000 - 0x00007ffa739a0000 	C:\WINDOWS\System32\win32u.dll
0x00007ffa74130000 - 0x00007ffa74451000 	C:\WINDOWS\System32\combase.dll
0x00007ffa768b0000 - 0x00007ffa768d8000 	C:\WINDOWS\System32\GDI32.dll
0x00007ffa73f60000 - 0x00007ffa73fd9000 	C:\WINDOWS\System32\bcryptPrimitives.dll
0x00007ffa72f20000 - 0x00007ffa730b1000 	C:\WINDOWS\System32\gdi32full.dll
0x00007ffa73c20000 - 0x00007ffa73cbf000 	C:\WINDOWS\System32\msvcp_win.dll
0x00007ffa6dc70000 - 0x00007ffa6dc7a000 	C:\WINDOWS\SYSTEM32\VERSION.dll
0x00007ffa74040000 - 0x00007ffa7406d000 	C:\WINDOWS\System32\IMM32.DLL
0x00007ffa4b870000 - 0x00007ffa4b90b000 	C:\Program Files\Java\jdk-13.0.1\bin\msvcp140.dll
0x00007ffa1a1f0000 - 0x00007ffa1ad56000 	C:\Program Files\Java\jdk-13.0.1\bin\server\jvm.dll
0x00007ffa75940000 - 0x00007ffa75948000 	C:\WINDOWS\System32\PSAPI.DLL
0x00007ffa62d10000 - 0x00007ffa62d19000 	C:\WINDOWS\SYSTEM32\WSOCK32.dll
0x00007ffa6fce0000 - 0x00007ffa6fd03000 	C:\WINDOWS\SYSTEM32\WINMM.dll
0x00007ffa75ca0000 - 0x00007ffa75d0c000 	C:\WINDOWS\System32\WS2_32.dll
0x00007ffa6fcb0000 - 0x00007ffa6fcda000 	C:\WINDOWS\SYSTEM32\WINMMBASE.dll
0x00007ffa73220000 - 0x00007ffa73269000 	C:\WINDOWS\System32\cfgmgr32.dll
0x00007ffa72ee0000 - 0x00007ffa72ef1000 	C:\WINDOWS\System32\kernel.appcore.dll
0x00007ffa62290000 - 0x00007ffa622a0000 	C:\Program Files\Java\jdk-13.0.1\bin\verify.dll
0x00007ffa64190000 - 0x00007ffa64359000 	C:\WINDOWS\SYSTEM32\DBGHELP.DLL
0x00007ffa64160000 - 0x00007ffa64189000 	C:\WINDOWS\SYSTEM32\dbgcore.DLL
0x00007ffa57490000 - 0x00007ffa574b6000 	C:\Program Files\Java\jdk-13.0.1\bin\java.dll
0x00007ffa621e0000 - 0x00007ffa621f7000 	C:\Program Files\Java\jdk-13.0.1\bin\zip.dll
0x00007ffa62240000 - 0x00007ffa6224a000 	C:\Program Files\Java\jdk-13.0.1\bin\jimage.dll
0x00007ffa74470000 - 0x00007ffa758b5000 	C:\WINDOWS\System32\SHELL32.dll
0x00007ffa762e0000 - 0x00007ffa76389000 	C:\WINDOWS\System32\shcore.dll
0x00007ffa73270000 - 0x00007ffa73980000 	C:\WINDOWS\System32\windows.storage.dll
0x00007ffa740d0000 - 0x00007ffa74121000 	C:\WINDOWS\System32\shlwapi.dll
0x00007ffa72ec0000 - 0x00007ffa72edf000 	C:\WINDOWS\System32\profapi.dll
0x00007ffa72e70000 - 0x00007ffa72ebc000 	C:\WINDOWS\System32\powrprof.dll
0x00007ffa72e60000 - 0x00007ffa72e6a000 	C:\WINDOWS\System32\FLTLIB.DLL
0x00007ffa5cca0000 - 0x00007ffa5ccb9000 	C:\Program Files\Java\jdk-13.0.1\bin\net.dll
0x00007ffa6e560000 - 0x00007ffa6e63d000 	C:\WINDOWS\SYSTEM32\WINHTTP.dll
0x00007ffa72680000 - 0x00007ffa726e6000 	C:\WINDOWS\system32\mswsock.dll
0x00007ffa5cbf0000 - 0x00007ffa5cc03000 	C:\Program Files\Java\jdk-13.0.1\bin\nio.dll
0x00007ffa56db0000 - 0x00007ffa56e07000 	C:\Users\ndrew\AppData\Local\Temp\lwjglndrew\3.1.2-build-29\lwjgl.dll
0x00007ffa56aa0000 - 0x00007ffa56add000 	C:\Users\ndrew\AppData\Local\Temp\lwjglndrew\3.1.2-build-29\glfw.dll
0x00007ffa71380000 - 0x00007ffa71418000 	C:\WINDOWS\system32\uxtheme.dll
0x00007ffa09bb0000 - 0x00007ffa09bf3000 	C:\WINDOWS\SYSTEM32\dinput8.dll
0x00007ffa38f00000 - 0x00007ffa38f10000 	C:\WINDOWS\SYSTEM32\xinput1_4.dll
0x00007ffa72c70000 - 0x00007ffa72c97000 	C:\WINDOWS\SYSTEM32\DEVOBJ.dll
0x00007ffa715d0000 - 0x00007ffa715f9000 	C:\WINDOWS\SYSTEM32\dwmapi.dll
0x00007ffa659a0000 - 0x00007ffa65a19000 	C:\WINDOWS\SYSTEM32\inputhost.dll
0x00007ffa70fd0000 - 0x00007ffa710aa000 	C:\WINDOWS\SYSTEM32\CoreMessaging.dll
0x00007ffa6e730000 - 0x00007ffa6e87d000 	C:\WINDOWS\SYSTEM32\wintypes.dll
0x00007ffa6e890000 - 0x00007ffa6ebae000 	C:\WINDOWS\SYSTEM32\CoreUIComponents.dll
0x00007ffa71fd0000 - 0x00007ffa72001000 	C:\WINDOWS\SYSTEM32\ntmarta.dll
0x00007ffa760a0000 - 0x00007ffa76214000 	C:\WINDOWS\System32\MSCTF.dll
0x00007ffa76390000 - 0x00007ffa76452000 	C:\WINDOWS\System32\OLEAUT32.dll
0x00007ffa08c10000 - 0x00007ffa08c8f000 	C:\Program Files\ASUSTeKcomputer.Inc\Sonic Suite 3\Foundation\x64\SS3DevProps.dll
0x00007ffa75aa0000 - 0x00007ffa75bf1000 	C:\WINDOWS\System32\ole32.dll
0x00007ffa71b60000 - 0x00007ffa71b6c000 	C:\WINDOWS\SYSTEM32\HID.DLL
0x00007ffa76460000 - 0x00007ffa768ab000 	C:\WINDOWS\System32\SETUPAPI.DLL
0x0000021da35e0000 - 0x0000021da3637000 	C:\WINDOWS\System32\WINTRUST.dll
0x00007ffa72f00000 - 0x00007ffa72f12000 	C:\WINDOWS\System32\MSASN1.dll
0x00007ffa73d70000 - 0x00007ffa73f52000 	C:\WINDOWS\System32\CRYPT32.dll
0x00007ffa39710000 - 0x00007ffa39830000 	C:\WINDOWS\SYSTEM32\opengl32.dll
0x00007ffa56d80000 - 0x00007ffa56dac000 	C:\WINDOWS\SYSTEM32\GLU32.dll
0x00007ff9ee6a0000 - 0x00007ff9f0dc4000 	C:\WINDOWS\System32\DriverStore\FileRepository\nv_dispi.inf_amd64_63268710a2dc3648\nvoglv64.dll
0x00007ffa6f7d0000 - 0x00007ffa6f7e3000 	C:\WINDOWS\SYSTEM32\WTSAPI32.dll
0x00007ffa406d0000 - 0x00007ffa40994000 	C:\WINDOWS\system32\nvspcap64.dll
0x00007ffa728d0000 - 0x00007ffa72926000 	C:\WINDOWS\SYSTEM32\WINSTA.dll
0x00007ffa65c60000 - 0x00007ffa65cf6000 	C:\WINDOWS\System32\TextInputFramework.dll
0x00007ffa75e60000 - 0x00007ffa75f00000 	C:\WINDOWS\System32\clbcatq.dll
0x00007ffa6c930000 - 0x00007ffa6c9a6000 	C:\WINDOWS\System32\MMDevApi.dll
0x00007ffa6f350000 - 0x00007ffa6f505000 	C:\WINDOWS\System32\PROPSYS.dll
0x00007ffa4b740000 - 0x00007ffa4b86c000 	C:\WINDOWS\SYSTEM32\AUDIOSES.DLL
0x00007ffa6f510000 - 0x00007ffa6f51a000 	C:\WINDOWS\SYSTEM32\AVRT.dll
0x00007ffa56a10000 - 0x00007ffa56a4c000 	C:\Users\ndrew\AppData\Local\Temp\lwjglndrew\3.1.2-build-29\jemalloc.dll
0x00007ffa4bbe0000 - 0x00007ffa4bc3c000 	C:\Users\ndrew\AppData\Local\Temp\lwjglndrew\3.1.2-build-29\lwjgl_opengl.dll
0x00007ffa09b20000 - 0x00007ffa09ba6000 	C:\Program Files (x86)\Overwolf\0.143.0.24\OWExplorer.dll
0x00007ffa3a0a0000 - 0x00007ffa3a117000 	C:\Users\ndrew\AppData\Local\Temp\lwjglndrew\3.1.2-build-29\lwjgl_stb.dll

dbghelp: loaded successfully - version: 4.0.5 - missing functions: none
symbol engine: initialized successfully - sym options: 0x614 - pdb path: .;C:\Program Files\Java\jdk-13.0.1\bin;C:\WINDOWS\SYSTEM32;C:\WINDOWS\WinSxS\amd64_microsoft.windows.common-controls_6595b64144ccf1df_6.0.17134.1130_none_d3ff42617c90becf;C:\Program Files\Java\jdk-13.0.1\bin\server;C:\Users\ndrew\AppData\Local\Temp\lwjglndrew\3.1.2-build-29;C:\Program Files\ASUSTeKcomputer.Inc\Sonic Suite 3\Foundation\x64;C:\WINDOWS\System32\DriverStore\FileRepository\nv_dispi.inf_amd64_63268710a2dc3648;C:\Program Files (x86)\Overwolf\0.143.0.24

VM Arguments:
jvm_args: -Dfile.encoding=Cp1252 
java_command: main.Main
java_class_path (initial): C:\Users\ndrew\eclipse-workspace\Project5\target\classes;C:\Users\ndrew\.m2\repository\org\lwjgl\lwjgl\3.1.2\lwjgl-3.1.2.jar;C:\Users\ndrew\.m2\repository\org\lwjgl\lwjgl-assimp\3.1.2\lwjgl-assimp-3.1.2.jar;C:\Users\ndrew\.m2\repository\org\lwjgl\lwjgl-glfw\3.1.2\lwjgl-glfw-3.1.2.jar;C:\Users\ndrew\.m2\repository\org\lwjgl\lwjgl-jemalloc\3.1.2\lwjgl-jemalloc-3.1.2.jar;C:\Users\ndrew\.m2\repository\org\lwjgl\lwjgl-openal\3.1.2\lwjgl-openal-3.1.2.jar;C:\Users\ndrew\.m2\repository\org\lwjgl\lwjgl-opengl\3.1.2\lwjgl-opengl-3.1.2.jar;C:\Users\ndrew\.m2\repository\org\lwjgl\lwjgl-stb\3.1.2\lwjgl-stb-3.1.2.jar;C:\Users\ndrew\.m2\repository\org\lwjgl\lwjgl\3.1.2\lwjgl-3.1.2-natives-windows.jar;C:\Users\ndrew\.m2\repository\org\lwjgl\lwjgl-assimp\3.1.2\lwjgl-assimp-3.1.2-natives-windows.jar;C:\Users\ndrew\.m2\repository\org\lwjgl\lwjgl-glfw\3.1.2\lwjgl-glfw-3.1.2-natives-windows.jar;C:\Users\ndrew\.m2\repository\org\lwjgl\lwjgl-jemalloc\3.1.2\lwjgl-jemalloc-3.1.2-natives-windows.jar;C:\Users\ndrew\.m2\repository\org\lwjgl\lwjgl-openal\3.1.2\lwjgl-openal-3.1.2-natives-windows.jar;C:\Users\ndrew\.m2\repository\org\lwjgl\lwjgl-opengl\3.1.2\lwjgl-opengl-3.1.2-natives-windows.jar;C:\Users\ndrew\.m2\repository\org\lwjgl\lwjgl-stb\3.1.2\lwjgl-stb-3.1.2-natives-windows.jar;C:\Users\ndrew\.m2\repository\org\slick2d\slick2d-core\1.0.1\slick2d-core-1.0.1.jar;C:\Users\ndrew\.m2\repository\org\lwjgl\lwjgl\lwjgl\2.9.1\lwjgl-2.9.1.jar;C:\Users\ndrew\.m2\repository\org\lwjgl\lwjgl\lwjgl-platform\2.9.1\lwjgl-platform-2.9.1-natives-windows.jar;C:\Users\ndrew\.m2\repository\org\lwjgl\lwjgl\lwjgl-platform\2.9.1\lwjgl-platform-2.9.1-natives-linux.jar;C:\Users\ndrew\.m2\repository\org\lwjgl\lwjgl\lwjgl-platform\2.9.1\lwjgl-platform-2.9.1-natives-osx.jar;C:\Users\ndrew\.m2\repository\net\java\jinput\jinput\2.0.5\jinput-2.0.5.jar;C:\Users\ndrew\.m2\repository\net\java\jutils\jutils\1.0.0\jutils-1.0.0.jar;C:\Users\ndrew\.m2\repository\net\java\jinput\jinput-platform\2.0.
Launcher Type: SUN_STANDARD

[Global flags]
     intx CICompilerCount                          = 4                                         {product} {ergonomic}
     uint ConcGCThreads                            = 3                                         {product} {ergonomic}
     uint G1ConcRefinementThreads                  = 10                                        {product} {ergonomic}
   size_t G1HeapRegionSize                         = 1048576                                   {product} {ergonomic}
    uintx GCDrainStackTargetSize                   = 64                                        {product} {ergonomic}
   size_t InitialHeapSize                          = 268435456                                 {product} {ergonomic}
   size_t MarkStackSize                            = 4194304                                   {product} {ergonomic}
   size_t MaxHeapSize                              = 4278190080                                {product} {ergonomic}
   size_t MaxNewSize                               = 2566914048                                {product} {ergonomic}
   size_t MinHeapDeltaBytes                        = 1048576                                   {product} {ergonomic}
   size_t MinHeapSize                              = 8388608                                   {product} {ergonomic}
    uintx NonNMethodCodeHeapSize                   = 5836300                                {pd product} {ergonomic}
    uintx NonProfiledCodeHeapSize                  = 122910970                              {pd product} {ergonomic}
    uintx ProfiledCodeHeapSize                     = 122910970                              {pd product} {ergonomic}
    uintx ReservedCodeCacheSize                    = 251658240                              {pd product} {ergonomic}
     bool SegmentedCodeCache                       = true                                      {product} {ergonomic}
   size_t SoftMaxHeapSize                          = 4278190080                             {manageable} {ergonomic}
     bool UseCompressedClassPointers               = true                                 {lp64_product} {ergonomic}
     bool UseCompressedOops                        = true                                 {lp64_product} {ergonomic}
     bool UseG1GC                                  = true                                      {product} {ergonomic}
     bool UseLargePagesIndividualAllocation        = false                                  {pd product} {ergonomic}

Logging:
Log output configuration:
 #0: stdout all=warning uptime,level,tags
 #1: stderr all=off uptime,level,tags

Environment Variables:
PATH=C:/Program Files/Java/jdk-13.0.1/bin/server;C:/Program Files/Java/jdk-13.0.1/bin;C:\Program Files (x86)\Common Files\Oracle\Java\javapath;C:\Program Files (x86)\Razer Chroma SDK\bin;C:\Program Files\Razer Chroma SDK\bin;C:\WINDOWS\system32;C:\WINDOWS;C:\WINDOWS\System32\Wbem;C:\WINDOWS\System32\WindowsPowerShell\v1.0\;C:\Program Files (x86)\NVIDIA Corporation\PhysX\Common;C:\WINDOWS\system32;C:\WINDOWS;C:\WINDOWS\System32\Wbem;C:\WINDOWS\System32\WindowsPowerShell\v1.0\;C:\WINDOWS\System32\OpenSSH\;C:\WINDOWS\system32\config\systemprofile\AppData\Local\Microsoft\WindowsApps;;C:\Program Files\NVIDIA Corporation\NVIDIA NvDLISR;C:\Program Files\MySQL\MySQL Utilities 1.6\;C:\Program Files\PuTTY\;C:\Users\ndrew\AppData\Local\Microsoft\WindowsApps;;C:\WINDOWS\system32;
USERNAME=ndrew
OS=Windows_NT
PROCESSOR_IDENTIFIER=AMD64 Family 23 Model 1 Stepping 1, AuthenticAMD



---------------  S Y S T E M  ---------------

OS: Windows 10 , 64 bit Build 17134 (10.0.17134.753)

CPU:total 12 (initial active 12) (12 cores per cpu, 2 threads per core) family 23 model 1 stepping 1, cmov, cx8, fxsr, mmx, sse, sse2, sse3, ssse3, sse4.1, sse4.2, popcnt, avx, avx2, aes, clmul, mmxext, 3dnowpref, lzcnt, sse4a, ht, tsc, tscinvbit, tscinv, bmi1, bmi2, adx, sha, fma

Memory: 4k page, system-wide physical 16314M (640M free)
TotalPageFile size 46053M (AvailPageFile size 4M)
current process WorkingSet (physical memory assigned to process): 10213M, peak: 10280M
current process commit charge ("private bytes"): 33391M, peak: 33392M

vm_info: Java HotSpot(TM) 64-Bit Server VM (13.0.1+9) for windows-amd64 JRE (13.0.1+9), built on Oct  6 2019 12:37:49 by "mach5one" with unknown MS VC++:1916

END.
