#
# A fatal error has been detected by the Java Runtime Environment:
#
#  EXCEPTION_ACCESS_VIOLATION (0xc0000005) at pc=0x00007ffa56e8e26a, pid=20180, tid=9336
#
# JRE version: Java(TM) SE Runtime Environment (13.0.1+9) (build 13.0.1+9)
# Java VM: Java HotSpot(TM) 64-Bit Server VM (13.0.1+9, mixed mode, sharing, tiered, compressed oops, g1 gc, windows-amd64)
# Problematic frame:
# C  [lwjgl_opengl.dll+0xe26a]
#
# No core dump will be written. Minidumps are not enabled by default on client versions of Windows
#
# If you would like to submit a bug report, please visit:
#   http://bugreport.java.com/bugreport/crash.jsp
# The crash happened outside the Java Virtual Machine in native code.
# See problematic frame for where to report the bug.
#

---------------  S U M M A R Y ------------

Command Line: -javaagent:C:\Users\ndrew\eclipse\java-2019-09\eclipse\configuration\org.eclipse.osgi\457\0\.cp\jacocoagent.jar=includes=*,excludes=,exclclassloader=sun.reflect.DelegatingClassLoader,output=tcpclient,port=51033 -Dfile.encoding=Cp1252 main.Main

Host: AMD Ryzen 5 1600X Six-Core Processor           , 12 cores, 15G,  Windows 10 , 64 bit Build 17134 (10.0.17134.753)
Time: Fri Apr 10 23:58:00 2020 Eastern Daylight Time elapsed time: 1 seconds (0d 0h 0m 1s)

---------------  T H R E A D  ---------------

Current thread (0x000001e22e3a6800):  JavaThread "Game" [_thread_in_native, id=9336, stack(0x0000007971d00000,0x0000007971e00000)]

Stack: [0x0000007971d00000,0x0000007971e00000],  sp=0x0000007971dff198,  free space=1020k
Native frames: (J=compiled Java code, j=interpreted, Vv=VM code, C=native code)
C  [lwjgl_opengl.dll+0xe26a]

Java frames: (J=compiled Java code, j=interpreted, Vv=VM code)
j  org.lwjgl.opengl.GL11.glClear(I)V+0
j  main.Main.render()V+7
j  main.Main.run()V+26
j  java.lang.Thread.run()V+11 java.base@13.0.1
v  ~StubRoutines::call_stub

siginfo: EXCEPTION_ACCESS_VIOLATION (0xc0000005), reading address 0x0000000000000350


Register to memory mapping:

RIP=0x00007ffa56e8e26a lwjgl_opengl.dll
RAX=0x00007ffa1abee850 jvm.dll
RBX={method} {0x000001e22db76ff8} 'glClear' '(I)V' in 'org/lwjgl/opengl/GL11'
RCX=0x0000000000004000 is an unknown value
RDX=0x0 is NULL
RSP=0x0000007971dff198 is pointing into the stack for thread: 0x000001e22e3a6800
RBP=0x0000007971dff210 is pointing into the stack for thread: 0x000001e22e3a6800
RSI=0x0000000000000148 is an unknown value
RDI=0x000001e2112ca273 is at code_begin+2355 in an Interpreter codelet
invoke return entry points  [0x000001e2112c9940, 0x000001e2112ca360]  2592 bytes
R8 =0x0000000000004000 is an unknown value
R9 =0x0000000000000004 is an unknown value
R10=0x000001e2112cf4c8 is at code_begin+1000 in an Interpreter codelet
method entry point (kind = native)  [0x000001e2112cf0e0, 0x000001e2112cfc40]  2912 bytes
R11=0x000000070f7059b8 is an oop: java.lang.Class 
{0x000000070f7059b8} - klass: 'java/lang/Class'
R12=0x0 is NULL
R13={method} {0x000001e22db76ff8} 'glClear' '(I)V' in 'org/lwjgl/opengl/GL11'
R14=0x0000007971dff230 is pointing into the stack for thread: 0x000001e22e3a6800
R15=0x000001e22e3a6800 is a thread


Registers:
RAX=0x00007ffa1abee850, RBX=0x000001e22db76ff0, RCX=0x0000000000004000, RDX=0x0000000000000000
RSP=0x0000007971dff198, RBP=0x0000007971dff210, RSI=0x0000000000000148, RDI=0x000001e2112ca273
R8 =0x0000000000004000, R9 =0x0000000000000004, R10=0x000001e2112cf4c8, R11=0x000000070f7059b8
R12=0x0000000000000000, R13=0x000001e22db76ff0, R14=0x0000007971dff230, R15=0x000001e22e3a6800
RIP=0x00007ffa56e8e26a, EFLAGS=0x0000000000010206

Top of Stack: (sp=0x0000007971dff198)
0x0000007971dff198:   000001e2112cf4f7 000001e22db76ff0
0x0000007971dff1a8:   0000000000000148 0000000000000148
0x0000007971dff1b8:   0000000000000128 000001e2112cf196
0x0000007971dff1c8:   0000007971dff1c8 000001e22db76ff0
0x0000007971dff1d8:   0000007971dff230 000001e22dba0040
0x0000007971dff1e8:   0000000000000000 000000070f7059b8
0x0000007971dff1f8:   000001e22db76ff0 0000000000000000
0x0000007971dff208:   0000007971dff230 0000007971dff280
0x0000007971dff218:   000001e2112ca273 000000070f7059b8
0x0000007971dff228:   000001e2112cc418 0000000000004000
0x0000007971dff238:   0000007971dff238 000001e22da6a41f
0x0000007971dff248:   0000007971dff298 000001e22da70638
0x0000007971dff258:   0000000000000000 000000070f706748
0x0000007971dff268:   000001e22da6a488 0000007971dff230
0x0000007971dff278:   0000007971dff298 0000007971dff2e8
0x0000007971dff288:   000001e2112ca273 000000070f7067e8 

Instructions: (pc=0x00007ffa56e8e26a)
0x00007ffa56e8e16a:   ff e0 cc cc cc cc 48 8b 01 41 8b c8 48 8b 50 18
0x00007ffa56e8e17a:   48 ff 62 50 cc cc 48 8b 01 41 8b c8 48 8b 50 18
0x00007ffa56e8e18a:   48 ff 62 68 cc cc 48 8b 01 41 8b d1 41 8b c8 4c
0x00007ffa56e8e19a:   8b 50 18 49 ff a2 b0 01 00 00 cc cc cc cc cc cc
0x00007ffa56e8e1aa:   cc cc cc cc cc cc 48 8b 01 41 8b d1 f3 0f 10 44
0x00007ffa56e8e1ba:   24 40 41 8b c8 f3 0f 10 4c 24 38 f3 0f 10 5c 24
0x00007ffa56e8e1ca:   30 4c 8b 50 18 48 8b 44 24 48 f3 0f 10 54 24 28
0x00007ffa56e8e1da:   48 89 44 24 38 f3 0f 11 44 24 30 f3 0f 11 4c 24
0x00007ffa56e8e1ea:   28 49 ff a2 f0 01 00 00 cc cc cc cc cc cc cc cc
0x00007ffa56e8e1fa:   cc cc cc cc cc cc 48 8b 01 41 8b d1 41 8b c8 4c
0x00007ffa56e8e20a:   8b 50 18 49 ff a2 68 02 00 00 cc cc cc cc cc cc
0x00007ffa56e8e21a:   cc cc cc cc cc cc 48 8b 01 41 8b c8 48 8b 50 18
0x00007ffa56e8e22a:   48 ff a2 10 03 00 00 cc cc cc cc cc cc cc cc cc
0x00007ffa56e8e23a:   cc cc cc cc cc cc 48 8b 01 45 8b d8 4c 8b 44 24
0x00007ffa56e8e24a:   28 41 8b d1 41 8b cb 4c 8b 50 18 49 ff a2 18 03
0x00007ffa56e8e25a:   00 00 cc cc cc cc 48 8b 01 41 8b c8 48 8b 50 18
0x00007ffa56e8e26a:   48 ff a2 50 03 00 00 cc cc cc cc cc cc cc cc cc
0x00007ffa56e8e27a:   cc cc cc cc cc cc 48 8b 01 0f 28 cb f3 0f 10 5c
0x00007ffa56e8e28a:   24 30 0f 28 c2 f3 0f 10 54 24 28 48 8b 48 18 48
0x00007ffa56e8e29a:   ff a1 58 03 00 00 48 8b 01 0f 28 cb f3 0f 10 5c
0x00007ffa56e8e2aa:   24 30 0f 28 c2 f3 0f 10 54 24 28 48 8b 48 18 48
0x00007ffa56e8e2ba:   ff a1 90 03 00 00 48 8b 01 0f 28 c2 48 8b 48 18
0x00007ffa56e8e2ca:   48 ff a1 a8 03 00 00 cc cc cc cc cc cc cc cc cc
0x00007ffa56e8e2da:   cc cc cc cc cc cc 48 8b 01 0f 28 c2 48 8b 48 18
0x00007ffa56e8e2ea:   48 ff a1 c0 03 00 00 cc cc cc cc cc cc cc cc cc
0x00007ffa56e8e2fa:   cc cc cc cc cc cc 48 8b 01 41 8b c8 48 8b 50 18
0x00007ffa56e8e30a:   48 ff a2 08 04 00 00 cc cc cc cc cc cc cc cc cc
0x00007ffa56e8e31a:   cc cc cc cc cc cc 48 8b 01 49 8b d1 41 8b c8 4c
0x00007ffa56e8e32a:   8b 50 18 49 ff a2 48 04 00 00 cc cc cc cc cc cc
0x00007ffa56e8e33a:   cc cc cc cc cc cc 48 8b 01 45 0f b6 d8 44 0f b6
0x00007ffa56e8e34a:   44 24 28 41 0f b6 d1 41 0f b6 cb 4c 8b 50 18 49
0x00007ffa56e8e35a:   ff a2 50 04 00 00 48 8b 01 45 0f b7 d8 44 0f b7 


Stack slot to memory mapping:
stack at sp + 0 slots: 0x000001e2112cf4f7 is at code_begin+1047 in an Interpreter codelet
method entry point (kind = native)  [0x000001e2112cf0e0, 0x000001e2112cfc40]  2912 bytes
stack at sp + 1 slots: {method} {0x000001e22db76ff8} 'glClear' '(I)V' in 'org/lwjgl/opengl/GL11'
stack at sp + 2 slots: 0x0000000000000148 is an unknown value
stack at sp + 3 slots: 0x0000000000000148 is an unknown value
stack at sp + 4 slots: 0x0000000000000128 is an unknown value
stack at sp + 5 slots: 0x000001e2112cf196 is at code_begin+182 in an Interpreter codelet
method entry point (kind = native)  [0x000001e2112cf0e0, 0x000001e2112cfc40]  2912 bytes
stack at sp + 6 slots: 0x0000007971dff1c8 is pointing into the stack for thread: 0x000001e22e3a6800
stack at sp + 7 slots: {method} {0x000001e22db76ff8} 'glClear' '(I)V' in 'org/lwjgl/opengl/GL11'


---------------  P R O C E S S  ---------------

Threads class SMR info:
_java_thread_list=0x000001e230ecbbb0, length=14, elements={
0x000001e22de53800, 0x000001e22de5a800, 0x000001e22de74800, 0x000001e22de77800,
0x000001e22de79000, 0x000001e22de88000, 0x000001e22de99800, 0x000001e22cd39000,
0x000001e22dfaf000, 0x000001e22e399000, 0x000001e22e3a6800, 0x000001e2075ef800,
0x000001e22e59a800, 0x000001e22e0a1800
}

Java Threads: ( => current thread )
  0x000001e22de53800 JavaThread "Reference Handler" daemon [_thread_blocked, id=10312, stack(0x0000007971200000,0x0000007971300000)]
  0x000001e22de5a800 JavaThread "Finalizer" daemon [_thread_blocked, id=15480, stack(0x0000007971300000,0x0000007971400000)]
  0x000001e22de74800 JavaThread "Signal Dispatcher" daemon [_thread_blocked, id=19996, stack(0x0000007971400000,0x0000007971500000)]
  0x000001e22de77800 JavaThread "Attach Listener" daemon [_thread_blocked, id=18104, stack(0x0000007971500000,0x0000007971600000)]
  0x000001e22de79000 JavaThread "C2 CompilerThread0" daemon [_thread_in_native, id=13740, stack(0x0000007971600000,0x0000007971700000)]
  0x000001e22de88000 JavaThread "C1 CompilerThread0" daemon [_thread_blocked, id=3164, stack(0x0000007971700000,0x0000007971800000)]
  0x000001e22de99800 JavaThread "Sweeper thread" daemon [_thread_blocked, id=4824, stack(0x0000007971800000,0x0000007971900000)]
  0x000001e22cd39000 JavaThread "Common-Cleaner" daemon [_thread_blocked, id=13400, stack(0x0000007971900000,0x0000007971a00000)]
  0x000001e22dfaf000 JavaThread "org.jacoco.agent.rt.internal_1f1cc91.output.TcpClientOutput" daemon [_thread_in_native, id=16120, stack(0x0000007971a00000,0x0000007971b00000)]
  0x000001e22e399000 JavaThread "Service Thread" daemon [_thread_blocked, id=13316, stack(0x0000007971b00000,0x0000007971c00000)]
=>0x000001e22e3a6800 JavaThread "Game" [_thread_in_native, id=9336, stack(0x0000007971d00000,0x0000007971e00000)]
  0x000001e2075ef800 JavaThread "DestroyJavaVM" [_thread_blocked, id=18420, stack(0x0000007970b00000,0x0000007970c00000)]
  0x000001e22e59a800 JavaThread "C2 CompilerThread1" daemon [_thread_blocked, id=12036, stack(0x0000007971e00000,0x0000007971f00000)]
  0x000001e22e0a1800 JavaThread "C2 CompilerThread2" daemon [_thread_in_native, id=15752, stack(0x0000007972b00000,0x0000007972c00000)]

Other Threads:
  0x000001e22de52000 VMThread "VM Thread" [stack: 0x0000007971100000,0x0000007971200000] [id=2920]
  0x000001e22e3ff800 WatcherThread [stack: 0x0000007971c00000,0x0000007971d00000] [id=15044]
  0x000001e20765a000 GCTaskThread "GC Thread#0" [stack: 0x0000007970c00000,0x0000007970d00000] [id=20280]
  0x000001e230ecc000 GCTaskThread "GC Thread#1" [stack: 0x0000007972600000,0x0000007972700000] [id=388]
  0x000001e230ed5800 GCTaskThread "GC Thread#2" [stack: 0x0000007972700000,0x0000007972800000] [id=10092]
  0x000001e232124800 GCTaskThread "GC Thread#3" [stack: 0x0000007972800000,0x0000007972900000] [id=8736]
  0x000001e230ed6000 GCTaskThread "GC Thread#4" [stack: 0x0000007972900000,0x0000007972a00000] [id=8236]
  0x000001e230ef4800 GCTaskThread "GC Thread#5" [stack: 0x0000007972a00000,0x0000007972b00000] [id=21220]
  0x000001e20767d000 ConcurrentGCThread "G1 Main Marker" [stack: 0x0000007970d00000,0x0000007970e00000] [id=2028]
  0x000001e20767e800 ConcurrentGCThread "G1 Conc#0" [stack: 0x0000007970e00000,0x0000007970f00000] [id=11820]
  0x000001e22cc4a000 ConcurrentGCThread "G1 Refine#0" [stack: 0x0000007970f00000,0x0000007971000000] [id=21228]
  0x000001e22cc4b000 ConcurrentGCThread "G1 Young RemSet Sampling" [stack: 0x0000007971000000,0x0000007971100000] [id=5768]

Threads with active compile tasks:
C2 CompilerThread0     1838 1098       4       org.jacoco.agent.rt.internal_1f1cc91.asm.SymbolTable::addConstantMemberReference (147 bytes)
C2 CompilerThread2     1838 1165       4       org.jacoco.agent.rt.internal_1f1cc91.asm.MethodWriter::visitMethodInsn (191 bytes)

VM state:not at safepoint (normal execution)

VM Mutex/Monitor currently owned by a thread: None

Heap address: 0x0000000701000000, size: 4080 MB, Compressed Oops mode: Zero based, Oop shift amount: 3
Narrow klass base: 0x0000000800000000, Narrow klass shift: 3
Compressed class space size: 1073741824 Address: 0x0000000800b40000

Heap:
 garbage-first heap   total 262144K, used 3004K [0x0000000701000000, 0x0000000800000000)
  region size 1024K, 4 young (4096K), 2 survivors (2048K)
 Metaspace       used 5954K, capacity 6658K, committed 6784K, reserved 1056768K
  class space    used 517K, capacity 582K, committed 640K, reserved 1048576K
Heap Regions: E=young(eden), S=young(survivor), O=old, HS=humongous(starts), HC=humongous(continues), CS=collection set, F=free, A=archive, TAMS=top-at-mark-start (previous, next)
|   0|0x0000000701000000, 0x0000000701000000, 0x0000000701100000|  0%| F|  |TAMS 0x0000000701000000, 0x0000000701000000| Untracked 
|   1|0x0000000701100000, 0x0000000701100000, 0x0000000701200000|  0%| F|  |TAMS 0x0000000701100000, 0x0000000701100000| Untracked 
|   2|0x0000000701200000, 0x0000000701200000, 0x0000000701300000|  0%| F|  |TAMS 0x0000000701200000, 0x0000000701200000| Untracked 
|   3|0x0000000701300000, 0x0000000701300000, 0x0000000701400000|  0%| F|  |TAMS 0x0000000701300000, 0x0000000701300000| Untracked 
|   4|0x0000000701400000, 0x0000000701400000, 0x0000000701500000|  0%| F|  |TAMS 0x0000000701400000, 0x0000000701400000| Untracked 
|   5|0x0000000701500000, 0x0000000701500000, 0x0000000701600000|  0%| F|  |TAMS 0x0000000701500000, 0x0000000701500000| Untracked 
|   6|0x0000000701600000, 0x0000000701600000, 0x0000000701700000|  0%| F|  |TAMS 0x0000000701600000, 0x0000000701600000| Untracked 
|   7|0x0000000701700000, 0x0000000701700000, 0x0000000701800000|  0%| F|  |TAMS 0x0000000701700000, 0x0000000701700000| Untracked 
|   8|0x0000000701800000, 0x0000000701800000, 0x0000000701900000|  0%| F|  |TAMS 0x0000000701800000, 0x0000000701800000| Untracked 
|   9|0x0000000701900000, 0x0000000701900000, 0x0000000701a00000|  0%| F|  |TAMS 0x0000000701900000, 0x0000000701900000| Untracked 
|  10|0x0000000701a00000, 0x0000000701a00000, 0x0000000701b00000|  0%| F|  |TAMS 0x0000000701a00000, 0x0000000701a00000| Untracked 
|  11|0x0000000701b00000, 0x0000000701b00000, 0x0000000701c00000|  0%| F|  |TAMS 0x0000000701b00000, 0x0000000701b00000| Untracked 
|  12|0x0000000701c00000, 0x0000000701c00000, 0x0000000701d00000|  0%| F|  |TAMS 0x0000000701c00000, 0x0000000701c00000| Untracked 
|  13|0x0000000701d00000, 0x0000000701d00000, 0x0000000701e00000|  0%| F|  |TAMS 0x0000000701d00000, 0x0000000701d00000| Untracked 
|  14|0x0000000701e00000, 0x0000000701e00000, 0x0000000701f00000|  0%| F|  |TAMS 0x0000000701e00000, 0x0000000701e00000| Untracked 
|  15|0x0000000701f00000, 0x0000000701f00000, 0x0000000702000000|  0%| F|  |TAMS 0x0000000701f00000, 0x0000000701f00000| Untracked 
|  16|0x0000000702000000, 0x0000000702000000, 0x0000000702100000|  0%| F|  |TAMS 0x0000000702000000, 0x0000000702000000| Untracked 
|  17|0x0000000702100000, 0x0000000702100000, 0x0000000702200000|  0%| F|  |TAMS 0x0000000702100000, 0x0000000702100000| Untracked 
|  18|0x0000000702200000, 0x0000000702200000, 0x0000000702300000|  0%| F|  |TAMS 0x0000000702200000, 0x0000000702200000| Untracked 
|  19|0x0000000702300000, 0x0000000702300000, 0x0000000702400000|  0%| F|  |TAMS 0x0000000702300000, 0x0000000702300000| Untracked 
|  20|0x0000000702400000, 0x0000000702400000, 0x0000000702500000|  0%| F|  |TAMS 0x0000000702400000, 0x0000000702400000| Untracked 
|  21|0x0000000702500000, 0x0000000702500000, 0x0000000702600000|  0%| F|  |TAMS 0x0000000702500000, 0x0000000702500000| Untracked 
|  22|0x0000000702600000, 0x0000000702600000, 0x0000000702700000|  0%| F|  |TAMS 0x0000000702600000, 0x0000000702600000| Untracked 
|  23|0x0000000702700000, 0x0000000702700000, 0x0000000702800000|  0%| F|  |TAMS 0x0000000702700000, 0x0000000702700000| Untracked 
|  24|0x0000000702800000, 0x0000000702800000, 0x0000000702900000|  0%| F|  |TAMS 0x0000000702800000, 0x0000000702800000| Untracked 
|  25|0x0000000702900000, 0x0000000702900000, 0x0000000702a00000|  0%| F|  |TAMS 0x0000000702900000, 0x0000000702900000| Untracked 
|  26|0x0000000702a00000, 0x0000000702a00000, 0x0000000702b00000|  0%| F|  |TAMS 0x0000000702a00000, 0x0000000702a00000| Untracked 
|  27|0x0000000702b00000, 0x0000000702b00000, 0x0000000702c00000|  0%| F|  |TAMS 0x0000000702b00000, 0x0000000702b00000| Untracked 
|  28|0x0000000702c00000, 0x0000000702c00000, 0x0000000702d00000|  0%| F|  |TAMS 0x0000000702c00000, 0x0000000702c00000| Untracked 
|  29|0x0000000702d00000, 0x0000000702d00000, 0x0000000702e00000|  0%| F|  |TAMS 0x0000000702d00000, 0x0000000702d00000| Untracked 
|  30|0x0000000702e00000, 0x0000000702e00000, 0x0000000702f00000|  0%| F|  |TAMS 0x0000000702e00000, 0x0000000702e00000| Untracked 
|  31|0x0000000702f00000, 0x0000000702f00000, 0x0000000703000000|  0%| F|  |TAMS 0x0000000702f00000, 0x0000000702f00000| Untracked 
|  32|0x0000000703000000, 0x0000000703000000, 0x0000000703100000|  0%| F|  |TAMS 0x0000000703000000, 0x0000000703000000| Untracked 
|  33|0x0000000703100000, 0x0000000703100000, 0x0000000703200000|  0%| F|  |TAMS 0x0000000703100000, 0x0000000703100000| Untracked 
|  34|0x0000000703200000, 0x0000000703200000, 0x0000000703300000|  0%| F|  |TAMS 0x0000000703200000, 0x0000000703200000| Untracked 
|  35|0x0000000703300000, 0x0000000703300000, 0x0000000703400000|  0%| F|  |TAMS 0x0000000703300000, 0x0000000703300000| Untracked 
|  36|0x0000000703400000, 0x0000000703400000, 0x0000000703500000|  0%| F|  |TAMS 0x0000000703400000, 0x0000000703400000| Untracked 
|  37|0x0000000703500000, 0x0000000703500000, 0x0000000703600000|  0%| F|  |TAMS 0x0000000703500000, 0x0000000703500000| Untracked 
|  38|0x0000000703600000, 0x0000000703600000, 0x0000000703700000|  0%| F|  |TAMS 0x0000000703600000, 0x0000000703600000| Untracked 
|  39|0x0000000703700000, 0x0000000703700000, 0x0000000703800000|  0%| F|  |TAMS 0x0000000703700000, 0x0000000703700000| Untracked 
|  40|0x0000000703800000, 0x0000000703800000, 0x0000000703900000|  0%| F|  |TAMS 0x0000000703800000, 0x0000000703800000| Untracked 
|  41|0x0000000703900000, 0x0000000703900000, 0x0000000703a00000|  0%| F|  |TAMS 0x0000000703900000, 0x0000000703900000| Untracked 
|  42|0x0000000703a00000, 0x0000000703a00000, 0x0000000703b00000|  0%| F|  |TAMS 0x0000000703a00000, 0x0000000703a00000| Untracked 
|  43|0x0000000703b00000, 0x0000000703b00000, 0x0000000703c00000|  0%| F|  |TAMS 0x0000000703b00000, 0x0000000703b00000| Untracked 
|  44|0x0000000703c00000, 0x0000000703c00000, 0x0000000703d00000|  0%| F|  |TAMS 0x0000000703c00000, 0x0000000703c00000| Untracked 
|  45|0x0000000703d00000, 0x0000000703d00000, 0x0000000703e00000|  0%| F|  |TAMS 0x0000000703d00000, 0x0000000703d00000| Untracked 
|  46|0x0000000703e00000, 0x0000000703e00000, 0x0000000703f00000|  0%| F|  |TAMS 0x0000000703e00000, 0x0000000703e00000| Untracked 
|  47|0x0000000703f00000, 0x0000000703f00000, 0x0000000704000000|  0%| F|  |TAMS 0x0000000703f00000, 0x0000000703f00000| Untracked 
|  48|0x0000000704000000, 0x0000000704000000, 0x0000000704100000|  0%| F|  |TAMS 0x0000000704000000, 0x0000000704000000| Untracked 
|  49|0x0000000704100000, 0x0000000704100000, 0x0000000704200000|  0%| F|  |TAMS 0x0000000704100000, 0x0000000704100000| Untracked 
|  50|0x0000000704200000, 0x0000000704200000, 0x0000000704300000|  0%| F|  |TAMS 0x0000000704200000, 0x0000000704200000| Untracked 
|  51|0x0000000704300000, 0x0000000704300000, 0x0000000704400000|  0%| F|  |TAMS 0x0000000704300000, 0x0000000704300000| Untracked 
|  52|0x0000000704400000, 0x0000000704400000, 0x0000000704500000|  0%| F|  |TAMS 0x0000000704400000, 0x0000000704400000| Untracked 
|  53|0x0000000704500000, 0x0000000704500000, 0x0000000704600000|  0%| F|  |TAMS 0x0000000704500000, 0x0000000704500000| Untracked 
|  54|0x0000000704600000, 0x0000000704600000, 0x0000000704700000|  0%| F|  |TAMS 0x0000000704600000, 0x0000000704600000| Untracked 
|  55|0x0000000704700000, 0x0000000704700000, 0x0000000704800000|  0%| F|  |TAMS 0x0000000704700000, 0x0000000704700000| Untracked 
|  56|0x0000000704800000, 0x0000000704800000, 0x0000000704900000|  0%| F|  |TAMS 0x0000000704800000, 0x0000000704800000| Untracked 
|  57|0x0000000704900000, 0x0000000704900000, 0x0000000704a00000|  0%| F|  |TAMS 0x0000000704900000, 0x0000000704900000| Untracked 
|  58|0x0000000704a00000, 0x0000000704a00000, 0x0000000704b00000|  0%| F|  |TAMS 0x0000000704a00000, 0x0000000704a00000| Untracked 
|  59|0x0000000704b00000, 0x0000000704b00000, 0x0000000704c00000|  0%| F|  |TAMS 0x0000000704b00000, 0x0000000704b00000| Untracked 
|  60|0x0000000704c00000, 0x0000000704c00000, 0x0000000704d00000|  0%| F|  |TAMS 0x0000000704c00000, 0x0000000704c00000| Untracked 
|  61|0x0000000704d00000, 0x0000000704d00000, 0x0000000704e00000|  0%| F|  |TAMS 0x0000000704d00000, 0x0000000704d00000| Untracked 
|  62|0x0000000704e00000, 0x0000000704e00000, 0x0000000704f00000|  0%| F|  |TAMS 0x0000000704e00000, 0x0000000704e00000| Untracked 
|  63|0x0000000704f00000, 0x0000000704f00000, 0x0000000705000000|  0%| F|  |TAMS 0x0000000704f00000, 0x0000000704f00000| Untracked 
|  64|0x0000000705000000, 0x0000000705000000, 0x0000000705100000|  0%| F|  |TAMS 0x0000000705000000, 0x0000000705000000| Untracked 
|  65|0x0000000705100000, 0x0000000705100000, 0x0000000705200000|  0%| F|  |TAMS 0x0000000705100000, 0x0000000705100000| Untracked 
|  66|0x0000000705200000, 0x0000000705200000, 0x0000000705300000|  0%| F|  |TAMS 0x0000000705200000, 0x0000000705200000| Untracked 
|  67|0x0000000705300000, 0x0000000705300000, 0x0000000705400000|  0%| F|  |TAMS 0x0000000705300000, 0x0000000705300000| Untracked 
|  68|0x0000000705400000, 0x0000000705400000, 0x0000000705500000|  0%| F|  |TAMS 0x0000000705400000, 0x0000000705400000| Untracked 
|  69|0x0000000705500000, 0x0000000705500000, 0x0000000705600000|  0%| F|  |TAMS 0x0000000705500000, 0x0000000705500000| Untracked 
|  70|0x0000000705600000, 0x0000000705600000, 0x0000000705700000|  0%| F|  |TAMS 0x0000000705600000, 0x0000000705600000| Untracked 
|  71|0x0000000705700000, 0x0000000705700000, 0x0000000705800000|  0%| F|  |TAMS 0x0000000705700000, 0x0000000705700000| Untracked 
|  72|0x0000000705800000, 0x0000000705800000, 0x0000000705900000|  0%| F|  |TAMS 0x0000000705800000, 0x0000000705800000| Untracked 
|  73|0x0000000705900000, 0x0000000705900000, 0x0000000705a00000|  0%| F|  |TAMS 0x0000000705900000, 0x0000000705900000| Untracked 
|  74|0x0000000705a00000, 0x0000000705a00000, 0x0000000705b00000|  0%| F|  |TAMS 0x0000000705a00000, 0x0000000705a00000| Untracked 
|  75|0x0000000705b00000, 0x0000000705b00000, 0x0000000705c00000|  0%| F|  |TAMS 0x0000000705b00000, 0x0000000705b00000| Untracked 
|  76|0x0000000705c00000, 0x0000000705c00000, 0x0000000705d00000|  0%| F|  |TAMS 0x0000000705c00000, 0x0000000705c00000| Untracked 
|  77|0x0000000705d00000, 0x0000000705d00000, 0x0000000705e00000|  0%| F|  |TAMS 0x0000000705d00000, 0x0000000705d00000| Untracked 
|  78|0x0000000705e00000, 0x0000000705e00000, 0x0000000705f00000|  0%| F|  |TAMS 0x0000000705e00000, 0x0000000705e00000| Untracked 
|  79|0x0000000705f00000, 0x0000000705f00000, 0x0000000706000000|  0%| F|  |TAMS 0x0000000705f00000, 0x0000000705f00000| Untracked 
|  80|0x0000000706000000, 0x0000000706000000, 0x0000000706100000|  0%| F|  |TAMS 0x0000000706000000, 0x0000000706000000| Untracked 
|  81|0x0000000706100000, 0x0000000706100000, 0x0000000706200000|  0%| F|  |TAMS 0x0000000706100000, 0x0000000706100000| Untracked 
|  82|0x0000000706200000, 0x0000000706200000, 0x0000000706300000|  0%| F|  |TAMS 0x0000000706200000, 0x0000000706200000| Untracked 
|  83|0x0000000706300000, 0x0000000706300000, 0x0000000706400000|  0%| F|  |TAMS 0x0000000706300000, 0x0000000706300000| Untracked 
|  84|0x0000000706400000, 0x0000000706400000, 0x0000000706500000|  0%| F|  |TAMS 0x0000000706400000, 0x0000000706400000| Untracked 
|  85|0x0000000706500000, 0x0000000706500000, 0x0000000706600000|  0%| F|  |TAMS 0x0000000706500000, 0x0000000706500000| Untracked 
|  86|0x0000000706600000, 0x0000000706600000, 0x0000000706700000|  0%| F|  |TAMS 0x0000000706600000, 0x0000000706600000| Untracked 
|  87|0x0000000706700000, 0x0000000706700000, 0x0000000706800000|  0%| F|  |TAMS 0x0000000706700000, 0x0000000706700000| Untracked 
|  88|0x0000000706800000, 0x0000000706800000, 0x0000000706900000|  0%| F|  |TAMS 0x0000000706800000, 0x0000000706800000| Untracked 
|  89|0x0000000706900000, 0x0000000706900000, 0x0000000706a00000|  0%| F|  |TAMS 0x0000000706900000, 0x0000000706900000| Untracked 
|  90|0x0000000706a00000, 0x0000000706a00000, 0x0000000706b00000|  0%| F|  |TAMS 0x0000000706a00000, 0x0000000706a00000| Untracked 
|  91|0x0000000706b00000, 0x0000000706b00000, 0x0000000706c00000|  0%| F|  |TAMS 0x0000000706b00000, 0x0000000706b00000| Untracked 
|  92|0x0000000706c00000, 0x0000000706c00000, 0x0000000706d00000|  0%| F|  |TAMS 0x0000000706c00000, 0x0000000706c00000| Untracked 
|  93|0x0000000706d00000, 0x0000000706d00000, 0x0000000706e00000|  0%| F|  |TAMS 0x0000000706d00000, 0x0000000706d00000| Untracked 
|  94|0x0000000706e00000, 0x0000000706e00000, 0x0000000706f00000|  0%| F|  |TAMS 0x0000000706e00000, 0x0000000706e00000| Untracked 
|  95|0x0000000706f00000, 0x0000000706f00000, 0x0000000707000000|  0%| F|  |TAMS 0x0000000706f00000, 0x0000000706f00000| Untracked 
|  96|0x0000000707000000, 0x0000000707000000, 0x0000000707100000|  0%| F|  |TAMS 0x0000000707000000, 0x0000000707000000| Untracked 
|  97|0x0000000707100000, 0x0000000707100000, 0x0000000707200000|  0%| F|  |TAMS 0x0000000707100000, 0x0000000707100000| Untracked 
|  98|0x0000000707200000, 0x0000000707200000, 0x0000000707300000|  0%| F|  |TAMS 0x0000000707200000, 0x0000000707200000| Untracked 
|  99|0x0000000707300000, 0x0000000707300000, 0x0000000707400000|  0%| F|  |TAMS 0x0000000707300000, 0x0000000707300000| Untracked 
| 100|0x0000000707400000, 0x0000000707400000, 0x0000000707500000|  0%| F|  |TAMS 0x0000000707400000, 0x0000000707400000| Untracked 
| 101|0x0000000707500000, 0x0000000707500000, 0x0000000707600000|  0%| F|  |TAMS 0x0000000707500000, 0x0000000707500000| Untracked 
| 102|0x0000000707600000, 0x0000000707600000, 0x0000000707700000|  0%| F|  |TAMS 0x0000000707600000, 0x0000000707600000| Untracked 
| 103|0x0000000707700000, 0x0000000707700000, 0x0000000707800000|  0%| F|  |TAMS 0x0000000707700000, 0x0000000707700000| Untracked 
| 104|0x0000000707800000, 0x0000000707800000, 0x0000000707900000|  0%| F|  |TAMS 0x0000000707800000, 0x0000000707800000| Untracked 
| 105|0x0000000707900000, 0x0000000707900000, 0x0000000707a00000|  0%| F|  |TAMS 0x0000000707900000, 0x0000000707900000| Untracked 
| 106|0x0000000707a00000, 0x0000000707a00000, 0x0000000707b00000|  0%| F|  |TAMS 0x0000000707a00000, 0x0000000707a00000| Untracked 
| 107|0x0000000707b00000, 0x0000000707b00000, 0x0000000707c00000|  0%| F|  |TAMS 0x0000000707b00000, 0x0000000707b00000| Untracked 
| 108|0x0000000707c00000, 0x0000000707c00000, 0x0000000707d00000|  0%| F|  |TAMS 0x0000000707c00000, 0x0000000707c00000| Untracked 
| 109|0x0000000707d00000, 0x0000000707d00000, 0x0000000707e00000|  0%| F|  |TAMS 0x0000000707d00000, 0x0000000707d00000| Untracked 
| 110|0x0000000707e00000, 0x0000000707e00000, 0x0000000707f00000|  0%| F|  |TAMS 0x0000000707e00000, 0x0000000707e00000| Untracked 
| 111|0x0000000707f00000, 0x0000000707f00000, 0x0000000708000000|  0%| F|  |TAMS 0x0000000707f00000, 0x0000000707f00000| Untracked 
| 112|0x0000000708000000, 0x0000000708000000, 0x0000000708100000|  0%| F|  |TAMS 0x0000000708000000, 0x0000000708000000| Untracked 
| 113|0x0000000708100000, 0x0000000708100000, 0x0000000708200000|  0%| F|  |TAMS 0x0000000708100000, 0x0000000708100000| Untracked 
| 114|0x0000000708200000, 0x0000000708200000, 0x0000000708300000|  0%| F|  |TAMS 0x0000000708200000, 0x0000000708200000| Untracked 
| 115|0x0000000708300000, 0x0000000708300000, 0x0000000708400000|  0%| F|  |TAMS 0x0000000708300000, 0x0000000708300000| Untracked 
| 116|0x0000000708400000, 0x0000000708400000, 0x0000000708500000|  0%| F|  |TAMS 0x0000000708400000, 0x0000000708400000| Untracked 
| 117|0x0000000708500000, 0x0000000708500000, 0x0000000708600000|  0%| F|  |TAMS 0x0000000708500000, 0x0000000708500000| Untracked 
| 118|0x0000000708600000, 0x0000000708600000, 0x0000000708700000|  0%| F|  |TAMS 0x0000000708600000, 0x0000000708600000| Untracked 
| 119|0x0000000708700000, 0x0000000708700000, 0x0000000708800000|  0%| F|  |TAMS 0x0000000708700000, 0x0000000708700000| Untracked 
| 120|0x0000000708800000, 0x0000000708800000, 0x0000000708900000|  0%| F|  |TAMS 0x0000000708800000, 0x0000000708800000| Untracked 
| 121|0x0000000708900000, 0x0000000708900000, 0x0000000708a00000|  0%| F|  |TAMS 0x0000000708900000, 0x0000000708900000| Untracked 
| 122|0x0000000708a00000, 0x0000000708a00000, 0x0000000708b00000|  0%| F|  |TAMS 0x0000000708a00000, 0x0000000708a00000| Untracked 
| 123|0x0000000708b00000, 0x0000000708b00000, 0x0000000708c00000|  0%| F|  |TAMS 0x0000000708b00000, 0x0000000708b00000| Untracked 
| 124|0x0000000708c00000, 0x0000000708c00000, 0x0000000708d00000|  0%| F|  |TAMS 0x0000000708c00000, 0x0000000708c00000| Untracked 
| 125|0x0000000708d00000, 0x0000000708d00000, 0x0000000708e00000|  0%| F|  |TAMS 0x0000000708d00000, 0x0000000708d00000| Untracked 
| 126|0x0000000708e00000, 0x0000000708e00000, 0x0000000708f00000|  0%| F|  |TAMS 0x0000000708e00000, 0x0000000708e00000| Untracked 
| 127|0x0000000708f00000, 0x0000000708f00000, 0x0000000709000000|  0%| F|  |TAMS 0x0000000708f00000, 0x0000000708f00000| Untracked 
| 128|0x0000000709000000, 0x0000000709000000, 0x0000000709100000|  0%| F|  |TAMS 0x0000000709000000, 0x0000000709000000| Untracked 
| 129|0x0000000709100000, 0x0000000709100000, 0x0000000709200000|  0%| F|  |TAMS 0x0000000709100000, 0x0000000709100000| Untracked 
| 130|0x0000000709200000, 0x0000000709200000, 0x0000000709300000|  0%| F|  |TAMS 0x0000000709200000, 0x0000000709200000| Untracked 
| 131|0x0000000709300000, 0x0000000709300000, 0x0000000709400000|  0%| F|  |TAMS 0x0000000709300000, 0x0000000709300000| Untracked 
| 132|0x0000000709400000, 0x0000000709400000, 0x0000000709500000|  0%| F|  |TAMS 0x0000000709400000, 0x0000000709400000| Untracked 
| 133|0x0000000709500000, 0x0000000709500000, 0x0000000709600000|  0%| F|  |TAMS 0x0000000709500000, 0x0000000709500000| Untracked 
| 134|0x0000000709600000, 0x0000000709600000, 0x0000000709700000|  0%| F|  |TAMS 0x0000000709600000, 0x0000000709600000| Untracked 
| 135|0x0000000709700000, 0x0000000709700000, 0x0000000709800000|  0%| F|  |TAMS 0x0000000709700000, 0x0000000709700000| Untracked 
| 136|0x0000000709800000, 0x0000000709800000, 0x0000000709900000|  0%| F|  |TAMS 0x0000000709800000, 0x0000000709800000| Untracked 
| 137|0x0000000709900000, 0x0000000709900000, 0x0000000709a00000|  0%| F|  |TAMS 0x0000000709900000, 0x0000000709900000| Untracked 
| 138|0x0000000709a00000, 0x0000000709a00000, 0x0000000709b00000|  0%| F|  |TAMS 0x0000000709a00000, 0x0000000709a00000| Untracked 
| 139|0x0000000709b00000, 0x0000000709b00000, 0x0000000709c00000|  0%| F|  |TAMS 0x0000000709b00000, 0x0000000709b00000| Untracked 
| 140|0x0000000709c00000, 0x0000000709c00000, 0x0000000709d00000|  0%| F|  |TAMS 0x0000000709c00000, 0x0000000709c00000| Untracked 
| 141|0x0000000709d00000, 0x0000000709d00000, 0x0000000709e00000|  0%| F|  |TAMS 0x0000000709d00000, 0x0000000709d00000| Untracked 
| 142|0x0000000709e00000, 0x0000000709e00000, 0x0000000709f00000|  0%| F|  |TAMS 0x0000000709e00000, 0x0000000709e00000| Untracked 
| 143|0x0000000709f00000, 0x0000000709f00000, 0x000000070a000000|  0%| F|  |TAMS 0x0000000709f00000, 0x0000000709f00000| Untracked 
| 144|0x000000070a000000, 0x000000070a000000, 0x000000070a100000|  0%| F|  |TAMS 0x000000070a000000, 0x000000070a000000| Untracked 
| 145|0x000000070a100000, 0x000000070a100000, 0x000000070a200000|  0%| F|  |TAMS 0x000000070a100000, 0x000000070a100000| Untracked 
| 146|0x000000070a200000, 0x000000070a200000, 0x000000070a300000|  0%| F|  |TAMS 0x000000070a200000, 0x000000070a200000| Untracked 
| 147|0x000000070a300000, 0x000000070a300000, 0x000000070a400000|  0%| F|  |TAMS 0x000000070a300000, 0x000000070a300000| Untracked 
| 148|0x000000070a400000, 0x000000070a400000, 0x000000070a500000|  0%| F|  |TAMS 0x000000070a400000, 0x000000070a400000| Untracked 
| 149|0x000000070a500000, 0x000000070a500000, 0x000000070a600000|  0%| F|  |TAMS 0x000000070a500000, 0x000000070a500000| Untracked 
| 150|0x000000070a600000, 0x000000070a600000, 0x000000070a700000|  0%| F|  |TAMS 0x000000070a600000, 0x000000070a600000| Untracked 
| 151|0x000000070a700000, 0x000000070a700000, 0x000000070a800000|  0%| F|  |TAMS 0x000000070a700000, 0x000000070a700000| Untracked 
| 152|0x000000070a800000, 0x000000070a800000, 0x000000070a900000|  0%| F|  |TAMS 0x000000070a800000, 0x000000070a800000| Untracked 
| 153|0x000000070a900000, 0x000000070a900000, 0x000000070aa00000|  0%| F|  |TAMS 0x000000070a900000, 0x000000070a900000| Untracked 
| 154|0x000000070aa00000, 0x000000070aa00000, 0x000000070ab00000|  0%| F|  |TAMS 0x000000070aa00000, 0x000000070aa00000| Untracked 
| 155|0x000000070ab00000, 0x000000070ab00000, 0x000000070ac00000|  0%| F|  |TAMS 0x000000070ab00000, 0x000000070ab00000| Untracked 
| 156|0x000000070ac00000, 0x000000070ac00000, 0x000000070ad00000|  0%| F|  |TAMS 0x000000070ac00000, 0x000000070ac00000| Untracked 
| 157|0x000000070ad00000, 0x000000070ad00000, 0x000000070ae00000|  0%| F|  |TAMS 0x000000070ad00000, 0x000000070ad00000| Untracked 
| 158|0x000000070ae00000, 0x000000070ae00000, 0x000000070af00000|  0%| F|  |TAMS 0x000000070ae00000, 0x000000070ae00000| Untracked 
| 159|0x000000070af00000, 0x000000070af00000, 0x000000070b000000|  0%| F|  |TAMS 0x000000070af00000, 0x000000070af00000| Untracked 
| 160|0x000000070b000000, 0x000000070b000000, 0x000000070b100000|  0%| F|  |TAMS 0x000000070b000000, 0x000000070b000000| Untracked 
| 161|0x000000070b100000, 0x000000070b100000, 0x000000070b200000|  0%| F|  |TAMS 0x000000070b100000, 0x000000070b100000| Untracked 
| 162|0x000000070b200000, 0x000000070b200000, 0x000000070b300000|  0%| F|  |TAMS 0x000000070b200000, 0x000000070b200000| Untracked 
| 163|0x000000070b300000, 0x000000070b300000, 0x000000070b400000|  0%| F|  |TAMS 0x000000070b300000, 0x000000070b300000| Untracked 
| 164|0x000000070b400000, 0x000000070b400000, 0x000000070b500000|  0%| F|  |TAMS 0x000000070b400000, 0x000000070b400000| Untracked 
| 165|0x000000070b500000, 0x000000070b500000, 0x000000070b600000|  0%| F|  |TAMS 0x000000070b500000, 0x000000070b500000| Untracked 
| 166|0x000000070b600000, 0x000000070b600000, 0x000000070b700000|  0%| F|  |TAMS 0x000000070b600000, 0x000000070b600000| Untracked 
| 167|0x000000070b700000, 0x000000070b700000, 0x000000070b800000|  0%| F|  |TAMS 0x000000070b700000, 0x000000070b700000| Untracked 
| 168|0x000000070b800000, 0x000000070b800000, 0x000000070b900000|  0%| F|  |TAMS 0x000000070b800000, 0x000000070b800000| Untracked 
| 169|0x000000070b900000, 0x000000070b900000, 0x000000070ba00000|  0%| F|  |TAMS 0x000000070b900000, 0x000000070b900000| Untracked 
| 170|0x000000070ba00000, 0x000000070ba00000, 0x000000070bb00000|  0%| F|  |TAMS 0x000000070ba00000, 0x000000070ba00000| Untracked 
| 171|0x000000070bb00000, 0x000000070bb00000, 0x000000070bc00000|  0%| F|  |TAMS 0x000000070bb00000, 0x000000070bb00000| Untracked 
| 172|0x000000070bc00000, 0x000000070bc00000, 0x000000070bd00000|  0%| F|  |TAMS 0x000000070bc00000, 0x000000070bc00000| Untracked 
| 173|0x000000070bd00000, 0x000000070bd00000, 0x000000070be00000|  0%| F|  |TAMS 0x000000070bd00000, 0x000000070bd00000| Untracked 
| 174|0x000000070be00000, 0x000000070be00000, 0x000000070bf00000|  0%| F|  |TAMS 0x000000070be00000, 0x000000070be00000| Untracked 
| 175|0x000000070bf00000, 0x000000070bf00000, 0x000000070c000000|  0%| F|  |TAMS 0x000000070bf00000, 0x000000070bf00000| Untracked 
| 176|0x000000070c000000, 0x000000070c000000, 0x000000070c100000|  0%| F|  |TAMS 0x000000070c000000, 0x000000070c000000| Untracked 
| 177|0x000000070c100000, 0x000000070c100000, 0x000000070c200000|  0%| F|  |TAMS 0x000000070c100000, 0x000000070c100000| Untracked 
| 178|0x000000070c200000, 0x000000070c200000, 0x000000070c300000|  0%| F|  |TAMS 0x000000070c200000, 0x000000070c200000| Untracked 
| 179|0x000000070c300000, 0x000000070c300000, 0x000000070c400000|  0%| F|  |TAMS 0x000000070c300000, 0x000000070c300000| Untracked 
| 180|0x000000070c400000, 0x000000070c400000, 0x000000070c500000|  0%| F|  |TAMS 0x000000070c400000, 0x000000070c400000| Untracked 
| 181|0x000000070c500000, 0x000000070c500000, 0x000000070c600000|  0%| F|  |TAMS 0x000000070c500000, 0x000000070c500000| Untracked 
| 182|0x000000070c600000, 0x000000070c600000, 0x000000070c700000|  0%| F|  |TAMS 0x000000070c600000, 0x000000070c600000| Untracked 
| 183|0x000000070c700000, 0x000000070c700000, 0x000000070c800000|  0%| F|  |TAMS 0x000000070c700000, 0x000000070c700000| Untracked 
| 184|0x000000070c800000, 0x000000070c800000, 0x000000070c900000|  0%| F|  |TAMS 0x000000070c800000, 0x000000070c800000| Untracked 
| 185|0x000000070c900000, 0x000000070c900000, 0x000000070ca00000|  0%| F|  |TAMS 0x000000070c900000, 0x000000070c900000| Untracked 
| 186|0x000000070ca00000, 0x000000070ca00000, 0x000000070cb00000|  0%| F|  |TAMS 0x000000070ca00000, 0x000000070ca00000| Untracked 
| 187|0x000000070cb00000, 0x000000070cb00000, 0x000000070cc00000|  0%| F|  |TAMS 0x000000070cb00000, 0x000000070cb00000| Untracked 
| 188|0x000000070cc00000, 0x000000070cc00000, 0x000000070cd00000|  0%| F|  |TAMS 0x000000070cc00000, 0x000000070cc00000| Untracked 
| 189|0x000000070cd00000, 0x000000070cd00000, 0x000000070ce00000|  0%| F|  |TAMS 0x000000070cd00000, 0x000000070cd00000| Untracked 
| 190|0x000000070ce00000, 0x000000070ce00000, 0x000000070cf00000|  0%| F|  |TAMS 0x000000070ce00000, 0x000000070ce00000| Untracked 
| 191|0x000000070cf00000, 0x000000070cf00000, 0x000000070d000000|  0%| F|  |TAMS 0x000000070cf00000, 0x000000070cf00000| Untracked 
| 192|0x000000070d000000, 0x000000070d000000, 0x000000070d100000|  0%| F|  |TAMS 0x000000070d000000, 0x000000070d000000| Untracked 
| 193|0x000000070d100000, 0x000000070d100000, 0x000000070d200000|  0%| F|  |TAMS 0x000000070d100000, 0x000000070d100000| Untracked 
| 194|0x000000070d200000, 0x000000070d200000, 0x000000070d300000|  0%| F|  |TAMS 0x000000070d200000, 0x000000070d200000| Untracked 
| 195|0x000000070d300000, 0x000000070d300000, 0x000000070d400000|  0%| F|  |TAMS 0x000000070d300000, 0x000000070d300000| Untracked 
| 196|0x000000070d400000, 0x000000070d400000, 0x000000070d500000|  0%| F|  |TAMS 0x000000070d400000, 0x000000070d400000| Untracked 
| 197|0x000000070d500000, 0x000000070d500000, 0x000000070d600000|  0%| F|  |TAMS 0x000000070d500000, 0x000000070d500000| Untracked 
| 198|0x000000070d600000, 0x000000070d600000, 0x000000070d700000|  0%| F|  |TAMS 0x000000070d600000, 0x000000070d600000| Untracked 
| 199|0x000000070d700000, 0x000000070d700000, 0x000000070d800000|  0%| F|  |TAMS 0x000000070d700000, 0x000000070d700000| Untracked 
| 200|0x000000070d800000, 0x000000070d800000, 0x000000070d900000|  0%| F|  |TAMS 0x000000070d800000, 0x000000070d800000| Untracked 
| 201|0x000000070d900000, 0x000000070d900000, 0x000000070da00000|  0%| F|  |TAMS 0x000000070d900000, 0x000000070d900000| Untracked 
| 202|0x000000070da00000, 0x000000070da00000, 0x000000070db00000|  0%| F|  |TAMS 0x000000070da00000, 0x000000070da00000| Untracked 
| 203|0x000000070db00000, 0x000000070db00000, 0x000000070dc00000|  0%| F|  |TAMS 0x000000070db00000, 0x000000070db00000| Untracked 
| 204|0x000000070dc00000, 0x000000070dc00000, 0x000000070dd00000|  0%| F|  |TAMS 0x000000070dc00000, 0x000000070dc00000| Untracked 
| 205|0x000000070dd00000, 0x000000070dd00000, 0x000000070de00000|  0%| F|  |TAMS 0x000000070dd00000, 0x000000070dd00000| Untracked 
| 206|0x000000070de00000, 0x000000070de00000, 0x000000070df00000|  0%| F|  |TAMS 0x000000070de00000, 0x000000070de00000| Untracked 
| 207|0x000000070df00000, 0x000000070df00000, 0x000000070e000000|  0%| F|  |TAMS 0x000000070df00000, 0x000000070df00000| Untracked 
| 208|0x000000070e000000, 0x000000070e000000, 0x000000070e100000|  0%| F|  |TAMS 0x000000070e000000, 0x000000070e000000| Untracked 
| 209|0x000000070e100000, 0x000000070e100000, 0x000000070e200000|  0%| F|  |TAMS 0x000000070e100000, 0x000000070e100000| Untracked 
| 210|0x000000070e200000, 0x000000070e200000, 0x000000070e300000|  0%| F|  |TAMS 0x000000070e200000, 0x000000070e200000| Untracked 
| 211|0x000000070e300000, 0x000000070e300000, 0x000000070e400000|  0%| F|  |TAMS 0x000000070e300000, 0x000000070e300000| Untracked 
| 212|0x000000070e400000, 0x000000070e400000, 0x000000070e500000|  0%| F|  |TAMS 0x000000070e400000, 0x000000070e400000| Untracked 
| 213|0x000000070e500000, 0x000000070e500000, 0x000000070e600000|  0%| F|  |TAMS 0x000000070e500000, 0x000000070e500000| Untracked 
| 214|0x000000070e600000, 0x000000070e600000, 0x000000070e700000|  0%| F|  |TAMS 0x000000070e600000, 0x000000070e600000| Untracked 
| 215|0x000000070e700000, 0x000000070e700000, 0x000000070e800000|  0%| F|  |TAMS 0x000000070e700000, 0x000000070e700000| Untracked 
| 216|0x000000070e800000, 0x000000070e800000, 0x000000070e900000|  0%| F|  |TAMS 0x000000070e800000, 0x000000070e800000| Untracked 
| 217|0x000000070e900000, 0x000000070e900000, 0x000000070ea00000|  0%| F|  |TAMS 0x000000070e900000, 0x000000070e900000| Untracked 
| 218|0x000000070ea00000, 0x000000070ea00000, 0x000000070eb00000|  0%| F|  |TAMS 0x000000070ea00000, 0x000000070ea00000| Untracked 
| 219|0x000000070eb00000, 0x000000070eb00000, 0x000000070ec00000|  0%| F|  |TAMS 0x000000070eb00000, 0x000000070eb00000| Untracked 
| 220|0x000000070ec00000, 0x000000070ec00000, 0x000000070ed00000|  0%| F|  |TAMS 0x000000070ec00000, 0x000000070ec00000| Untracked 
| 221|0x000000070ed00000, 0x000000070ed00000, 0x000000070ee00000|  0%| F|  |TAMS 0x000000070ed00000, 0x000000070ed00000| Untracked 
| 222|0x000000070ee00000, 0x000000070ee00000, 0x000000070ef00000|  0%| F|  |TAMS 0x000000070ee00000, 0x000000070ee00000| Untracked 
| 223|0x000000070ef00000, 0x000000070ef00000, 0x000000070f000000|  0%| F|  |TAMS 0x000000070ef00000, 0x000000070ef00000| Untracked 
| 224|0x000000070f000000, 0x000000070f000000, 0x000000070f100000|  0%| F|  |TAMS 0x000000070f000000, 0x000000070f000000| Untracked 
| 225|0x000000070f100000, 0x000000070f100000, 0x000000070f200000|  0%| F|  |TAMS 0x000000070f100000, 0x000000070f100000| Untracked 
| 226|0x000000070f200000, 0x000000070f200000, 0x000000070f300000|  0%| F|  |TAMS 0x000000070f200000, 0x000000070f200000| Untracked 
| 227|0x000000070f300000, 0x000000070f300000, 0x000000070f400000|  0%| F|  |TAMS 0x000000070f300000, 0x000000070f300000| Untracked 
| 228|0x000000070f400000, 0x000000070f400000, 0x000000070f500000|  0%| F|  |TAMS 0x000000070f400000, 0x000000070f400000| Untracked 
| 229|0x000000070f500000, 0x000000070f500000, 0x000000070f600000|  0%| F|  |TAMS 0x000000070f500000, 0x000000070f500000| Untracked 
| 230|0x000000070f600000, 0x000000070f6ef1c8, 0x000000070f700000| 93%| S|CS|TAMS 0x000000070f600000, 0x000000070f600000| Complete 
| 231|0x000000070f700000, 0x000000070f800000, 0x000000070f800000|100%| S|CS|TAMS 0x000000070f700000, 0x000000070f700000| Complete 
| 232|0x000000070f800000, 0x000000070f800000, 0x000000070f900000|  0%| F|  |TAMS 0x000000070f800000, 0x000000070f800000| Untracked 
| 233|0x000000070f900000, 0x000000070f900000, 0x000000070fa00000|  0%| F|  |TAMS 0x000000070f900000, 0x000000070f900000| Untracked 
| 234|0x000000070fa00000, 0x000000070fa00000, 0x000000070fb00000|  0%| F|  |TAMS 0x000000070fa00000, 0x000000070fa00000| Untracked 
| 235|0x000000070fb00000, 0x000000070fb00000, 0x000000070fc00000|  0%| F|  |TAMS 0x000000070fb00000, 0x000000070fb00000| Untracked 
| 236|0x000000070fc00000, 0x000000070fc00000, 0x000000070fd00000|  0%| F|  |TAMS 0x000000070fc00000, 0x000000070fc00000| Untracked 
| 237|0x000000070fd00000, 0x000000070fd00000, 0x000000070fe00000|  0%| F|  |TAMS 0x000000070fd00000, 0x000000070fd00000| Untracked 
| 238|0x000000070fe00000, 0x000000070fe00000, 0x000000070ff00000|  0%| F|  |TAMS 0x000000070fe00000, 0x000000070fe00000| Untracked 
| 239|0x000000070ff00000, 0x000000070ff00000, 0x0000000710000000|  0%| F|  |TAMS 0x000000070ff00000, 0x000000070ff00000| Untracked 
| 240|0x0000000710000000, 0x0000000710000000, 0x0000000710100000|  0%| F|  |TAMS 0x0000000710000000, 0x0000000710000000| Untracked 
| 241|0x0000000710100000, 0x0000000710100000, 0x0000000710200000|  0%| F|  |TAMS 0x0000000710100000, 0x0000000710100000| Untracked 
| 242|0x0000000710200000, 0x0000000710200000, 0x0000000710300000|  0%| F|  |TAMS 0x0000000710200000, 0x0000000710200000| Untracked 
| 243|0x0000000710300000, 0x0000000710300000, 0x0000000710400000|  0%| F|  |TAMS 0x0000000710300000, 0x0000000710300000| Untracked 
| 244|0x0000000710400000, 0x0000000710400000, 0x0000000710500000|  0%| F|  |TAMS 0x0000000710400000, 0x0000000710400000| Untracked 
| 245|0x0000000710500000, 0x0000000710500000, 0x0000000710600000|  0%| F|  |TAMS 0x0000000710500000, 0x0000000710500000| Untracked 
| 246|0x0000000710600000, 0x0000000710600000, 0x0000000710700000|  0%| F|  |TAMS 0x0000000710600000, 0x0000000710600000| Untracked 
| 247|0x0000000710700000, 0x0000000710700000, 0x0000000710800000|  0%| F|  |TAMS 0x0000000710700000, 0x0000000710700000| Untracked 
| 248|0x0000000710800000, 0x0000000710800000, 0x0000000710900000|  0%| F|  |TAMS 0x0000000710800000, 0x0000000710800000| Untracked 
| 249|0x0000000710900000, 0x0000000710900000, 0x0000000710a00000|  0%| F|  |TAMS 0x0000000710900000, 0x0000000710900000| Untracked 
| 250|0x0000000710a00000, 0x0000000710a00000, 0x0000000710b00000|  0%| F|  |TAMS 0x0000000710a00000, 0x0000000710a00000| Untracked 
| 251|0x0000000710b00000, 0x0000000710b00000, 0x0000000710c00000|  0%| F|  |TAMS 0x0000000710b00000, 0x0000000710b00000| Untracked 
| 252|0x0000000710c00000, 0x0000000710c00000, 0x0000000710d00000|  0%| F|  |TAMS 0x0000000710c00000, 0x0000000710c00000| Untracked 
| 253|0x0000000710d00000, 0x0000000710d00000, 0x0000000710e00000|  0%| F|  |TAMS 0x0000000710d00000, 0x0000000710d00000| Untracked 
| 254|0x0000000710e00000, 0x0000000710e00800, 0x0000000710f00000|  0%| E|  |TAMS 0x0000000710e00000, 0x0000000710e00000| Complete 
| 255|0x0000000710f00000, 0x0000000711000000, 0x0000000711000000|100%| E|CS|TAMS 0x0000000710f00000, 0x0000000710f00000| Complete 

Card table byte_map: [0x000001e221880000,0x000001e222080000] _byte_map_base: 0x000001e21e078000

Marking Bits (Prev, Next): (CMBitMap*) 0x000001e20765bbf8, (CMBitMap*) 0x000001e20765bc38
 Prev Bits: [0x000001e222880000, 0x000001e226840000)
 Next Bits: [0x000001e226840000, 0x000001e22a800000)

Polling page: 0x000001e2073b0000

Metaspace:

Usage:
  Non-class:      5.93 MB capacity,     5.31 MB ( 89%) used,   630.56 KB ( 10%) free+waste,     8.69 KB ( <1%) overhead. 
      Class:    582.00 KB capacity,   517.46 KB ( 89%) used,    60.10 KB ( 10%) free+waste,     4.44 KB ( <1%) overhead. 
       Both:      6.50 MB capacity,     5.81 MB ( 89%) used,   690.66 KB ( 10%) free+waste,    13.13 KB ( <1%) overhead. 

Virtual space:
  Non-class space:        8.00 MB reserved,       6.00 MB ( 75%) committed 
      Class space:        1.00 GB reserved,     640.00 KB ( <1%) committed 
             Both:        1.01 GB reserved,       6.63 MB ( <1%) committed 

Chunk freelists:
   Non-Class:  4.00 KB
       Class:  26.00 KB
        Both:  30.00 KB

MaxMetaspaceSize: 17179869184.00 GB
CompressedClassSpaceSize: 1.00 GB

CodeHeap 'non-profiled nmethods': size=120000Kb used=484Kb max_used=484Kb free=119515Kb
 bounds [0x000001e218d90000, 0x000001e219000000, 0x000001e2202c0000]
CodeHeap 'profiled nmethods': size=120000Kb used=2683Kb max_used=2683Kb free=117316Kb
 bounds [0x000001e211860000, 0x000001e211b00000, 0x000001e218d90000]
CodeHeap 'non-nmethods': size=5760Kb used=1461Kb max_used=1491Kb free=4298Kb
 bounds [0x000001e2112c0000, 0x000001e211530000, 0x000001e211860000]
 total_blobs=2569 nmethods=1164 adapters=714
 compilation: enabled
              stopped_count=0, restarted_count=0
 full_count=0

Compilation events (20 events):
Event: 1.808 Thread 0x000001e22de88000 1155       3       jdk.internal.jimage.ImageStringsReader::stringFromByteBuffer (28 bytes)
Event: 1.808 Thread 0x000001e22de88000 nmethod 1155 0x000001e211afa490 code [0x000001e211afa680, 0x000001e211afaae0]
Event: 1.808 Thread 0x000001e22de88000 1158       3       jdk.internal.access.SharedSecrets::javaUtilJarAccess (18 bytes)
Event: 1.808 Thread 0x000001e22e59a800 nmethod 1097 0x000001e218e06510 code [0x000001e218e06760, 0x000001e218e07f10]
Event: 1.808 Thread 0x000001e22de88000 nmethod 1158 0x000001e211afac90 code [0x000001e211afae60, 0x000001e211afb0d0]
Event: 1.808 Thread 0x000001e22e0a1800 nmethod 1152 0x000001e218e08b90 code [0x000001e218e08d20, 0x000001e218e08ec8]
Event: 1.808 Thread 0x000001e22de88000 1159       3       org.jacoco.agent.rt.internal_1f1cc91.asm.ClassVisitor::<init> (47 bytes)
Event: 1.809 Thread 0x000001e22de88000 nmethod 1159 0x000001e211afb190 code [0x000001e211afb360, 0x000001e211afb770]
Event: 1.809 Thread 0x000001e22de88000 1160       3       java.lang.String::<init> (10 bytes)
Event: 1.809 Thread 0x000001e22de88000 nmethod 1160 0x000001e211afb890 code [0x000001e211afba40, 0x000001e211afbc10]
Event: 1.809 Thread 0x000001e22de88000 1161       3       java.util.concurrent.ConcurrentHashMap$Node::<init> (14 bytes)
Event: 1.810 Thread 0x000001e22de88000 nmethod 1161 0x000001e211afbd10 code [0x000001e211afbec0, 0x000001e211afc238]
Event: 1.810 Thread 0x000001e22de88000 1162  s    3       jdk.internal.loader.Resource::cachedInputStream (20 bytes)
Event: 1.810 Thread 0x000001e22de88000 nmethod 1162 0x000001e211afc310 code [0x000001e211afc4c0, 0x000001e211afc970]
Event: 1.810 Thread 0x000001e22de88000 1163   !   3       java.util.regex.Pattern::matcher (44 bytes)
Event: 1.810 Thread 0x000001e22e0a1800 1165       4       org.jacoco.agent.rt.internal_1f1cc91.asm.MethodWriter::visitMethodInsn (191 bytes)
Event: 1.810 Thread 0x000001e22de88000 nmethod 1163 0x000001e211afca10 code [0x000001e211afcbe0, 0x000001e211afd0c0]
Event: 1.810 Thread 0x000001e22de88000 1164       3       java.util.regex.Matcher::<init> (95 bytes)
Event: 1.810 Thread 0x000001e22de88000 nmethod 1164 0x000001e211afd210 code [0x000001e211afd400, 0x000001e211afdaf0]
Event: 1.810 Thread 0x000001e22de88000 1166       3       java.security.CodeSource::getCertificates (98 bytes)

GC Heap History (2 events):
Event: 1.786 GC heap before
{Heap before GC invocations=0 (full 0):
 garbage-first heap   total 262144K, used 24576K [0x0000000701000000, 0x0000000800000000)
  region size 1024K, 24 young (24576K), 0 survivors (0K)
 Metaspace       used 5857K, capacity 6650K, committed 6784K, reserved 1056768K
  class space    used 508K, capacity 579K, committed 640K, reserved 1048576K
}
Event: 1.790 GC heap after
{Heap after GC invocations=1 (full 0):
 garbage-first heap   total 262144K, used 1980K [0x0000000701000000, 0x0000000800000000)
  region size 1024K, 2 young (2048K), 2 survivors (2048K)
 Metaspace       used 5857K, capacity 6650K, committed 6784K, reserved 1056768K
  class space    used 508K, capacity 579K, committed 640K, reserved 1048576K
}

Deoptimization events (20 events):
Event: 0.569 Thread 0x000001e22e3a6800 DEOPT PACKING pc=0x000001e211a2133b sp=0x0000007971dfe000
Event: 0.569 Thread 0x000001e22e3a6800 DEOPT UNPACKING pc=0x000001e21130964e sp=0x0000007971dfd478 mode 0
Event: 0.569 Thread 0x000001e22e3a6800 DEOPT PACKING pc=0x000001e211a2133b sp=0x0000007971dfe000
Event: 0.569 Thread 0x000001e22e3a6800 DEOPT UNPACKING pc=0x000001e21130964e sp=0x0000007971dfd478 mode 0
Event: 0.570 Thread 0x000001e22e3a6800 DEOPT PACKING pc=0x000001e211a2133b sp=0x0000007971dfe000
Event: 0.570 Thread 0x000001e22e3a6800 DEOPT UNPACKING pc=0x000001e21130964e sp=0x0000007971dfd478 mode 0
Event: 0.570 Thread 0x000001e22e3a6800 DEOPT PACKING pc=0x000001e211a2133b sp=0x0000007971dfe000
Event: 0.570 Thread 0x000001e22e3a6800 DEOPT UNPACKING pc=0x000001e21130964e sp=0x0000007971dfd478 mode 0
Event: 1.737 Thread 0x000001e22e3a6800 Uncommon trap: trap_request=0xffffff45 fr.pc=0x000001e218de48a0 relative=0x0000000000002ea0
Event: 1.737 Thread 0x000001e22e3a6800 Uncommon trap: reason=unstable_if action=reinterpret pc=0x000001e218de48a0 method=org.jacoco.agent.rt.internal_1f1cc91.asm.commons.AnalyzerAdapter.execute(IILjava/lang/String;)V @ 1740 c2
Event: 1.737 Thread 0x000001e22e3a6800 DEOPT PACKING pc=0x000001e218de48a0 sp=0x0000007971dfc3e0
Event: 1.737 Thread 0x000001e22e3a6800 DEOPT UNPACKING pc=0x000001e21130912f sp=0x0000007971dfc3b0 mode 2
Event: 1.739 Thread 0x000001e22e3a6800 Uncommon trap: trap_request=0xffffff45 fr.pc=0x000001e218df6e2c relative=0x000000000000814c
Event: 1.739 Thread 0x000001e22e3a6800 Uncommon trap: reason=unstable_if action=reinterpret pc=0x000001e218df6e2c method=org.jacoco.agent.rt.internal_1f1cc91.asm.ClassReader.readCode(Lorg/jacoco/agent/rt/internal_1f1cc91/asm/MethodVisitor;Lorg/jacoco/agent/rt/internal_1f1cc91/asm/Context;I)V @
Event: 1.739 Thread 0x000001e22e3a6800 DEOPT PACKING pc=0x000001e218df6e2c sp=0x0000007971df9370
Event: 1.739 Thread 0x000001e22e3a6800 DEOPT UNPACKING pc=0x000001e21130912f sp=0x0000007971df92d8 mode 2
Event: 1.741 Thread 0x000001e22e3a6800 DEOPT PACKING pc=0x000001e2119f8b5f sp=0x0000007971dfd430
Event: 1.741 Thread 0x000001e22e3a6800 DEOPT UNPACKING pc=0x000001e21130964e sp=0x0000007971dfc880 mode 0
Event: 1.792 Thread 0x000001e22e3a6800 DEOPT PACKING pc=0x000001e211a4cf0f sp=0x0000007971dfb340
Event: 1.792 Thread 0x000001e22e3a6800 DEOPT UNPACKING pc=0x000001e21130964e sp=0x0000007971dfa898 mode 0

Classes unloaded (0 events):
No events

Classes redefined (0 events):
No events

Internal exceptions (5 events):
Event: 0.354 Thread 0x000001e2075ef800 Exception <a 'java/lang/NoSuchMethodError'{0x0000000710ad4658}: 'int java.lang.invoke.DirectMethodHandle$Holder.invokeSpecialIFC(java.lang.Object, java.lang.Object, int)'> (0x0000000710ad4658) 
thrown [t:/workspace/open/src/hotspot/share/interpreter/linkResolver.cpp, line 767]
Event: 0.477 Thread 0x000001e22e3a6800 Exception <a 'java/lang/NoSuchMethodError'{0x000000071032d010}: 'void java.lang.invoke.DelegatingMethodHandle$Holder.delegate(java.lang.Object, java.lang.Object, int, java.lang.Object)'> (0x000000071032d010) 
thrown [t:/workspace/open/src/hotspot/share/interpreter/linkResolver.cpp, line 767]
Event: 0.478 Thread 0x000001e22e3a6800 Exception <a 'java/lang/NoSuchMethodError'{0x0000000710333ae0}: 'java.lang.Object java.lang.invoke.DirectMethodHandle$Holder.invokeStaticInit(java.lang.Object, java.lang.Object, java.lang.Object)'> (0x0000000710333ae0) 
thrown [t:/workspace/open/src/hotspot/share/interpreter/linkResolver.cpp, line 767]
Event: 1.807 Thread 0x000001e22e3a6800 Exception <a 'sun/nio/fs/WindowsException'{0x0000000710fe2a58}> (0x0000000710fe2a58) 
thrown [t:/workspace/open/src/hotspot/share/prims/jni.cpp, line 598]
Event: 1.807 Thread 0x000001e22e3a6800 Exception <a 'sun/nio/fs/WindowsException'{0x0000000710fe4018}> (0x0000000710fe4018) 
thrown [t:/workspace/open/src/hotspot/share/prims/jni.cpp, line 598]

Events (20 events):
Event: 1.809 Executing VM operation: RevokeBias
Event: 1.809 Executing VM operation: RevokeBias done
Event: 1.809 Executing VM operation: RevokeBias
Event: 1.809 Executing VM operation: RevokeBias done
Event: 1.809 Executing VM operation: RevokeBias
Event: 1.809 Executing VM operation: RevokeBias done
Event: 1.809 Executing VM operation: RevokeBias
Event: 1.809 Executing VM operation: RevokeBias done
Event: 1.809 Executing VM operation: RevokeBias
Event: 1.809 Executing VM operation: RevokeBias done
Event: 1.809 Executing VM operation: RevokeBias
Event: 1.809 Executing VM operation: RevokeBias done
Event: 1.809 Executing VM operation: RevokeBias
Event: 1.809 Executing VM operation: RevokeBias done
Event: 1.809 Executing VM operation: RevokeBias
Event: 1.809 Executing VM operation: RevokeBias done
Event: 1.809 Executing VM operation: BulkRevokeBias
Event: 1.809 Executing VM operation: BulkRevokeBias done
Event: 1.809 loading class org/lwjgl/system/SharedLibrary$Delegate
Event: 1.809 loading class org/lwjgl/system/SharedLibrary$Delegate done


Dynamic libraries:
0x00007ff6efd80000 - 0x00007ff6efd8f000 	C:\Program Files\Java\jdk-13.0.1\bin\javaw.exe
0x00007ffa76b70000 - 0x00007ffa76d51000 	C:\WINDOWS\SYSTEM32\ntdll.dll
0x00007ffa768e0000 - 0x00007ffa76991000 	C:\WINDOWS\System32\KERNEL32.DLL
0x00007ffa739a0000 - 0x00007ffa73c13000 	C:\WINDOWS\System32\KERNELBASE.dll
0x00007ffa730c0000 - 0x00007ffa731b8000 	C:\WINDOWS\System32\ucrtbase.dll
0x00007ffa5e0d0000 - 0x00007ffa5e0e8000 	C:\Program Files\Java\jdk-13.0.1\bin\jli.dll
0x00007ffa5cbb0000 - 0x00007ffa5cbc5000 	C:\Program Files\Java\jdk-13.0.1\bin\VCRUNTIME140.dll
0x00007ffa76220000 - 0x00007ffa762c1000 	C:\WINDOWS\System32\ADVAPI32.dll
0x00007ffa75c00000 - 0x00007ffa75c9e000 	C:\WINDOWS\System32\msvcrt.dll
0x00007ffa73fe0000 - 0x00007ffa7403b000 	C:\WINDOWS\System32\sechost.dll
0x00007ffa75d10000 - 0x00007ffa75e34000 	C:\WINDOWS\System32\RPCRT4.dll
0x00007ffa769a0000 - 0x00007ffa76b31000 	C:\WINDOWS\System32\USER32.dll
0x00007ffa632e0000 - 0x00007ffa63549000 	C:\WINDOWS\WinSxS\amd64_microsoft.windows.common-controls_6595b64144ccf1df_6.0.17134.1130_none_d3ff42617c90becf\COMCTL32.dll
0x00007ffa73980000 - 0x00007ffa739a0000 	C:\WINDOWS\System32\win32u.dll
0x00007ffa74130000 - 0x00007ffa74451000 	C:\WINDOWS\System32\combase.dll
0x00007ffa768b0000 - 0x00007ffa768d8000 	C:\WINDOWS\System32\GDI32.dll
0x00007ffa73f60000 - 0x00007ffa73fd9000 	C:\WINDOWS\System32\bcryptPrimitives.dll
0x00007ffa72f20000 - 0x00007ffa730b1000 	C:\WINDOWS\System32\gdi32full.dll
0x00007ffa73c20000 - 0x00007ffa73cbf000 	C:\WINDOWS\System32\msvcp_win.dll
0x00007ffa6dc70000 - 0x00007ffa6dc7a000 	C:\WINDOWS\SYSTEM32\VERSION.dll
0x00007ffa74040000 - 0x00007ffa7406d000 	C:\WINDOWS\System32\IMM32.DLL
0x00007ffa571d0000 - 0x00007ffa5726b000 	C:\Program Files\Java\jdk-13.0.1\bin\msvcp140.dll
0x00007ffa1a1f0000 - 0x00007ffa1ad56000 	C:\Program Files\Java\jdk-13.0.1\bin\server\jvm.dll
0x00007ffa75940000 - 0x00007ffa75948000 	C:\WINDOWS\System32\PSAPI.DLL
0x00007ffa62c20000 - 0x00007ffa62c29000 	C:\WINDOWS\SYSTEM32\WSOCK32.dll
0x00007ffa75ca0000 - 0x00007ffa75d0c000 	C:\WINDOWS\System32\WS2_32.dll
0x00007ffa6fce0000 - 0x00007ffa6fd03000 	C:\WINDOWS\SYSTEM32\WINMM.dll
0x00007ffa6fcb0000 - 0x00007ffa6fcda000 	C:\WINDOWS\SYSTEM32\winmmbase.dll
0x00007ffa73220000 - 0x00007ffa73269000 	C:\WINDOWS\System32\cfgmgr32.dll
0x00007ffa72ee0000 - 0x00007ffa72ef1000 	C:\WINDOWS\System32\kernel.appcore.dll
0x00007ffa62290000 - 0x00007ffa622a0000 	C:\Program Files\Java\jdk-13.0.1\bin\verify.dll
0x00007ffa64190000 - 0x00007ffa64359000 	C:\WINDOWS\SYSTEM32\DBGHELP.DLL
0x00007ffa64160000 - 0x00007ffa64189000 	C:\WINDOWS\SYSTEM32\dbgcore.DLL
0x00007ffa5cb70000 - 0x00007ffa5cb96000 	C:\Program Files\Java\jdk-13.0.1\bin\java.dll
0x00007ffa62d10000 - 0x00007ffa62d1e000 	C:\Program Files\Java\jdk-13.0.1\bin\instrument.dll
0x00007ffa62170000 - 0x00007ffa62187000 	C:\Program Files\Java\jdk-13.0.1\bin\zip.dll
0x00007ffa62240000 - 0x00007ffa6224a000 	C:\Program Files\Java\jdk-13.0.1\bin\jimage.dll
0x00007ffa74470000 - 0x00007ffa758b5000 	C:\WINDOWS\System32\SHELL32.dll
0x00007ffa762e0000 - 0x00007ffa76389000 	C:\WINDOWS\System32\shcore.dll
0x00007ffa73270000 - 0x00007ffa73980000 	C:\WINDOWS\System32\windows.storage.dll
0x00007ffa740d0000 - 0x00007ffa74121000 	C:\WINDOWS\System32\shlwapi.dll
0x00007ffa72ec0000 - 0x00007ffa72edf000 	C:\WINDOWS\System32\profapi.dll
0x00007ffa72e70000 - 0x00007ffa72ebc000 	C:\WINDOWS\System32\powrprof.dll
0x00007ffa72e60000 - 0x00007ffa72e6a000 	C:\WINDOWS\System32\FLTLIB.DLL
0x00007ffa5cca0000 - 0x00007ffa5ccb9000 	C:\Program Files\Java\jdk-13.0.1\bin\net.dll
0x00007ffa6e560000 - 0x00007ffa6e63d000 	C:\WINDOWS\SYSTEM32\WINHTTP.dll
0x00007ffa72680000 - 0x00007ffa726e6000 	C:\WINDOWS\system32\mswsock.dll
0x00007ffa5c980000 - 0x00007ffa5c993000 	C:\Program Files\Java\jdk-13.0.1\bin\nio.dll
0x00007ffa4c040000 - 0x00007ffa4c056000 	C:\WINDOWS\system32\napinsp.dll
0x00007ffa4c020000 - 0x00007ffa4c03a000 	C:\WINDOWS\system32\pnrpnsp.dll
0x00007ffa6fb40000 - 0x00007ffa6fb59000 	C:\WINDOWS\system32\NLAapi.dll
0x00007ffa72410000 - 0x00007ffa724ce000 	C:\WINDOWS\SYSTEM32\DNSAPI.dll
0x00007ffa762d0000 - 0x00007ffa762d8000 	C:\WINDOWS\System32\NSI.dll
0x00007ffa723d0000 - 0x00007ffa72408000 	C:\WINDOWS\SYSTEM32\IPHLPAPI.DLL
0x00007ffa4c010000 - 0x00007ffa4c01e000 	C:\WINDOWS\System32\winrnr.dll
0x00007ffa4bff0000 - 0x00007ffa4c005000 	C:\WINDOWS\System32\wshbth.dll
0x00007ffa6c9c0000 - 0x00007ffa6c9ca000 	C:\Windows\System32\rasadhlp.dll
0x00007ffa698e0000 - 0x00007ffa69952000 	C:\WINDOWS\System32\fwpuclnt.dll
0x00007ffa729c0000 - 0x00007ffa729e5000 	C:\WINDOWS\SYSTEM32\bcrypt.dll
0x00007ffa6db30000 - 0x00007ffa6db46000 	C:\WINDOWS\SYSTEM32\dhcpcsvc6.DLL
0x00007ffa6db10000 - 0x00007ffa6db2a000 	C:\WINDOWS\SYSTEM32\dhcpcsvc.DLL
0x00007ffa57170000 - 0x00007ffa571c7000 	C:\Users\ndrew\AppData\Local\Temp\lwjglndrew\3.1.2-build-29\lwjgl.dll
0x00007ffa57130000 - 0x00007ffa5716d000 	C:\Users\ndrew\AppData\Local\Temp\lwjglndrew\3.1.2-build-29\glfw.dll
0x00007ffa71380000 - 0x00007ffa71418000 	C:\WINDOWS\system32\uxtheme.dll
0x00007ffa09bb0000 - 0x00007ffa09bf3000 	C:\WINDOWS\SYSTEM32\dinput8.dll
0x00007ffa38f00000 - 0x00007ffa38f10000 	C:\WINDOWS\SYSTEM32\xinput1_4.dll
0x00007ffa72c70000 - 0x00007ffa72c97000 	C:\WINDOWS\SYSTEM32\DEVOBJ.dll
0x00007ffa715d0000 - 0x00007ffa715f9000 	C:\WINDOWS\SYSTEM32\dwmapi.dll
0x00007ffa659a0000 - 0x00007ffa65a19000 	C:\WINDOWS\SYSTEM32\inputhost.dll
0x00007ffa70fd0000 - 0x00007ffa710aa000 	C:\WINDOWS\SYSTEM32\CoreMessaging.dll
0x00007ffa6e730000 - 0x00007ffa6e87d000 	C:\WINDOWS\SYSTEM32\wintypes.dll
0x00007ffa6e890000 - 0x00007ffa6ebae000 	C:\WINDOWS\SYSTEM32\CoreUIComponents.dll
0x00007ffa71fd0000 - 0x00007ffa72001000 	C:\WINDOWS\SYSTEM32\ntmarta.dll
0x00007ffa760a0000 - 0x00007ffa76214000 	C:\WINDOWS\System32\MSCTF.dll
0x00007ffa76390000 - 0x00007ffa76452000 	C:\WINDOWS\System32\OLEAUT32.dll
0x00007ffa08c10000 - 0x00007ffa08c8f000 	C:\Program Files\ASUSTeKcomputer.Inc\Sonic Suite 3\Foundation\x64\SS3DevProps.dll
0x00007ffa75aa0000 - 0x00007ffa75bf1000 	C:\WINDOWS\System32\ole32.dll
0x00007ffa71b60000 - 0x00007ffa71b6c000 	C:\WINDOWS\SYSTEM32\HID.DLL
0x00007ffa76460000 - 0x00007ffa768ab000 	C:\WINDOWS\System32\SETUPAPI.DLL
0x000001e230830000 - 0x000001e230887000 	C:\WINDOWS\System32\WINTRUST.dll
0x00007ffa72f00000 - 0x00007ffa72f12000 	C:\WINDOWS\System32\MSASN1.dll
0x00007ffa73d70000 - 0x00007ffa73f52000 	C:\WINDOWS\System32\CRYPT32.dll
0x00007ffa57010000 - 0x00007ffa57130000 	C:\WINDOWS\SYSTEM32\opengl32.dll
0x00007ffa56fe0000 - 0x00007ffa5700c000 	C:\WINDOWS\SYSTEM32\GLU32.dll
0x00007ff9ee6a0000 - 0x00007ff9f0dc4000 	C:\WINDOWS\System32\DriverStore\FileRepository\nv_dispi.inf_amd64_63268710a2dc3648\nvoglv64.dll
0x00007ffa6f7d0000 - 0x00007ffa6f7e3000 	C:\WINDOWS\SYSTEM32\WTSAPI32.dll
0x00007ffa406d0000 - 0x00007ffa40994000 	C:\WINDOWS\system32\nvspcap64.dll
0x00007ffa728d0000 - 0x00007ffa72926000 	C:\WINDOWS\SYSTEM32\WINSTA.dll
0x00007ffa65c60000 - 0x00007ffa65cf6000 	C:\WINDOWS\System32\TextInputFramework.dll
0x00007ffa75e60000 - 0x00007ffa75f00000 	C:\WINDOWS\System32\clbcatq.dll
0x00007ffa6c930000 - 0x00007ffa6c9a6000 	C:\WINDOWS\System32\MMDevApi.dll
0x00007ffa6f350000 - 0x00007ffa6f505000 	C:\WINDOWS\System32\PROPSYS.dll
0x00007ffa4b740000 - 0x00007ffa4b86c000 	C:\WINDOWS\SYSTEM32\AUDIOSES.DLL
0x00007ffa6f510000 - 0x00007ffa6f51a000 	C:\WINDOWS\SYSTEM32\AVRT.dll
0x00007ffa56fa0000 - 0x00007ffa56fdc000 	C:\Users\ndrew\AppData\Local\Temp\lwjglndrew\3.1.2-build-29\jemalloc.dll
0x00007ffa09b20000 - 0x00007ffa09ba6000 	C:\Program Files (x86)\Overwolf\0.143.0.24\OWExplorer.dll
0x00007ffa56e80000 - 0x00007ffa56edc000 	C:\Users\ndrew\AppData\Local\Temp\lwjglndrew\3.1.2-build-29\lwjgl_opengl.dll

dbghelp: loaded successfully - version: 4.0.5 - missing functions: none
symbol engine: initialized successfully - sym options: 0x614 - pdb path: .;C:\Program Files\Java\jdk-13.0.1\bin;C:\WINDOWS\SYSTEM32;C:\WINDOWS\WinSxS\amd64_microsoft.windows.common-controls_6595b64144ccf1df_6.0.17134.1130_none_d3ff42617c90becf;C:\Program Files\Java\jdk-13.0.1\bin\server;C:\Users\ndrew\AppData\Local\Temp\lwjglndrew\3.1.2-build-29;C:\Program Files\ASUSTeKcomputer.Inc\Sonic Suite 3\Foundation\x64;C:\WINDOWS\System32\DriverStore\FileRepository\nv_dispi.inf_amd64_63268710a2dc3648;C:\Program Files (x86)\Overwolf\0.143.0.24

VM Arguments:
jvm_args: -javaagent:C:\Users\ndrew\eclipse\java-2019-09\eclipse\configuration\org.eclipse.osgi\457\0\.cp\jacocoagent.jar=includes=*,excludes=,exclclassloader=sun.reflect.DelegatingClassLoader,output=tcpclient,port=51033 -Dfile.encoding=Cp1252 
java_command: main.Main
java_class_path (initial): C:\Users\ndrew\eclipse-workspace\Project5\target\classes;C:\Users\ndrew\.m2\repository\org\lwjgl\lwjgl\3.1.2\lwjgl-3.1.2.jar;C:\Users\ndrew\.m2\repository\org\lwjgl\lwjgl-assimp\3.1.2\lwjgl-assimp-3.1.2.jar;C:\Users\ndrew\.m2\repository\org\lwjgl\lwjgl-glfw\3.1.2\lwjgl-glfw-3.1.2.jar;C:\Users\ndrew\.m2\repository\org\lwjgl\lwjgl-jemalloc\3.1.2\lwjgl-jemalloc-3.1.2.jar;C:\Users\ndrew\.m2\repository\org\lwjgl\lwjgl-openal\3.1.2\lwjgl-openal-3.1.2.jar;C:\Users\ndrew\.m2\repository\org\lwjgl\lwjgl-opengl\3.1.2\lwjgl-opengl-3.1.2.jar;C:\Users\ndrew\.m2\repository\org\lwjgl\lwjgl-stb\3.1.2\lwjgl-stb-3.1.2.jar;C:\Users\ndrew\.m2\repository\org\lwjgl\lwjgl\3.1.2\lwjgl-3.1.2-natives-windows.jar;C:\Users\ndrew\.m2\repository\org\lwjgl\lwjgl-assimp\3.1.2\lwjgl-assimp-3.1.2-natives-windows.jar;C:\Users\ndrew\.m2\repository\org\lwjgl\lwjgl-glfw\3.1.2\lwjgl-glfw-3.1.2-natives-windows.jar;C:\Users\ndrew\.m2\repository\org\lwjgl\lwjgl-jemalloc\3.1.2\lwjgl-jemalloc-3.1.2-natives-windows.jar;C:\Users\ndrew\.m2\repository\org\lwjgl\lwjgl-openal\3.1.2\lwjgl-openal-3.1.2-natives-windows.jar;C:\Users\ndrew\.m2\repository\org\lwjgl\lwjgl-opengl\3.1.2\lwjgl-opengl-3.1.2-natives-windows.jar;C:\Users\ndrew\.m2\repository\org\lwjgl\lwjgl-stb\3.1.2\lwjgl-stb-3.1.2-natives-windows.jar
Launcher Type: SUN_STANDARD

[Global flags]
     intx CICompilerCount                          = 4                                         {product} {ergonomic}
     uint ConcGCThreads                            = 3                                         {product} {ergonomic}
     uint G1ConcRefinementThreads                  = 10                                        {product} {ergonomic}
   size_t G1HeapRegionSize                         = 1048576                                   {product} {ergonomic}
    uintx GCDrainStackTargetSize                   = 64                                        {product} {ergonomic}
   size_t InitialHeapSize                          = 268435456                                 {product} {ergonomic}
   size_t MarkStackSize                            = 4194304                                   {product} {ergonomic}
   size_t MaxHeapSize                              = 4278190080                                {product} {ergonomic}
   size_t MaxNewSize                               = 2566914048                                {product} {ergonomic}
   size_t MinHeapDeltaBytes                        = 1048576                                   {product} {ergonomic}
   size_t MinHeapSize                              = 8388608                                   {product} {ergonomic}
    uintx NonNMethodCodeHeapSize                   = 5836300                                {pd product} {ergonomic}
    uintx NonProfiledCodeHeapSize                  = 122910970                              {pd product} {ergonomic}
    uintx ProfiledCodeHeapSize                     = 122910970                              {pd product} {ergonomic}
    uintx ReservedCodeCacheSize                    = 251658240                              {pd product} {ergonomic}
     bool SegmentedCodeCache                       = true                                      {product} {ergonomic}
   size_t SoftMaxHeapSize                          = 4278190080                             {manageable} {ergonomic}
     bool UseCompressedClassPointers               = true                                 {lp64_product} {ergonomic}
     bool UseCompressedOops                        = true                                 {lp64_product} {ergonomic}
     bool UseG1GC                                  = true                                      {product} {ergonomic}
     bool UseLargePagesIndividualAllocation        = false                                  {pd product} {ergonomic}

Logging:
Log output configuration:
 #0: stdout all=warning uptime,level,tags
 #1: stderr all=off uptime,level,tags

Environment Variables:
PATH=C:/Program Files/Java/jdk-13.0.1/bin/server;C:/Program Files/Java/jdk-13.0.1/bin;C:\Program Files (x86)\Common Files\Oracle\Java\javapath;C:\Program Files (x86)\Razer Chroma SDK\bin;C:\Program Files\Razer Chroma SDK\bin;C:\WINDOWS\system32;C:\WINDOWS;C:\WINDOWS\System32\Wbem;C:\WINDOWS\System32\WindowsPowerShell\v1.0\;C:\Program Files (x86)\NVIDIA Corporation\PhysX\Common;C:\WINDOWS\system32;C:\WINDOWS;C:\WINDOWS\System32\Wbem;C:\WINDOWS\System32\WindowsPowerShell\v1.0\;C:\WINDOWS\System32\OpenSSH\;C:\WINDOWS\system32\config\systemprofile\AppData\Local\Microsoft\WindowsApps;;C:\Program Files\NVIDIA Corporation\NVIDIA NvDLISR;C:\Program Files\MySQL\MySQL Utilities 1.6\;C:\Program Files\PuTTY\;C:\Users\ndrew\AppData\Local\Microsoft\WindowsApps;;C:\WINDOWS\system32;
USERNAME=ndrew
OS=Windows_NT
PROCESSOR_IDENTIFIER=AMD64 Family 23 Model 1 Stepping 1, AuthenticAMD



---------------  S Y S T E M  ---------------

OS: Windows 10 , 64 bit Build 17134 (10.0.17134.753)

CPU:total 12 (initial active 12) (12 cores per cpu, 2 threads per core) family 23 model 1 stepping 1, cmov, cx8, fxsr, mmx, sse, sse2, sse3, ssse3, sse4.1, sse4.2, popcnt, avx, avx2, aes, clmul, mmxext, 3dnowpref, lzcnt, sse4a, ht, tsc, tscinvbit, tscinv, bmi1, bmi2, adx, sha, fma

Memory: 4k page, system-wide physical 16314M (8505M free)
TotalPageFile size 30138M (AvailPageFile size 14736M)
current process WorkingSet (physical memory assigned to process): 137M, peak: 137M
current process commit charge ("private bytes"): 459M, peak: 459M

vm_info: Java HotSpot(TM) 64-Bit Server VM (13.0.1+9) for windows-amd64 JRE (13.0.1+9), built on Oct  6 2019 12:37:49 by "mach5one" with unknown MS VC++:1916

END.
